:3:rocdevice.cpp            :416 : 954702021445 us: 1928843: [tid:0x7f34b5b638c0] Initializing HSA stack.
:3:comgrctx.cpp             :33  : 954702064383 us: 1928843: [tid:0x7f34b5b638c0] Loading COMGR library.
:3:rocdevice.cpp            :207 : 954702064425 us: 1928843: [tid:0x7f34b5b638c0] Numa selects cpu agent[0]=0xc372a0(fine=0xc4e440,coarse=0xd266b0) for gpu agent=0xd40790
:3:rocdevice.cpp            :1611: 954702076674 us: 1928843: [tid:0x7f34b5b638c0] HMM support: 1, xnack: 0, direct host access: 0

:4:rocdevice.cpp            :1918: 954702077198 us: 1928843: [tid:0x7f34b5b638c0] Allocate hsa host memory 0x7f34aa600000, size 0x101000
:4:rocdevice.cpp            :1918: 954702078167 us: 1928843: [tid:0x7f34b5b638c0] Allocate hsa host memory 0x7f34aa400000, size 0x101000
:4:rocdevice.cpp            :2054: 954702078539 us: 1928843: [tid:0x7f34b5b638c0] Allocate hsa device memory 0x7f34aa000000, size 0x100000
:3:rocdevice.cpp            :207 : 954702078563 us: 1928843: [tid:0x7f34b5b638c0] Numa selects cpu agent[0]=0xc372a0(fine=0xc4e440,coarse=0xd266b0) for gpu agent=0xd44980
:3:rocdevice.cpp            :1611: 954702078699 us: 1928843: [tid:0x7f34b5b638c0] HMM support: 1, xnack: 0, direct host access: 0

:4:rocdevice.cpp            :1918: 954702078727 us: 1928843: [tid:0x7f34b5b638c0] Allocate hsa host memory 0x7f34b5a89000, size 0x50
:4:rocdevice.cpp            :1918: 954702079267 us: 1928843: [tid:0x7f34b5b638c0] Allocate hsa host memory 0x7f34a9e00000, size 0x101000
:4:rocdevice.cpp            :1918: 954702080083 us: 1928843: [tid:0x7f34b5b638c0] Allocate hsa host memory 0x7f34a9c00000, size 0x101000
:4:rocdevice.cpp            :2054: 954702080444 us: 1928843: [tid:0x7f34b5b638c0] Allocate hsa device memory 0x7f34a9800000, size 0x100000
:4:runtime.cpp              :83  : 954702080450 us: 1928843: [tid:0x7f34b5b638c0] init
:3:hip_context.cpp          :50  : 954702080453 us: 1928843: [tid:0x7f34b5b638c0] Direct Dispatch: 1
:3:rocdevice.cpp            :2686: 954702080474 us: 1928843: [tid:0x7f34b5b638c0] number of allocated hardware queues with low priority: 0, with normal priority: 0, with high priority: 0, maximum per priority is: 4
:3:rocdevice.cpp            :2757: 954702130034 us: 1928843: [tid:0x7f34b5b638c0] created hardware queue 0x7f34b5a6c000 with size 4096 with priority 1, cooperative: 0
:4:rocdevice.cpp            :1918: 954702130335 us: 1928843: [tid:0x7f34b5b638c0] Allocate hsa host memory 0x7f34aa300000, size 0x80000
:3:devprogram.cpp           :2675: 954702485962 us: 1928843: [tid:0x7f34b5b638c0] Using Code Object V4.
:3:devprogram.cpp           :2978: 954702507669 us: 1928843: [tid:0x7f34b5b638c0] For Init/Fini: Kernel Name: __amd_rocclr_fillImage
:3:devprogram.cpp           :2978: 954702507677 us: 1928843: [tid:0x7f34b5b638c0] For Init/Fini: Kernel Name: __amd_rocclr_fillBufferAligned2D
:3:devprogram.cpp           :2978: 954702507679 us: 1928843: [tid:0x7f34b5b638c0] For Init/Fini: Kernel Name: __amd_rocclr_fillBufferAligned
:3:devprogram.cpp           :2978: 954702507682 us: 1928843: [tid:0x7f34b5b638c0] For Init/Fini: Kernel Name: __amd_rocclr_copyImage1DA
:3:devprogram.cpp           :2978: 954702507684 us: 1928843: [tid:0x7f34b5b638c0] For Init/Fini: Kernel Name: __amd_rocclr_copyBufferAligned
:3:devprogram.cpp           :2978: 954702507686 us: 1928843: [tid:0x7f34b5b638c0] For Init/Fini: Kernel Name: __amd_rocclr_streamOpsWait
:3:devprogram.cpp           :2978: 954702507688 us: 1928843: [tid:0x7f34b5b638c0] For Init/Fini: Kernel Name: __amd_rocclr_copyBuffer
:3:devprogram.cpp           :2978: 954702507690 us: 1928843: [tid:0x7f34b5b638c0] For Init/Fini: Kernel Name: __amd_rocclr_streamOpsWrite
:3:devprogram.cpp           :2978: 954702507692 us: 1928843: [tid:0x7f34b5b638c0] For Init/Fini: Kernel Name: __amd_rocclr_copyBufferRectAligned
:3:devprogram.cpp           :2978: 954702507694 us: 1928843: [tid:0x7f34b5b638c0] For Init/Fini: Kernel Name: __amd_rocclr_gwsInit
:3:devprogram.cpp           :2978: 954702507695 us: 1928843: [tid:0x7f34b5b638c0] For Init/Fini: Kernel Name: __amd_rocclr_copyBufferRect
:3:devprogram.cpp           :2978: 954702507697 us: 1928843: [tid:0x7f34b5b638c0] For Init/Fini: Kernel Name: __amd_rocclr_copyImageToBuffer
:3:devprogram.cpp           :2978: 954702507699 us: 1928843: [tid:0x7f34b5b638c0] For Init/Fini: Kernel Name: __amd_rocclr_copyBufferToImage
:3:devprogram.cpp           :2978: 954702507701 us: 1928843: [tid:0x7f34b5b638c0] For Init/Fini: Kernel Name: __amd_rocclr_copyImage
:4:rocmemory.cpp            :941 : 954702507789 us: 1928843: [tid:0x7f34b5b638c0] Locking to pool 0xd266b0, size 0x1000, HostPtr = 0x1242000, DevPtr = 0x7f34b5a46000
:3:hip_stream.cpp           :375 : 954702507907 us: 1928843: [tid:0x7f34b5b638c0] hipStreamCreate: Returned hipSuccess : stream:0xd774a0
:3:hip_stream.cpp           :369 : 954702507916 us: 1928843: [tid:0x7f34b5b638c0] [32mhipStreamCreate ( 0x7ffe9fe52060 )[0m
:3:rocdevice.cpp            :2686: 954702507921 us: 1928843: [tid:0x7f34b5b638c0] number of allocated hardware queues with low priority: 0, with normal priority: 1, with high priority: 0, maximum per priority is: 4
:3:rocdevice.cpp            :2757: 954702533692 us: 1928843: [tid:0x7f34b5b638c0] created hardware queue 0x7f34b59cd000 with size 4096 with priority 1, cooperative: 0
:4:rocdevice.cpp            :1918: 954702533982 us: 1928843: [tid:0x7f34b5b638c0] Allocate hsa host memory 0x7f34a9b00000, size 0x80000
:4:rocmemory.cpp            :941 : 954702534347 us: 1928843: [tid:0x7f34b5b638c0] Locking to pool 0xd266b0, size 0x1000, HostPtr = 0x1224000, DevPtr = 0x7f34b59c5000
:3:hip_stream.cpp           :375 : 954702534395 us: 1928843: [tid:0x7f34b5b638c0] hipStreamCreate: Returned hipSuccess : stream:0xfa4a70
:3:hip_memory.cpp           :493 : 954702534414 us: 1928843: [tid:0x7f34b5b638c0] [32mhipMalloc ( 0x7ffe9fe52070, 256 )[0m
:4:rocdevice.cpp            :2054: 954702534427 us: 1928843: [tid:0x7f34b5b638c0] Allocate hsa device memory 0x7f34aa100000, size 0x100
:3:rocdevice.cpp            :2093: 954702534431 us: 1928843: [tid:0x7f34b5b638c0] device=0xd4a520, freeMem_ = 0xfeffff00
:3:hip_memory.cpp           :495 : 954702534436 us: 1928843: [tid:0x7f34b5b638c0] hipMalloc: Returned hipSuccess : 0x7f34aa100000: duration: 22 us
:3:hip_platform.cpp         :209 : 954702534444 us: 1928843: [tid:0x7f34b5b638c0] [32m__hipPushCallConfiguration ( {256,1,1}, {1,1,1}, 0, stream:0xd774a0 )[0m
:3:hip_platform.cpp         :213 : 954702534450 us: 1928843: [tid:0x7f34b5b638c0] __hipPushCallConfiguration: Returned hipSuccess : 
:3:hip_platform.cpp         :220 : 954702534456 us: 1928843: [tid:0x7f34b5b638c0] [32m__hipPopCallConfiguration ( {1,0,2120477}, {2,0,2124872}, 0x7ffe9fe52028, 0x7ffe9fe52020 )[0m
:3:hip_platform.cpp         :229 : 954702534459 us: 1928843: [tid:0x7f34b5b638c0] __hipPopCallConfiguration: Returned hipSuccess : 
:3:hip_module.cpp           :508 : 954702534466 us: 1928843: [tid:0x7f34b5b638c0] [32mhipLaunchKernel ( 0x200878, {256,1,1}, {1,1,1}, 0x7ffe9fe52050, 0, stream:0xd774a0 )[0m
:3:devprogram.cpp           :2675: 954702534582 us: 1928843: [tid:0x7f34b5b638c0] Using Code Object V4.
:3:devprogram.cpp           :2978: 954702534886 us: 1928843: [tid:0x7f34b5b638c0] For Init/Fini: Kernel Name: _Z2k2v
:3:devprogram.cpp           :2978: 954702534891 us: 1928843: [tid:0x7f34b5b638c0] For Init/Fini: Kernel Name: _Z2k1v
:3:hip_module.cpp           :365 : 954702534903 us: 1928843: [tid:0x7f34b5b638c0] [32mihipModuleLaunchKernel ( 0x0x12255e0, 256, 1, 1, 1, 1, 1, 0, stream:0xd774a0, 0x7ffe9fe52050, char array:<null>, event:0, event:0, 0, 0 )[0m
:4:command.cpp              :339 : 954702534911 us: 1928843: [tid:0x7f34b5b638c0] command is enqueued: 0xd217a0
:3:rocvirtual.cpp           :2723: 954702534915 us: 1928843: [tid:0x7f34b5b638c0] ShaderName : _Z2k1v
:4:rocvirtual.cpp           :850 : 954702534928 us: 1928843: [tid:0x7f34b5b638c0] HWq=0x7f34b5a6c000, Dispatch Header = 0xb02 (type=2, barrier=1, acquire=1, release=1), setup=3, grid=[256, 1, 1], workgroup=[1, 1, 1], private_seg_size=0, group_seg_size=0, kernel_obj=0x7f34b59c05c0, kernarg_address=0x7f34aa300000, completion_signal=0x0
:3:hip_platform.cpp         :676 : 954702534934 us: 1928843: [tid:0x7f34b5b638c0] ihipLaunchKernel: Returned hipSuccess : 
:3:hip_module.cpp           :509 : 954702534937 us: 1928843: [tid:0x7f34b5b638c0] hipLaunchKernel: Returned hipSuccess : 
:3:hip_platform.cpp         :209 : 954702534942 us: 1928843: [tid:0x7f34b5b638c0] [32m__hipPushCallConfiguration ( {256,1,1}, {1,1,1}, 0, stream:0xfa4a70 )[0m
:3:hip_platform.cpp         :213 : 954702534944 us: 1928843: [tid:0x7f34b5b638c0] __hipPushCallConfiguration: Returned hipSuccess : 
:3:hip_platform.cpp         :220 : 954702534949 us: 1928843: [tid:0x7f34b5b638c0] [32m__hipPopCallConfiguration ( {256,1,1}, {1,1,1}, 0x7ffe9fe52028, 0x7ffe9fe52020 )[0m
:3:hip_platform.cpp         :229 : 954702534951 us: 1928843: [tid:0x7f34b5b638c0] __hipPopCallConfiguration: Returned hipSuccess : 
:3:hip_module.cpp           :508 : 954702534957 us: 1928843: [tid:0x7f34b5b638c0] [32mhipLaunchKernel ( 0x200880, {256,1,1}, {1,1,1}, 0x7ffe9fe52050, 0, stream:0xfa4a70 )[0m
:3:hip_module.cpp           :365 : 954702534966 us: 1928843: [tid:0x7f34b5b638c0] [32mihipModuleLaunchKernel ( 0x0x1225540, 256, 1, 1, 1, 1, 1, 0, stream:0xfa4a70, 0x7ffe9fe52050, char array:<null>, event:0, event:0, 0, 0 )[0m
:4:command.cpp              :339 : 954702534970 us: 1928843: [tid:0x7f34b5b638c0] command is enqueued: 0xfacf40
:3:rocvirtual.cpp           :2723: 954702534972 us: 1928843: [tid:0x7f34b5b638c0] ShaderName : _Z2k2v
:4:rocvirtual.cpp           :850 : 954702534977 us: 1928843: [tid:0x7f34b5b638c0] HWq=0x7f34b59cd000, Dispatch Header = 0xb02 (type=2, barrier=1, acquire=1, release=1), setup=3, grid=[256, 1, 1], workgroup=[1, 1, 1], private_seg_size=0, group_seg_size=0, kernel_obj=0x7f34b59c0600, kernarg_address=0x7f34a9b00000, completion_signal=0x0
:3:hip_platform.cpp         :676 : 954702534980 us: 1928843: [tid:0x7f34b5b638c0] ihipLaunchKernel: Returned hipSuccess : 
:3:hip_module.cpp           :509 : 954702534982 us: 1928843: [tid:0x7f34b5b638c0] hipLaunchKernel: Returned hipSuccess : 
:3:hip_memory.cpp           :536 : 954702534992 us: 1928843: [tid:0x7f34b5b638c0] [32mhipFree ( 0x7f34aa100000 )[0m
:3:rocdevice.cpp            :2686: 954702534998 us: 1928843: [tid:0x7f34b5b638c0] number of allocated hardware queues with low priority: 0, with normal priority: 2, with high priority: 0, maximum per priority is: 4
:3:rocdevice.cpp            :2757: 954702560851 us: 1928843: [tid:0x7f34b5b638c0] created hardware queue 0x7f34b59ba000 with size 4096 with priority 1, cooperative: 0
:4:rocdevice.cpp            :1918: 954702561155 us: 1928843: [tid:0x7f34b5b638c0] Allocate hsa host memory 0x7f34a9700000, size 0x80000
:4:rocmemory.cpp            :941 : 954702561526 us: 1928843: [tid:0x7f34b5b638c0] Locking to pool 0xd266b0, size 0x1000, HostPtr = 0xe77000, DevPtr = 0x7f34b59ac000
:3:rocdevice.cpp            :2636: 954702561575 us: 1928843: [tid:0x7f34b5b638c0] No HW event
:4:command.cpp              :280 : 954702561580 us: 1928843: [tid:0x7f34b5b638c0] queue marker to command queue: 0xd4dcc0
:4:command.cpp              :339 : 954702561583 us: 1928843: [tid:0x7f34b5b638c0] command is enqueued: 0xe72060
:3:rocvirtual.cpp           :434 : 954702561597 us: 1928843: [tid:0x7f34b5b638c0] Set Handler: handle(0x7f34b5b77580), timestamp(0xf89080)
:4:rocvirtual.cpp           :984 : 954702561606 us: 1928843: [tid:0x7f34b5b638c0] HWq=0x7f34b5a6c000, BarrierAND Header = 0x1503 (type=3, barrier=1, acquire=2, release=2), dep_signal=[0x0, 0x0, 0x0, 0x0, 0x0], completion_signal=0x7f34b5b77580
:3:rocdevice.cpp            :2636: 954702561610 us: 1928843: [tid:0x7f34b5b638c0] No HW event
:4:command.cpp              :280 : 954702561625 us: 1928843: [tid:0x7f34b5b638c0] queue marker to command queue: 0xf54430
:4:command.cpp              :339 : 954702561627 us: 1928843: [tid:0x7f34b5b638c0] command is enqueued: 0xe72da0
:3:rocvirtual.cpp           :434 : 954702561633 us: 1928843: [tid:0x7f34b5b638c0] Set Handler: handle(0x7f34b5a43000), timestamp(0xe11780)
:4:rocvirtual.cpp           :984 : 954702561636 us: 1928843: [tid:0x7f34b5b638c0] HWq=0x7f34b59cd000, BarrierAND Header = 0x1503 (type=3, barrier=1, acquire=2, release=2), dep_signal=[0x0, 0x0, 0x0, 0x0, 0x0], completion_signal=0x7f34b5a43000
:4:command.cpp              :339 : 954702561639 us: 1928843: [tid:0x7f34b5b638c0] command is enqueued: 0x12d5af0
:3:rocvirtual.hpp           :62  : 954702561643 us: 1928843: [tid:0x7f34b5b638c0] Host active wait for Signal = (0x7f34b5b77580) for 10000 ns
:3:rocvirtual.hpp           :62  : 954702561665 us: 1928843: [tid:0x7f34b5b638c0] Host active wait for Signal = (0x7f34b5a43000) for 10000 ns
:3:rocvirtual.cpp           :434 : 954702561680 us: 1928843: [tid:0x7f34b5b638c0] Set Handler: handle(0x7f34b59b7a80), timestamp(0x12de590)
:4:rocvirtual.cpp           :984 : 954702561685 us: 1928843: [tid:0x7f34b5b638c0] HWq=0x7f34b59ba000, BarrierAND Header = 0x1503 (type=3, barrier=1, acquire=2, release=2), dep_signal=[0x7f34b5b77580, 0x7f34b5a43000, 0x0, 0x0, 0x0], completion_signal=0x7f34b59b7a80
:3:rocvirtual.hpp           :62  : 954702561688 us: 1928843: [tid:0x7f34b5b638c0] Host active wait for Signal = (0x7f34b59b7a80) for -1 ns
:4:commandqueue.cpp         :140 : 954702601628 us: 1928843: [tid:0x7f34b5b638c0] All commands finished
:4:rocdevice.cpp            :2070: 954702601641 us: 1928843: [tid:0x7f34b5b638c0] Free hsa memory 0x7f34aa100000
:3:rocdevice.cpp            :2093: 954702601643 us: 1928843: [tid:0x7f34b5b638c0] device=0xd4a520, freeMem_ = 0xff000000
:3:hip_memory.cpp           :538 : 954702601648 us: 1928843: [tid:0x7f34b5b638c0] hipFree: Returned hipSuccess : 
:3:devprogram.cpp           :2978: 954702601686 us: 1928843: [tid:0x7f34b5b638c0] For Init/Fini: Kernel Name: _Z2k2v
:3:devprogram.cpp           :2978: 954702601689 us: 1928843: [tid:0x7f34b5b638c0] For Init/Fini: Kernel Name: _Z2k1v
:3:rocvirtual.cpp           :194 : 954702601789 us: 1928843: [tid:0x7f34aafb5700] Handler: value(0), timestamp(0xe76b30), handle(0x7f34b5b77580)
:4:command.cpp              :170 : 954702601805 us: 1928843: [tid:0x7f34aafb5700] Command 0xd217a0 complete
:4:command.cpp              :168 : 954702601809 us: 1928843: [tid:0x7f34aafb5700] Command 0xe72060 complete (Wall: 954702601808, CPU: 0, GPU: 40222 us)
:3:rocvirtual.cpp           :194 : 954702601812 us: 1928843: [tid:0x7f34aafb5700] Handler: value(0), timestamp(0xe76cd0), handle(0x7f34b59b7a80)
:4:command.cpp              :168 : 954702601816 us: 1928843: [tid:0x7f34aafb5700] Command 0x12d5af0 complete (Wall: 954702601815, CPU: 0, GPU: 40172 us)
:3:rocvirtual.cpp           :194 : 954702601821 us: 1928843: [tid:0x7f34aafb5700] Handler: value(0), timestamp(0xe76c00), handle(0x7f34b5a43000)
:4:command.cpp              :170 : 954702601824 us: 1928843: [tid:0x7f34aafb5700] Command 0xfacf40 complete
:4:command.cpp              :168 : 954702601942 us: 1928843: [tid:0x7f34aafb5700] Command 0xe72da0 complete (Wall: 954702601940, CPU: 0, GPU: 40311 us)
