env_nocopy_str: 
Setting N to 256MB...
:3:rocdevice.cpp            :416 : 305361457588 us: 24854: [tid:0x7fb15e9c2080] Initializing HSA stack.
GG: GetEnvVar(HSA_ENABLED_SDMA): 0
GG: enable_sdma_: 0
GG: GetEnvVar(HSA_ENABLED_SDMA): 0
GG: enable_sdma_: 0
GG: GpuAgent.constructor, entered...
 GG: !HSA_LARGE_MODEL enabled and defined(__linux__)
  GG: max_queues_ : 128
GG: GpuAgent.constructor, entered...
 GG: !HSA_LARGE_MODEL enabled and defined(__linux__)
  GG: max_queues_ : 128
GG: GpuAgent.constructor, entered...
 GG: !HSA_LARGE_MODEL enabled and defined(__linux__)
  GG: max_queues_ : 128
GG: GpuAgent.constructor, entered...
 GG: !HSA_LARGE_MODEL enabled and defined(__linux__)
  GG: max_queues_ : 128
GG: InitDma: entered...
  GG: calling queue_lambda...
  GG: determine/instantiat No. of blit objs to engage...
  GG: Init blit objs used for D2D/H2D/D2H/P2P ops...
  GG: calling blit_lambda...
  GG: InitGWS...
GG: InitDma: entered...
  GG: calling queue_lambda...
  GG: determine/instantiat No. of blit objs to engage...
  GG: Init blit objs used for D2D/H2D/D2H/P2P ops...
  GG: calling blit_lambda...
  GG: InitGWS...
GG: InitDma: entered...
  GG: calling queue_lambda...
  GG: determine/instantiat No. of blit objs to engage...
  GG: Init blit objs used for D2D/H2D/D2H/P2P ops...
  GG: calling blit_lambda...
  GG: InitGWS...
GG: InitDma: entered...
  GG: calling queue_lambda...
  GG: determine/instantiat No. of blit objs to engage...
  GG: Init blit objs used for D2D/H2D/D2H/P2P ops...
  GG: calling blit_lambda...
  GG: InitGWS...
:3:comgrctx.cpp             :33  : 305361545661 us: 24854: [tid:0x7fb15e9c2080] Loading COMGR library.
:3:rocdevice.cpp            :207 : 305361545731 us: 24854: [tid:0x7fb15e9c2080] Numa selects cpu agent[0]=0xe5b2a0(fine=0xe72440,coarse=0xf4bb80) for gpu agent=0xf4f5b0
:3:rocdevice.cpp            :1611: 305361546027 us: 24854: [tid:0x7fb15e9c2080] HMM support: 1, xnack: 0, direct host access: 0

:4:rocdevice.cpp            :1918: 305361546410 us: 24854: [tid:0x7fb15e9c2080] Allocate hsa host memory 0x7fb013400000, size 0x101000
:4:rocdevice.cpp            :1918: 305361546852 us: 24854: [tid:0x7fb15e9c2080] Allocate hsa host memory 0x7fb013200000, size 0x101000
:4:rocdevice.cpp            :2054: 305361546921 us: 24854: [tid:0x7fb15e9c2080] Allocate hsa device memory 0x7fb012e00000, size 0x100000
:3:rocdevice.cpp            :207 : 305361546948 us: 24854: [tid:0x7fb15e9c2080] Numa selects cpu agent[0]=0xe5b2a0(fine=0xe72440,coarse=0xf4bb80) for gpu agent=0xfdef60
:3:rocdevice.cpp            :1611: 305361547066 us: 24854: [tid:0x7fb15e9c2080] HMM support: 1, xnack: 0, direct host access: 0

:4:rocdevice.cpp            :1918: 305361547406 us: 24854: [tid:0x7fb15e9c2080] Allocate hsa host memory 0x7fb012c00000, size 0x101000
:4:rocdevice.cpp            :1918: 305361547805 us: 24854: [tid:0x7fb15e9c2080] Allocate hsa host memory 0x7fb012a00000, size 0x101000
:4:rocdevice.cpp            :2054: 305361547870 us: 24854: [tid:0x7fb15e9c2080] Allocate hsa device memory 0x7fb012600000, size 0x100000
:3:rocdevice.cpp            :207 : 305361547897 us: 24854: [tid:0x7fb15e9c2080] Numa selects cpu agent[0]=0xe5b2a0(fine=0xe72440,coarse=0xf4bb80) for gpu agent=0xfe3330
:3:rocdevice.cpp            :1611: 305361548009 us: 24854: [tid:0x7fb15e9c2080] HMM support: 1, xnack: 0, direct host access: 0

:4:rocdevice.cpp            :1918: 305361548319 us: 24854: [tid:0x7fb15e9c2080] Allocate hsa host memory 0x7fb012400000, size 0x101000
:4:rocdevice.cpp            :1918: 305361548649 us: 24854: [tid:0x7fb15e9c2080] Allocate hsa host memory 0x7fb012200000, size 0x101000
:4:rocdevice.cpp            :2054: 305361548712 us: 24854: [tid:0x7fb15e9c2080] Allocate hsa device memory 0x7fb011e00000, size 0x100000
:3:rocdevice.cpp            :207 : 305361548741 us: 24854: [tid:0x7fb15e9c2080] Numa selects cpu agent[0]=0xe5b2a0(fine=0xe72440,coarse=0xf4bb80) for gpu agent=0xfe7710
:3:rocdevice.cpp            :1611: 305361548851 us: 24854: [tid:0x7fb15e9c2080] HMM support: 1, xnack: 0, direct host access: 0

:4:rocdevice.cpp            :1918: 305361548884 us: 24854: [tid:0x7fb15e9c2080] Allocate hsa host memory 0x7fb15e822000, size 0xa0
:4:rocdevice.cpp            :1918: 305361549207 us: 24854: [tid:0x7fb15e9c2080] Allocate hsa host memory 0x7fb011c00000, size 0x101000
:4:rocdevice.cpp            :1918: 305361549549 us: 24854: [tid:0x7fb15e9c2080] Allocate hsa host memory 0x7fb011a00000, size 0x101000
:4:rocdevice.cpp            :2054: 305361549614 us: 24854: [tid:0x7fb15e9c2080] Allocate hsa device memory 0x7fb011600000, size 0x100000
:4:runtime.cpp              :83  : 305361549623 us: 24854: [tid:0x7fb15e9c2080] init
:3:hip_context.cpp          :50  : 305361549627 us: 24854: [tid:0x7fb15e9c2080] Direct Dispatch: 1
:4:rocdevice.cpp            :2054: 305361549707 us: 24854: [tid:0x7fb15e9c2080] Allocate hsa device memory 0x7faccb800000, size 0x40000000
:3:rocdevice.cpp            :2093: 305361549712 us: 24854: [tid:0x7fb15e9c2080] device=0xfee6b0, freeMem_ = 0xbf000000
:3:hip_memory.cpp           :496 : 305361549720 us: 24854: [tid:0x7fb15e9c2080] hipMalloc: Returned hipSuccess : 0x7faccb800000
:3:hip_memory.cpp           :556 : 305361653556 us: 24854: [tid:0x7fb15e9c2080] [32mhipMemcpy ( 0x7faccb800000, 0x7fb113e7d010, 1073741824, hipMemcpyHostToDevice )[0m
:3:rocdevice.cpp            :2686: 305361653614 us: 24854: [tid:0x7fb15e9c2080] number of allocated hardware queues with low priority: 0, with normal priority: 0, with high priority: 0, maximum per priority is: 4
hipMemcpy.start.
GG: queue_lambda entered: 
GG: CpuAgent::CreateInterceptibleQueue entered...
:3:rocdevice.cpp            :2757: 305361669202 us: 24854: [tid:0x7fb15e9c2080] created hardware queue 0x7fb15e812000 with size 4096 with priority 1, cooperative: 0
:4:rocdevice.cpp            :1918: 305361669390 us: 24854: [tid:0x7fb15e9c2080] Allocate hsa host memory 0x7fb013100000, size 0x80000
:3:devprogram.cpp           :2675: 305361816540 us: 24854: [tid:0x7fb15e9c2080] Using Code Object V4.
GG: DmaCopy(dst, src, size)..entered.
GG: GpuAgent::CreateBlitKernel() entered...
GG: BlitKernel::SubmitLinearCopyCommand(dst, src, size): entered.
GG: BlitKernel::SubmitLinearCopyCommand(dst, src, size, dep_signals, out_signal): entered.
dst, src: 0x7fb113674000,0x7fb11366c000size: 20592
  GG: total_num_packet: 1
GG: BlitKernel::PopulateQueue: entered.
:3:devprogram.cpp           :2978: 305361817736 us: 24854: [tid:0x7fb15e9c2080] For Init/Fini: Kernel Name: __amd_rocclr_copyBufferAligned
:3:devprogram.cpp           :2978: 305361817741 us: 24854: [tid:0x7fb15e9c2080] For Init/Fini: Kernel Name: __amd_rocclr_streamOpsWait
:3:devprogram.cpp           :2978: 305361817743 us: 24854: [tid:0x7fb15e9c2080] For Init/Fini: Kernel Name: __amd_rocclr_copyBuffer
:3:devprogram.cpp           :2978: 305361817744 us: 24854: [tid:0x7fb15e9c2080] For Init/Fini: Kernel Name: __amd_rocclr_streamOpsWrite
:3:devprogram.cpp           :2978: 305361817746 us: 24854: [tid:0x7fb15e9c2080] For Init/Fini: Kernel Name: __amd_rocclr_copyBufferRectAligned
:3:devprogram.cpp           :2978: 305361817748 us: 24854: [tid:0x7fb15e9c2080] For Init/Fini: Kernel Name: __amd_rocclr_gwsInit
:3:devprogram.cpp           :2978: 305361817749 us: 24854: [tid:0x7fb15e9c2080] For Init/Fini: Kernel Name: __amd_rocclr_copyBufferRect
:3:devprogram.cpp           :2978: 305361817751 us: 24854: [tid:0x7fb15e9c2080] For Init/Fini: Kernel Name: __amd_rocclr_fillBufferAligned
:3:devprogram.cpp           :2978: 305361817752 us: 24854: [tid:0x7fb15e9c2080] For Init/Fini: Kernel Name: __amd_rocclr_fillBufferAligned2D
:4:rocmemory.cpp            :941 : 305361817807 us: 24854: [tid:0x7fb15e9c2080] Locking to pool 0xf4bb80, size 0x1000, HostPtr = 0x10ca000, DevPtr = 0x7fb113668000
:3:hip_memory.cpp           :327 : 305361817895 us: 24854: [tid:0x7fb15e9c2080] GG: ihipMemcpyCommand entered.
:4:command.cpp              :339 : 305361817901 us: 24854: [tid:0x7fb15e9c2080] command is enqueued: 0x10fc8a0
:4:rocmemory.cpp            :941 : 305361818441 us: 24854: [tid:0x7fb15e9c2080] Locking to pool 0xf4bb80, size 0x2001000, HostPtr = 0x7fb113e7d000, DevPtr = 0x7facc0600000
:4:rocblit.cpp              :668 : 305361818452 us: 24854: [tid:0x7fb15e9c2080] HSA Asycn Copy wait_event=0x0, completion_signal=0x7fb15e845480
GG; hsa_amd_memory_async_copy: entered...
GG: Runtime::CopyMemory.(2)
GG: DmaCopy(dst, dst_agent, src, src_agent, size, dep_signals, out_signal)..entered.
GG: blit_lambda entered: use_xgmi: 0, isHostToDev: 1
  GG: use_sdma after checking gfx8/1013: 1
 GG: use_sdma after checking sdma_override: 0
GG: queue_lambda entered: 
GG: CpuAgent::CreateInterceptibleQueue entered...
GG: GpuAgent::CreateBlitKernel() entered...
GG: BlitKernel::SubmitLinearCopyCommand(dst, src, size, dep_signals, out_signal): entered.
dst, src: 0x7faccb800000,0x7facc0600010size: 33558512
  GG: total_num_packet: 1
GG: BlitKernel::PopulateQueue: entered.
:4:rocvirtual.cpp           :524 : 305361826083 us: 24854: [tid:0x7fb15e9c2080] Host wait on completion_signal=0x7fb15e845480
:3:rocvirtual.hpp           :62  : 305361826097 us: 24854: [tid:0x7fb15e9c2080] Host active wait for Signal = (0x7fb15e845480) for -1 ns
:4:rocmemory.cpp            :941 : 305361833453 us: 24854: [tid:0x7fb15e9c2080] Locking to pool 0xf4bb80, size 0x2000000, HostPtr = 0x7fb115e7e000, DevPtr = 0x7facc0600000
:4:rocblit.cpp              :668 : 305361833465 us: 24854: [tid:0x7fb15e9c2080] HSA Asycn Copy wait_event=0x0, completion_signal=0x7fb15e845400
GG; hsa_amd_memory_async_copy: entered...
GG: Runtime::CopyMemory.(2)
GG: DmaCopy(dst, dst_agent, src, src_agent, size, dep_signals, out_signal)..entered.
GG: BlitKernel::SubmitLinearCopyCommand(dst, src, size, dep_signals, out_signal): entered.
dst, src: 0x7faccd800ff0,0x7facc0600000size: 33554432
  GG: total_num_packet: 1
GG: BlitKernel::PopulateQueue: entered.
:4:rocvirtual.cpp           :524 : 305361833476 us: 24854: [tid:0x7fb15e9c2080] Host wait on completion_signal=0x7fb15e845400
:3:rocvirtual.hpp           :62  : 305361833478 us: 24854: [tid:0x7fb15e9c2080] Host active wait for Signal = (0x7fb15e845400) for -1 ns
:4:rocmemory.cpp            :941 : 305361835771 us: 24854: [tid:0x7fb15e9c2080] Locking to pool 0xf4bb80, size 0x2000000, HostPtr = 0x7fb117e7e000, DevPtr = 0x7facc0600000
:4:rocblit.cpp              :668 : 305361835778 us: 24854: [tid:0x7fb15e9c2080] HSA Asycn Copy wait_event=0x0, completion_signal=0x7fb15e845380
GG; hsa_amd_memory_async_copy: entered...
GG: Runtime::CopyMemory.(2)
GG: DmaCopy(dst, dst_agent, src, src_agent, size, dep_signals, out_signal)..entered.
GG: BlitKernel::SubmitLinearCopyCommand(dst, src, size, dep_signals, out_signal): entered.
dst, src: 0x7faccf800ff0,0x7facc0600000size: 33554432
  GG: total_num_packet: 1
GG: BlitKernel::PopulateQueue: entered.
:4:rocvirtual.cpp           :524 : 305361835787 us: 24854: [tid:0x7fb15e9c2080] Host wait on completion_signal=0x7fb15e845380
:3:rocvirtual.hpp           :62  : 305361835789 us: 24854: [tid:0x7fb15e9c2080] Host active wait for Signal = (0x7fb15e845380) for -1 ns
:4:rocmemory.cpp            :941 : 305361837966 us: 24854: [tid:0x7fb15e9c2080] Locking to pool 0xf4bb80, size 0x2000000, HostPtr = 0x7fb119e7e000, DevPtr = 0x7facc0600000
:4:rocblit.cpp              :668 : 305361837974 us: 24854: [tid:0x7fb15e9c2080] HSA Asycn Copy wait_event=0x0, completion_signal=0x7fb15e845300
GG; hsa_amd_memory_async_copy: entered...
GG: Runtime::CopyMemory.(2)
GG: DmaCopy(dst, dst_agent, src, src_agent, size, dep_signals, out_signal)..entered.
GG: BlitKernel::SubmitLinearCopyCommand(dst, src, size, dep_signals, out_signal): entered.
dst, src: 0x7facd1800ff0,0x7facc0600000size: 33554432
  GG: total_num_packet: 1
GG: BlitKernel::PopulateQueue: entered.
:4:rocvirtual.cpp           :524 : 305361837982 us: 24854: [tid:0x7fb15e9c2080] Host wait on completion_signal=0x7fb15e845300
:3:rocvirtual.hpp           :62  : 305361837984 us: 24854: [tid:0x7fb15e9c2080] Host active wait for Signal = (0x7fb15e845300) for -1 ns
:4:rocmemory.cpp            :941 : 305361840217 us: 24854: [tid:0x7fb15e9c2080] Locking to pool 0xf4bb80, size 0x2000000, HostPtr = 0x7fb11be7e000, DevPtr = 0x7facc0600000
:4:rocblit.cpp              :668 : 305361840223 us: 24854: [tid:0x7fb15e9c2080] HSA Asycn Copy wait_event=0x0, completion_signal=0x7fb15e845280
GG; hsa_amd_memory_async_copy: entered...
GG: Runtime::CopyMemory.(2)
GG: DmaCopy(dst, dst_agent, src, src_agent, size, dep_signals, out_signal)..entered.
GG: BlitKernel::SubmitLinearCopyCommand(dst, src, size, dep_signals, out_signal): entered.
dst, src: 0x7facd3800ff0,0x7facc0600000size: 33554432
  GG: total_num_packet: 1
GG: BlitKernel::PopulateQueue: entered.
:4:rocvirtual.cpp           :524 : 305361840231 us: 24854: [tid:0x7fb15e9c2080] Host wait on completion_signal=0x7fb15e845280
:3:rocvirtual.hpp           :62  : 305361840233 us: 24854: [tid:0x7fb15e9c2080] Host active wait for Signal = (0x7fb15e845280) for -1 ns
:4:rocmemory.cpp            :941 : 305361842402 us: 24854: [tid:0x7fb15e9c2080] Locking to pool 0xf4bb80, size 0x2000000, HostPtr = 0x7fb11de7e000, DevPtr = 0x7facc0600000
:4:rocblit.cpp              :668 : 305361842409 us: 24854: [tid:0x7fb15e9c2080] HSA Asycn Copy wait_event=0x0, completion_signal=0x7fb15e845200
GG; hsa_amd_memory_async_copy: entered...
GG: Runtime::CopyMemory.(2)
GG: DmaCopy(dst, dst_agent, src, src_agent, size, dep_signals, out_signal)..entered.
GG: BlitKernel::SubmitLinearCopyCommand(dst, src, size, dep_signals, out_signal): entered.
dst, src: 0x7facd5800ff0,0x7facc0600000size: 33554432
  GG: total_num_packet: 1
GG: BlitKernel::PopulateQueue: entered.
:4:rocvirtual.cpp           :524 : 305361842417 us: 24854: [tid:0x7fb15e9c2080] Host wait on completion_signal=0x7fb15e845200
:3:rocvirtual.hpp           :62  : 305361842419 us: 24854: [tid:0x7fb15e9c2080] Host active wait for Signal = (0x7fb15e845200) for -1 ns
:4:rocmemory.cpp            :941 : 305361845119 us: 24854: [tid:0x7fb15e9c2080] Locking to pool 0xf4bb80, size 0x2000000, HostPtr = 0x7fb11fe7e000, DevPtr = 0x7facc0600000
:4:rocblit.cpp              :668 : 305361845128 us: 24854: [tid:0x7fb15e9c2080] HSA Asycn Copy wait_event=0x0, completion_signal=0x7fb15e845180
GG; hsa_amd_memory_async_copy: entered...
GG: Runtime::CopyMemory.(2)
GG: DmaCopy(dst, dst_agent, src, src_agent, size, dep_signals, out_signal)..entered.
GG: BlitKernel::SubmitLinearCopyCommand(dst, src, size, dep_signals, out_signal): entered.
dst, src: 0x7facd7800ff0,0x7facc0600000size: 33554432
  GG: total_num_packet: 1
GG: BlitKernel::PopulateQueue: entered.
:4:rocvirtual.cpp           :524 : 305361845136 us: 24854: [tid:0x7fb15e9c2080] Host wait on completion_signal=0x7fb15e845180
:3:rocvirtual.hpp           :62  : 305361845146 us: 24854: [tid:0x7fb15e9c2080] Host active wait for Signal = (0x7fb15e845180) for -1 ns
:4:rocmemory.cpp            :941 : 305361847296 us: 24854: [tid:0x7fb15e9c2080] Locking to pool 0xf4bb80, size 0x2000000, HostPtr = 0x7fb121e7e000, DevPtr = 0x7facc0600000
:4:rocblit.cpp              :668 : 305361847305 us: 24854: [tid:0x7fb15e9c2080] HSA Asycn Copy wait_event=0x0, completion_signal=0x7fb15e845100
GG; hsa_amd_memory_async_copy: entered...
GG: Runtime::CopyMemory.(2)
GG: DmaCopy(dst, dst_agent, src, src_agent, size, dep_signals, out_signal)..entered.
GG: BlitKernel::SubmitLinearCopyCommand(dst, src, size, dep_signals, out_signal): entered.
dst, src: 0x7facd9800ff0,0x7facc0600000size: 33554432
  GG: total_num_packet: 1
GG: BlitKernel::PopulateQueue: entered.
:4:rocvirtual.cpp           :524 : 305361847315 us: 24854: [tid:0x7fb15e9c2080] Host wait on completion_signal=0x7fb15e845100
:3:rocvirtual.hpp           :62  : 305361847317 us: 24854: [tid:0x7fb15e9c2080] Host active wait for Signal = (0x7fb15e845100) for -1 ns
:4:rocmemory.cpp            :941 : 305361849449 us: 24854: [tid:0x7fb15e9c2080] Locking to pool 0xf4bb80, size 0x2000000, HostPtr = 0x7fb123e7e000, DevPtr = 0x7facc0600000
:4:rocblit.cpp              :668 : 305361849456 us: 24854: [tid:0x7fb15e9c2080] HSA Asycn Copy wait_event=0x0, completion_signal=0x7fb15e845080
GG; hsa_amd_memory_async_copy: entered...
GG: Runtime::CopyMemory.(2)
GG: DmaCopy(dst, dst_agent, src, src_agent, size, dep_signals, out_signal)..entered.
GG: BlitKernel::SubmitLinearCopyCommand(dst, src, size, dep_signals, out_signal): entered.
dst, src: 0x7facdb800ff0,0x7facc0600000size: 33554432
  GG: total_num_packet: 1
GG: BlitKernel::PopulateQueue: entered.
:4:rocvirtual.cpp           :524 : 305361849464 us: 24854: [tid:0x7fb15e9c2080] Host wait on completion_signal=0x7fb15e845080
:3:rocvirtual.hpp           :62  : 305361849466 us: 24854: [tid:0x7fb15e9c2080] Host active wait for Signal = (0x7fb15e845080) for -1 ns
:4:rocmemory.cpp            :941 : 305361851630 us: 24854: [tid:0x7fb15e9c2080] Locking to pool 0xf4bb80, size 0x2000000, HostPtr = 0x7fb125e7e000, DevPtr = 0x7facc0600000
:4:rocblit.cpp              :668 : 305361851636 us: 24854: [tid:0x7fb15e9c2080] HSA Asycn Copy wait_event=0x0, completion_signal=0x7fb15e845000
GG; hsa_amd_memory_async_copy: entered...
GG: Runtime::CopyMemory.(2)
GG: DmaCopy(dst, dst_agent, src, src_agent, size, dep_signals, out_signal)..entered.
GG: BlitKernel::SubmitLinearCopyCommand(dst, src, size, dep_signals, out_signal): entered.
dst, src: 0x7facdd800ff0,0x7facc0600000size: 33554432
  GG: total_num_packet: 1
GG: BlitKernel::PopulateQueue: entered.
:4:rocvirtual.cpp           :524 : 305361851644 us: 24854: [tid:0x7fb15e9c2080] Host wait on completion_signal=0x7fb15e845000
:3:rocvirtual.hpp           :62  : 305361851646 us: 24854: [tid:0x7fb15e9c2080] Host active wait for Signal = (0x7fb15e845000) for -1 ns
:4:rocmemory.cpp            :941 : 305361853788 us: 24854: [tid:0x7fb15e9c2080] Locking to pool 0xf4bb80, size 0x2000000, HostPtr = 0x7fb127e7e000, DevPtr = 0x7facc0600000
:4:rocblit.cpp              :668 : 305361853795 us: 24854: [tid:0x7fb15e9c2080] HSA Asycn Copy wait_event=0x0, completion_signal=0x7fb113665f80
GG; hsa_amd_memory_async_copy: entered...
GG: Runtime::CopyMemory.(2)
GG: DmaCopy(dst, dst_agent, src, src_agent, size, dep_signals, out_signal)..entered.
GG: BlitKernel::SubmitLinearCopyCommand(dst, src, size, dep_signals, out_signal): entered.
dst, src: 0x7facdf800ff0,0x7facc0600000size: 33554432
  GG: total_num_packet: 1
GG: BlitKernel::PopulateQueue: entered.
:4:rocvirtual.cpp           :524 : 305361853803 us: 24854: [tid:0x7fb15e9c2080] Host wait on completion_signal=0x7fb113665f80
:3:rocvirtual.hpp           :62  : 305361853805 us: 24854: [tid:0x7fb15e9c2080] Host active wait for Signal = (0x7fb113665f80) for -1 ns
:4:rocmemory.cpp            :941 : 305361856350 us: 24854: [tid:0x7fb15e9c2080] Locking to pool 0xf4bb80, size 0x2000000, HostPtr = 0x7fb129e7e000, DevPtr = 0x7facc0600000
:4:rocblit.cpp              :668 : 305361856358 us: 24854: [tid:0x7fb15e9c2080] HSA Asycn Copy wait_event=0x0, completion_signal=0x7fb113665f00
GG; hsa_amd_memory_async_copy: entered...
GG: Runtime::CopyMemory.(2)
GG: DmaCopy(dst, dst_agent, src, src_agent, size, dep_signals, out_signal)..entered.
GG: BlitKernel::SubmitLinearCopyCommand(dst, src, size, dep_signals, out_signal): entered.
dst, src: 0x7face1800ff0,0x7facc0600000size: 33554432
  GG: total_num_packet: 1
GG: BlitKernel::PopulateQueue: entered.
:4:rocvirtual.cpp           :524 : 305361856367 us: 24854: [tid:0x7fb15e9c2080] Host wait on completion_signal=0x7fb113665f00
:3:rocvirtual.hpp           :62  : 305361856369 us: 24854: [tid:0x7fb15e9c2080] Host active wait for Signal = (0x7fb113665f00) for -1 ns
:4:rocmemory.cpp            :941 : 305361858501 us: 24854: [tid:0x7fb15e9c2080] Locking to pool 0xf4bb80, size 0x2000000, HostPtr = 0x7fb12be7e000, DevPtr = 0x7facc0600000
:4:rocblit.cpp              :668 : 305361858507 us: 24854: [tid:0x7fb15e9c2080] HSA Asycn Copy wait_event=0x0, completion_signal=0x7fb113665e80
GG; hsa_amd_memory_async_copy: entered...
GG: Runtime::CopyMemory.(2)
GG: DmaCopy(dst, dst_agent, src, src_agent, size, dep_signals, out_signal)..entered.
GG: BlitKernel::SubmitLinearCopyCommand(dst, src, size, dep_signals, out_signal): entered.
dst, src: 0x7face3800ff0,0x7facc0600000size: 33554432
  GG: total_num_packet: 1
GG: BlitKernel::PopulateQueue: entered.
:4:rocvirtual.cpp           :524 : 305361858515 us: 24854: [tid:0x7fb15e9c2080] Host wait on completion_signal=0x7fb113665e80
:3:rocvirtual.hpp           :62  : 305361858517 us: 24854: [tid:0x7fb15e9c2080] Host active wait for Signal = (0x7fb113665e80) for -1 ns
:4:rocmemory.cpp            :941 : 305361860773 us: 24854: [tid:0x7fb15e9c2080] Locking to pool 0xf4bb80, size 0x2000000, HostPtr = 0x7fb12de7e000, DevPtr = 0x7facc0600000
:4:rocblit.cpp              :668 : 305361860781 us: 24854: [tid:0x7fb15e9c2080] HSA Asycn Copy wait_event=0x0, completion_signal=0x7fb113665e00
GG; hsa_amd_memory_async_copy: entered...
GG: Runtime::CopyMemory.(2)
GG: DmaCopy(dst, dst_agent, src, src_agent, size, dep_signals, out_signal)..entered.
GG: BlitKernel::SubmitLinearCopyCommand(dst, src, size, dep_signals, out_signal): entered.
dst, src: 0x7face5800ff0,0x7facc0600000size: 33554432
  GG: total_num_packet: 1
GG: BlitKernel::PopulateQueue: entered.
:4:rocvirtual.cpp           :524 : 305361860788 us: 24854: [tid:0x7fb15e9c2080] Host wait on completion_signal=0x7fb113665e00
:3:rocvirtual.hpp           :62  : 305361860790 us: 24854: [tid:0x7fb15e9c2080] Host active wait for Signal = (0x7fb113665e00) for -1 ns
:4:rocmemory.cpp            :941 : 305361862958 us: 24854: [tid:0x7fb15e9c2080] Locking to pool 0xf4bb80, size 0x2000000, HostPtr = 0x7fb12fe7e000, DevPtr = 0x7facc0600000
:4:rocblit.cpp              :668 : 305361862966 us: 24854: [tid:0x7fb15e9c2080] HSA Asycn Copy wait_event=0x0, completion_signal=0x7fb113665d80
GG; hsa_amd_memory_async_copy: entered...
GG: Runtime::CopyMemory.(2)
GG: DmaCopy(dst, dst_agent, src, src_agent, size, dep_signals, out_signal)..entered.
GG: BlitKernel::SubmitLinearCopyCommand(dst, src, size, dep_signals, out_signal): entered.
dst, src: 0x7face7800ff0,0x7facc0600000size: 33554432
  GG: total_num_packet: 1
GG: BlitKernel::PopulateQueue: entered.
:4:rocvirtual.cpp           :524 : 305361862974 us: 24854: [tid:0x7fb15e9c2080] Host wait on completion_signal=0x7fb113665d80
:3:rocvirtual.hpp           :62  : 305361862976 us: 24854: [tid:0x7fb15e9c2080] Host active wait for Signal = (0x7fb113665d80) for -1 ns
:4:rocmemory.cpp            :941 : 305361865106 us: 24854: [tid:0x7fb15e9c2080] Locking to pool 0xf4bb80, size 0x2000000, HostPtr = 0x7fb131e7e000, DevPtr = 0x7facc0600000
:4:rocblit.cpp              :668 : 305361865113 us: 24854: [tid:0x7fb15e9c2080] HSA Asycn Copy wait_event=0x0, completion_signal=0x7fb113665d00
GG; hsa_amd_memory_async_copy: entered...
GG: Runtime::CopyMemory.(2)
GG: DmaCopy(dst, dst_agent, src, src_agent, size, dep_signals, out_signal)..entered.
GG: BlitKernel::SubmitLinearCopyCommand(dst, src, size, dep_signals, out_signal): entered.
dst, src: 0x7face9800ff0,0x7facc0600000size: 33554432
  GG: total_num_packet: 1
GG: BlitKernel::PopulateQueue: entered.
:4:rocvirtual.cpp           :524 : 305361865120 us: 24854: [tid:0x7fb15e9c2080] Host wait on completion_signal=0x7fb113665d00
:3:rocvirtual.hpp           :62  : 305361865122 us: 24854: [tid:0x7fb15e9c2080] Host active wait for Signal = (0x7fb113665d00) for -1 ns
:4:rocmemory.cpp            :941 : 305361867571 us: 24854: [tid:0x7fb15e9c2080] Locking to pool 0xf4bb80, size 0x2000000, HostPtr = 0x7fb133e7e000, DevPtr = 0x7facc0600000
:4:rocblit.cpp              :668 : 305361867579 us: 24854: [tid:0x7fb15e9c2080] HSA Asycn Copy wait_event=0x0, completion_signal=0x7fb113665c80
GG; hsa_amd_memory_async_copy: entered...
GG: Runtime::CopyMemory.(2)
GG: DmaCopy(dst, dst_agent, src, src_agent, size, dep_signals, out_signal)..entered.
GG: BlitKernel::SubmitLinearCopyCommand(dst, src, size, dep_signals, out_signal): entered.
dst, src: 0x7faceb800ff0,0x7facc0600000size: 33554432
  GG: total_num_packet: 1
GG: BlitKernel::PopulateQueue: entered.
:4:rocvirtual.cpp           :524 : 305361867587 us: 24854: [tid:0x7fb15e9c2080] Host wait on completion_signal=0x7fb113665c80
:3:rocvirtual.hpp           :62  : 305361867589 us: 24854: [tid:0x7fb15e9c2080] Host active wait for Signal = (0x7fb113665c80) for -1 ns
:4:rocmemory.cpp            :941 : 305361869760 us: 24854: [tid:0x7fb15e9c2080] Locking to pool 0xf4bb80, size 0x2000000, HostPtr = 0x7fb135e7e000, DevPtr = 0x7facc0600000
:4:rocblit.cpp              :668 : 305361869767 us: 24854: [tid:0x7fb15e9c2080] HSA Asycn Copy wait_event=0x0, completion_signal=0x7fb113665c00
GG; hsa_amd_memory_async_copy: entered...
GG: Runtime::CopyMemory.(2)
GG: DmaCopy(dst, dst_agent, src, src_agent, size, dep_signals, out_signal)..entered.
GG: BlitKernel::SubmitLinearCopyCommand(dst, src, size, dep_signals, out_signal): entered.
dst, src: 0x7faced800ff0,0x7facc0600000size: 33554432
  GG: total_num_packet: 1
GG: BlitKernel::PopulateQueue: entered.
:4:rocvirtual.cpp           :524 : 305361869775 us: 24854: [tid:0x7fb15e9c2080] Host wait on completion_signal=0x7fb113665c00
:3:rocvirtual.hpp           :62  : 305361869777 us: 24854: [tid:0x7fb15e9c2080] Host active wait for Signal = (0x7fb113665c00) for -1 ns
:4:rocmemory.cpp            :941 : 305361871954 us: 24854: [tid:0x7fb15e9c2080] Locking to pool 0xf4bb80, size 0x2000000, HostPtr = 0x7fb137e7e000, DevPtr = 0x7facc0600000
:4:rocblit.cpp              :668 : 305361871961 us: 24854: [tid:0x7fb15e9c2080] HSA Asycn Copy wait_event=0x0, completion_signal=0x7fb113665b80
GG; hsa_amd_memory_async_copy: entered...
GG: Runtime::CopyMemory.(2)
GG: DmaCopy(dst, dst_agent, src, src_agent, size, dep_signals, out_signal)..entered.
GG: BlitKernel::SubmitLinearCopyCommand(dst, src, size, dep_signals, out_signal): entered.
dst, src: 0x7facef800ff0,0x7facc0600000size: 33554432
  GG: total_num_packet: 1
GG: BlitKernel::PopulateQueue: entered.
:4:rocvirtual.cpp           :524 : 305361871969 us: 24854: [tid:0x7fb15e9c2080] Host wait on completion_signal=0x7fb113665b80
:3:rocvirtual.hpp           :62  : 305361871971 us: 24854: [tid:0x7fb15e9c2080] Host active wait for Signal = (0x7fb113665b80) for -1 ns
:4:rocmemory.cpp            :941 : 305361874099 us: 24854: [tid:0x7fb15e9c2080] Locking to pool 0xf4bb80, size 0x2000000, HostPtr = 0x7fb139e7e000, DevPtr = 0x7facc0600000
:4:rocblit.cpp              :668 : 305361874106 us: 24854: [tid:0x7fb15e9c2080] HSA Asycn Copy wait_event=0x0, completion_signal=0x7fb113665b00
GG; hsa_amd_memory_async_copy: entered...
GG: Runtime::CopyMemory.(2)
GG: DmaCopy(dst, dst_agent, src, src_agent, size, dep_signals, out_signal)..entered.
GG: BlitKernel::SubmitLinearCopyCommand(dst, src, size, dep_signals, out_signal): entered.
dst, src: 0x7facf1800ff0,0x7facc0600000size: 33554432
  GG: total_num_packet: 1
GG: BlitKernel::PopulateQueue: entered.
:4:rocvirtual.cpp           :524 : 305361874114 us: 24854: [tid:0x7fb15e9c2080] Host wait on completion_signal=0x7fb113665b00
:3:rocvirtual.hpp           :62  : 305361874116 us: 24854: [tid:0x7fb15e9c2080] Host active wait for Signal = (0x7fb113665b00) for -1 ns
:4:rocmemory.cpp            :941 : 305361876240 us: 24854: [tid:0x7fb15e9c2080] Locking to pool 0xf4bb80, size 0x2000000, HostPtr = 0x7fb13be7e000, DevPtr = 0x7facc0600000
:4:rocblit.cpp              :668 : 305361876249 us: 24854: [tid:0x7fb15e9c2080] HSA Asycn Copy wait_event=0x0, completion_signal=0x7fb113665a80
GG; hsa_amd_memory_async_copy: entered...
GG: Runtime::CopyMemory.(2)
GG: DmaCopy(dst, dst_agent, src, src_agent, size, dep_signals, out_signal)..entered.
GG: BlitKernel::SubmitLinearCopyCommand(dst, src, size, dep_signals, out_signal): entered.
dst, src: 0x7facf3800ff0,0x7facc0600000size: 33554432
  GG: total_num_packet: 1
GG: BlitKernel::PopulateQueue: entered.
:4:rocvirtual.cpp           :524 : 305361876259 us: 24854: [tid:0x7fb15e9c2080] Host wait on completion_signal=0x7fb113665a80
:3:rocvirtual.hpp           :62  : 305361876261 us: 24854: [tid:0x7fb15e9c2080] Host active wait for Signal = (0x7fb113665a80) for -1 ns
:4:rocmemory.cpp            :941 : 305361878421 us: 24854: [tid:0x7fb15e9c2080] Locking to pool 0xf4bb80, size 0x2000000, HostPtr = 0x7fb13de7e000, DevPtr = 0x7facc0600000
:4:rocblit.cpp              :668 : 305361878428 us: 24854: [tid:0x7fb15e9c2080] HSA Asycn Copy wait_event=0x0, completion_signal=0x7fb113665a00
GG; hsa_amd_memory_async_copy: entered...
GG: Runtime::CopyMemory.(2)
GG: DmaCopy(dst, dst_agent, src, src_agent, size, dep_signals, out_signal)..entered.
GG: BlitKernel::SubmitLinearCopyCommand(dst, src, size, dep_signals, out_signal): entered.
dst, src: 0x7facf5800ff0,0x7facc0600000size: 33554432
  GG: total_num_packet: 1
GG: BlitKernel::PopulateQueue: entered.
:4:rocvirtual.cpp           :524 : 305361878436 us: 24854: [tid:0x7fb15e9c2080] Host wait on completion_signal=0x7fb113665a00
:3:rocvirtual.hpp           :62  : 305361878438 us: 24854: [tid:0x7fb15e9c2080] Host active wait for Signal = (0x7fb113665a00) for -1 ns
:4:rocmemory.cpp            :941 : 305361880778 us: 24854: [tid:0x7fb15e9c2080] Locking to pool 0xf4bb80, size 0x2000000, HostPtr = 0x7fb13fe7e000, DevPtr = 0x7facc0600000
:4:rocblit.cpp              :668 : 305361880787 us: 24854: [tid:0x7fb15e9c2080] HSA Asycn Copy wait_event=0x0, completion_signal=0x7fb113665980
GG; hsa_amd_memory_async_copy: entered...
GG: Runtime::CopyMemory.(2)
GG: DmaCopy(dst, dst_agent, src, src_agent, size, dep_signals, out_signal)..entered.
GG: BlitKernel::SubmitLinearCopyCommand(dst, src, size, dep_signals, out_signal): entered.
dst, src: 0x7facf7800ff0,0x7facc0600000size: 33554432
  GG: total_num_packet: 1
GG: BlitKernel::PopulateQueue: entered.
:4:rocvirtual.cpp           :524 : 305361880797 us: 24854: [tid:0x7fb15e9c2080] Host wait on completion_signal=0x7fb113665980
:3:rocvirtual.hpp           :62  : 305361880799 us: 24854: [tid:0x7fb15e9c2080] Host active wait for Signal = (0x7fb113665980) for -1 ns
:4:rocmemory.cpp            :941 : 305361882964 us: 24854: [tid:0x7fb15e9c2080] Locking to pool 0xf4bb80, size 0x2000000, HostPtr = 0x7fb141e7e000, DevPtr = 0x7facc0600000
:4:rocblit.cpp              :668 : 305361882972 us: 24854: [tid:0x7fb15e9c2080] HSA Asycn Copy wait_event=0x0, completion_signal=0x7fb113665900
GG; hsa_amd_memory_async_copy: entered...
GG: Runtime::CopyMemory.(2)
GG: DmaCopy(dst, dst_agent, src, src_agent, size, dep_signals, out_signal)..entered.
GG: BlitKernel::SubmitLinearCopyCommand(dst, src, size, dep_signals, out_signal): entered.
dst, src: 0x7facf9800ff0,0x7facc0600000size: 33554432
  GG: total_num_packet: 1
GG: BlitKernel::PopulateQueue: entered.
:4:rocvirtual.cpp           :524 : 305361882980 us: 24854: [tid:0x7fb15e9c2080] Host wait on completion_signal=0x7fb113665900
:3:rocvirtual.hpp           :62  : 305361882982 us: 24854: [tid:0x7fb15e9c2080] Host active wait for Signal = (0x7fb113665900) for -1 ns
:4:rocmemory.cpp            :941 : 305361885081 us: 24854: [tid:0x7fb15e9c2080] Locking to pool 0xf4bb80, size 0x2000000, HostPtr = 0x7fb143e7e000, DevPtr = 0x7facc0600000
:4:rocblit.cpp              :668 : 305361885089 us: 24854: [tid:0x7fb15e9c2080] HSA Asycn Copy wait_event=0x0, completion_signal=0x7fb113665880
GG; hsa_amd_memory_async_copy: entered...
GG: Runtime::CopyMemory.(2)
GG: DmaCopy(dst, dst_agent, src, src_agent, size, dep_signals, out_signal)..entered.
GG: BlitKernel::SubmitLinearCopyCommand(dst, src, size, dep_signals, out_signal): entered.
dst, src: 0x7facfb800ff0,0x7facc0600000size: 33554432
  GG: total_num_packet: 1
GG: BlitKernel::PopulateQueue: entered.
:4:rocvirtual.cpp           :524 : 305361885097 us: 24854: [tid:0x7fb15e9c2080] Host wait on completion_signal=0x7fb113665880
:3:rocvirtual.hpp           :62  : 305361885099 us: 24854: [tid:0x7fb15e9c2080] Host active wait for Signal = (0x7fb113665880) for -1 ns
:4:rocmemory.cpp            :941 : 305361887176 us: 24854: [tid:0x7fb15e9c2080] Locking to pool 0xf4bb80, size 0x2000000, HostPtr = 0x7fb145e7e000, DevPtr = 0x7facc0600000
:4:rocblit.cpp              :668 : 305361887183 us: 24854: [tid:0x7fb15e9c2080] HSA Asycn Copy wait_event=0x0, completion_signal=0x7fb113665800
GG; hsa_amd_memory_async_copy: entered...
GG: Runtime::CopyMemory.(2)
GG: DmaCopy(dst, dst_agent, src, src_agent, size, dep_signals, out_signal)..entered.
GG: BlitKernel::SubmitLinearCopyCommand(dst, src, size, dep_signals, out_signal): entered.
dst, src: 0x7facfd800ff0,0x7facc0600000size: 33554432
  GG: total_num_packet: 1
GG: BlitKernel::PopulateQueue: entered.
:4:rocvirtual.cpp           :524 : 305361887191 us: 24854: [tid:0x7fb15e9c2080] Host wait on completion_signal=0x7fb113665800
:3:rocvirtual.hpp           :62  : 305361887193 us: 24854: [tid:0x7fb15e9c2080] Host active wait for Signal = (0x7fb113665800) for -1 ns
:4:rocmemory.cpp            :941 : 305361889267 us: 24854: [tid:0x7fb15e9c2080] Locking to pool 0xf4bb80, size 0x2000000, HostPtr = 0x7fb147e7e000, DevPtr = 0x7facc0600000
:4:rocblit.cpp              :668 : 305361889274 us: 24854: [tid:0x7fb15e9c2080] HSA Asycn Copy wait_event=0x0, completion_signal=0x7fb113665780
GG; hsa_amd_memory_async_copy: entered...
GG: Runtime::CopyMemory.(2)
GG: DmaCopy(dst, dst_agent, src, src_agent, size, dep_signals, out_signal)..entered.
GG: BlitKernel::SubmitLinearCopyCommand(dst, src, size, dep_signals, out_signal): entered.
dst, src: 0x7facff800ff0,0x7facc0600000size: 33554432
  GG: total_num_packet: 1
GG: BlitKernel::PopulateQueue: entered.
:4:rocvirtual.cpp           :524 : 305361889282 us: 24854: [tid:0x7fb15e9c2080] Host wait on completion_signal=0x7fb113665780
:3:rocvirtual.hpp           :62  : 305361889284 us: 24854: [tid:0x7fb15e9c2080] Host active wait for Signal = (0x7fb113665780) for -1 ns
:4:rocmemory.cpp            :941 : 305361891431 us: 24854: [tid:0x7fb15e9c2080] Locking to pool 0xf4bb80, size 0x2000000, HostPtr = 0x7fb149e7e000, DevPtr = 0x7facc0600000
:4:rocblit.cpp              :668 : 305361891439 us: 24854: [tid:0x7fb15e9c2080] HSA Asycn Copy wait_event=0x0, completion_signal=0x7fb113665700
GG; hsa_amd_memory_async_copy: entered...
GG: Runtime::CopyMemory.(2)
GG: DmaCopy(dst, dst_agent, src, src_agent, size, dep_signals, out_signal)..entered.
GG: BlitKernel::SubmitLinearCopyCommand(dst, src, size, dep_signals, out_signal): entered.
dst, src: 0x7fad01800ff0,0x7facc0600000size: 33554432
  GG: total_num_packet: 1
GG: BlitKernel::PopulateQueue: entered.
:4:rocvirtual.cpp           :524 : 305361891447 us: 24854: [tid:0x7fb15e9c2080] Host wait on completion_signal=0x7fb113665700
:3:rocvirtual.hpp           :62  : 305361891449 us: 24854: [tid:0x7fb15e9c2080] Host active wait for Signal = (0x7fb113665700) for -1 ns
:4:rocmemory.cpp            :941 : 305361893787 us: 24854: [tid:0x7fb15e9c2080] Locking to pool 0xf4bb80, size 0x2000000, HostPtr = 0x7fb14be7e000, DevPtr = 0x7facc0600000
:4:rocblit.cpp              :668 : 305361893794 us: 24854: [tid:0x7fb15e9c2080] HSA Asycn Copy wait_event=0x0, completion_signal=0x7fb113665680
GG; hsa_amd_memory_async_copy: entered...
GG: Runtime::CopyMemory.(2)
GG: DmaCopy(dst, dst_agent, src, src_agent, size, dep_signals, out_signal)..entered.
GG: BlitKernel::SubmitLinearCopyCommand(dst, src, size, dep_signals, out_signal): entered.
dst, src: 0x7fad03800ff0,0x7facc0600000size: 33554432
  GG: total_num_packet: 1
GG: BlitKernel::PopulateQueue: entered.
:4:rocvirtual.cpp           :524 : 305361893803 us: 24854: [tid:0x7fb15e9c2080] Host wait on completion_signal=0x7fb113665680
:3:rocvirtual.hpp           :62  : 305361893804 us: 24854: [tid:0x7fb15e9c2080] Host active wait for Signal = (0x7fb113665680) for -1 ns
:4:rocmemory.cpp            :941 : 305361895917 us: 24854: [tid:0x7fb15e9c2080] Locking to pool 0xf4bb80, size 0x2000000, HostPtr = 0x7fb14de7e000, DevPtr = 0x7facc0600000
:4:rocblit.cpp              :668 : 305361895925 us: 24854: [tid:0x7fb15e9c2080] HSA Asycn Copy wait_event=0x0, completion_signal=0x7fb113665600
GG; hsa_amd_memory_async_copy: entered...
GG: Runtime::CopyMemory.(2)
GG: DmaCopy(dst, dst_agent, src, src_agent, size, dep_signals, out_signal)..entered.
GG: BlitKernel::SubmitLinearCopyCommand(dst, src, size, dep_signals, out_signal): entered.
dst, src: 0x7fad05800ff0,0x7facc0600000size: 33554432
  GG: total_num_packet: 1
GG: BlitKernel::PopulateQueue: entered.
:4:rocvirtual.cpp           :524 : 305361895933 us: 24854: [tid:0x7fb15e9c2080] Host wait on completion_signal=0x7fb113665600
:3:rocvirtual.hpp           :62  : 305361895935 us: 24854: [tid:0x7fb15e9c2080] Host active wait for Signal = (0x7fb113665600) for -1 ns
:4:rocmemory.cpp            :941 : 305361898075 us: 24854: [tid:0x7fb15e9c2080] Locking to pool 0xf4bb80, size 0x2000000, HostPtr = 0x7fb14fe7e000, DevPtr = 0x7facc0600000
:4:rocblit.cpp              :668 : 305361898082 us: 24854: [tid:0x7fb15e9c2080] HSA Asycn Copy wait_event=0x0, completion_signal=0x7fb113665580
GG; hsa_amd_memory_async_copy: entered...
GG: Runtime::CopyMemory.(2)
GG: DmaCopy(dst, dst_agent, src, src_agent, size, dep_signals, out_signal)..entered.
GG: BlitKernel::SubmitLinearCopyCommand(dst, src, size, dep_signals, out_signal): entered.
dst, src: 0x7fad07800ff0,0x7facc0600000size: 33554432
  GG: total_num_packet: 1
GG: BlitKernel::PopulateQueue: entered.
:4:rocvirtual.cpp           :524 : 305361898091 us: 24854: [tid:0x7fb15e9c2080] Host wait on completion_signal=0x7fb113665580
:3:rocvirtual.hpp           :62  : 305361898092 us: 24854: [tid:0x7fb15e9c2080] Host active wait for Signal = (0x7fb113665580) for -1 ns
:4:rocmemory.cpp            :941 : 305361900185 us: 24854: [tid:0x7fb15e9c2080] Locking to pool 0xf4bb80, size 0x2000000, HostPtr = 0x7fb151e7e000, DevPtr = 0x7facc0600000
:4:rocblit.cpp              :668 : 305361900191 us: 24854: [tid:0x7fb15e9c2080] HSA Asycn Copy wait_event=0x0, completion_signal=0x7fb15e845500
GG; hsa_amd_memory_async_copy: entered...
GG: Runtime::CopyMemory.(2)
GG: DmaCopy(dst, dst_agent, src, src_agent, size, dep_signals, out_signal)..entered.
GG: BlitKernel::SubmitLinearCopyCommand(dst, src, size, dep_signals, out_signal): entered.
dst, src: 0x7fad09800ff0,0x7facc0600000size: 33550352
  GG: total_num_packet: 1
GG: BlitKernel::PopulateQueue: entered.
:4:rocvirtual.cpp           :524 : 305361900200 us: 24854: [tid:0x7fb15e9c2080] Host wait on completion_signal=0x7fb15e845500
:3:rocvirtual.hpp           :62  : 305361900202 us: 24854: [tid:0x7fb15e9c2080] Host active wait for Signal = (0x7fb15e845500) for -1 ns
:4:command.cpp              :280 : 305361901727 us: 24854: [tid:0x7fb15e9c2080] queue marker to command queue: 0xffb400
:4:command.cpp              :339 : 305361901732 us: 24854: [tid:0x7fb15e9c2080] command is enqueued: 0x1055390
:4:command.cpp              :170 : 305361901736 us: 24854: [tid:0x7fb15e9c2080] Command 0x10fc8a0 complete
:4:command.cpp              :168 : 305361901739 us: 24854: [tid:0x7fb15e9c2080] Command 0x1055390 complete (Wall: 305361901737, CPU: 0, GPU: 0 us)
:4:command.cpp              :245 : 305361901741 us: 24854: [tid:0x7fb15e9c2080] waiting for event 0x10fc8a0 to complete, current status 0
:4:command.cpp              :259 : 305361901744 us: 24854: [tid:0x7fb15e9c2080] event 0x10fc8a0 wait completed
:3:hip_memory.cpp           :557 : 305361901749 us: 24854: [tid:0x7fb15e9c2080] hipMemcpy: Returned hipSuccess : : duration: 248193 us
hipMemcpy.end
It took me 0.248264 seconds.
:3:hip_memory.cpp           :537 : 305361901776 us: 24854: [tid:0x7fb15e9c2080] [32mhipFree ( 0x7faccb800000 )[0m
:3:rocdevice.cpp            :2636: 305361901785 us: 24854: [tid:0x7fb15e9c2080] No HW event
:4:commandqueue.cpp         :128 : 305361901788 us: 24854: [tid:0x7fb15e9c2080] HW Event not ready, awaiting completion instead
:4:commandqueue.cpp         :140 : 305361901791 us: 24854: [tid:0x7fb15e9c2080] All commands finished
:4:rocdevice.cpp            :2070: 305361901874 us: 24854: [tid:0x7fb15e9c2080] Free hsa memory 0x7faccb800000
:3:rocdevice.cpp            :2093: 305361901880 us: 24854: [tid:0x7fb15e9c2080] device=0xfee6b0, freeMem_ = 0xff000000
:3:hip_memory.cpp           :539 : 305361901882 us: 24854: [tid:0x7fb15e9c2080] hipFree: Returned hipSuccess : 
