:3:rocdevice.cpp            :416 : 832250777464 us: 514  : [tid:0x7eff509c5080] Initializing HSA stack.
:3:comgrctx.cpp             :33  : 832250862176 us: 514  : [tid:0x7eff509c5080] Loading COMGR library.
:3:rocdevice.cpp            :207 : 832250862230 us: 514  : [tid:0x7eff509c5080] Numa selects cpu agent[0]=0xa822a0(fine=0xa99440,coarse=0xb720d0) for gpu agent=0xb75af0
:3:rocdevice.cpp            :1611: 832250862585 us: 514  : [tid:0x7eff509c5080] HMM support: 1, xnack: 0, direct host access: 0

:4:rocdevice.cpp            :1918: 832250862928 us: 514  : [tid:0x7eff509c5080] Allocate hsa host memory 0x7eff45500000, size 0x101000
:4:rocdevice.cpp            :1918: 832250863329 us: 514  : [tid:0x7eff509c5080] Allocate hsa host memory 0x7eff45300000, size 0x101000
:4:rocdevice.cpp            :2054: 832250863424 us: 514  : [tid:0x7eff509c5080] Allocate hsa device memory 0x7eff45000000, size 0x100000
:3:rocdevice.cpp            :207 : 832250863450 us: 514  : [tid:0x7eff509c5080] Numa selects cpu agent[0]=0xa822a0(fine=0xa99440,coarse=0xb720d0) for gpu agent=0xc054b0
:3:rocdevice.cpp            :1611: 832250863567 us: 514  : [tid:0x7eff509c5080] HMM support: 1, xnack: 0, direct host access: 0

:4:rocdevice.cpp            :1918: 832250863899 us: 514  : [tid:0x7eff509c5080] Allocate hsa host memory 0x7eff44e00000, size 0x101000
:4:rocdevice.cpp            :1918: 832250864269 us: 514  : [tid:0x7eff509c5080] Allocate hsa host memory 0x7eff44c00000, size 0x101000
:4:rocdevice.cpp            :2054: 832250864362 us: 514  : [tid:0x7eff509c5080] Allocate hsa device memory 0x7eff44800000, size 0x100000
:3:rocdevice.cpp            :207 : 832250864386 us: 514  : [tid:0x7eff509c5080] Numa selects cpu agent[0]=0xa822a0(fine=0xa99440,coarse=0xb720d0) for gpu agent=0xc09840
:3:rocdevice.cpp            :1611: 832250864493 us: 514  : [tid:0x7eff509c5080] HMM support: 1, xnack: 0, direct host access: 0

:4:rocdevice.cpp            :1918: 832250864819 us: 514  : [tid:0x7eff509c5080] Allocate hsa host memory 0x7eff44600000, size 0x101000
:4:rocdevice.cpp            :1918: 832250865195 us: 514  : [tid:0x7eff509c5080] Allocate hsa host memory 0x7eff44400000, size 0x101000
:4:rocdevice.cpp            :2054: 832250865282 us: 514  : [tid:0x7eff509c5080] Allocate hsa device memory 0x7eff44000000, size 0x100000
:3:rocdevice.cpp            :207 : 832250865305 us: 514  : [tid:0x7eff509c5080] Numa selects cpu agent[0]=0xa822a0(fine=0xa99440,coarse=0xb720d0) for gpu agent=0xc0dc00
:3:rocdevice.cpp            :1611: 832250865410 us: 514  : [tid:0x7eff509c5080] HMM support: 1, xnack: 0, direct host access: 0

:4:rocdevice.cpp            :1918: 832250865440 us: 514  : [tid:0x7eff509c5080] Allocate hsa host memory 0x7eff50834000, size 0xa0
:4:rocdevice.cpp            :1918: 832250865781 us: 514  : [tid:0x7eff509c5080] Allocate hsa host memory 0x7eff43e00000, size 0x101000
:4:rocdevice.cpp            :1918: 832250866147 us: 514  : [tid:0x7eff509c5080] Allocate hsa host memory 0x7eff43c00000, size 0x101000
:4:rocdevice.cpp            :2054: 832250866230 us: 514  : [tid:0x7eff509c5080] Allocate hsa device memory 0x7eff43800000, size 0x100000
:4:runtime.cpp              :83  : 832250866237 us: 514  : [tid:0x7eff509c5080] init
:3:hip_context.cpp          :50  : 832250866239 us: 514  : [tid:0x7eff509c5080] Direct Dispatch: 1
:3:hip_device_runtime.cpp   :535 : 832250866262 us: 514  : [tid:0x7eff509c5080] hipSetDevice: Returned hipSuccess : 
:3:hip_stream.cpp           :369 : 832250866271 us: 514  : [tid:0x7eff509c5080] [32mhipStreamCreate ( 0x7ffeb80409b0 )[0m
:3:rocdevice.cpp            :2686: 832250866281 us: 514  : [tid:0x7eff509c5080] number of allocated hardware queues with low priority: 0, with normal priority: 0, with high priority: 0, maximum per priority is: 4
:3:rocdevice.cpp            :2757: 832250888792 us: 514  : [tid:0x7eff509c5080] created hardware queue 0x7eff50824000 with size 4096 with priority 1, cooperative: 0
:4:rocdevice.cpp            :1918: 832250888993 us: 514  : [tid:0x7eff509c5080] Allocate hsa host memory 0x7eff44b00000, size 0x80000
:3:devprogram.cpp           :2675: 832251094575 us: 514  : [tid:0x7eff509c5080] Using Code Object V4.
:3:devprogram.cpp           :2978: 832251095726 us: 514  : [tid:0x7eff509c5080] For Init/Fini: Kernel Name: __amd_rocclr_fillImage
:3:devprogram.cpp           :2978: 832251095732 us: 514  : [tid:0x7eff509c5080] For Init/Fini: Kernel Name: __amd_rocclr_fillBufferAligned2D
:3:devprogram.cpp           :2978: 832251095734 us: 514  : [tid:0x7eff509c5080] For Init/Fini: Kernel Name: __amd_rocclr_fillBufferAligned
:3:devprogram.cpp           :2978: 832251095736 us: 514  : [tid:0x7eff509c5080] For Init/Fini: Kernel Name: __amd_rocclr_copyImage1DA
:3:devprogram.cpp           :2978: 832251095738 us: 514  : [tid:0x7eff509c5080] For Init/Fini: Kernel Name: __amd_rocclr_copyBufferAligned
:3:devprogram.cpp           :2978: 832251095739 us: 514  : [tid:0x7eff509c5080] For Init/Fini: Kernel Name: __amd_rocclr_streamOpsWait
:3:devprogram.cpp           :2978: 832251095741 us: 514  : [tid:0x7eff509c5080] For Init/Fini: Kernel Name: __amd_rocclr_copyBuffer
:3:devprogram.cpp           :2978: 832251095742 us: 514  : [tid:0x7eff509c5080] For Init/Fini: Kernel Name: __amd_rocclr_streamOpsWrite
:3:devprogram.cpp           :2978: 832251095744 us: 514  : [tid:0x7eff509c5080] For Init/Fini: Kernel Name: __amd_rocclr_copyBufferRectAligned
:3:devprogram.cpp           :2978: 832251095745 us: 514  : [tid:0x7eff509c5080] For Init/Fini: Kernel Name: __amd_rocclr_gwsInit
:3:devprogram.cpp           :2978: 832251095747 us: 514  : [tid:0x7eff509c5080] For Init/Fini: Kernel Name: __amd_rocclr_copyBufferRect
:3:devprogram.cpp           :2978: 832251095748 us: 514  : [tid:0x7eff509c5080] For Init/Fini: Kernel Name: __amd_rocclr_copyImageToBuffer
:3:devprogram.cpp           :2978: 832251095750 us: 514  : [tid:0x7eff509c5080] For Init/Fini: Kernel Name: __amd_rocclr_copyBufferToImage
:3:devprogram.cpp           :2978: 832251095751 us: 514  : [tid:0x7eff509c5080] For Init/Fini: Kernel Name: __amd_rocclr_copyImage
:4:rocmemory.cpp            :941 : 832251095796 us: 514  : [tid:0x7eff509c5080] Locking to pool 0xb720d0, size 0x1000, HostPtr = 0xe5b000, DevPtr = 0x7eff45609000
:3:hip_stream.cpp           :375 : 832251095866 us: 514  : [tid:0x7eff509c5080] hipStreamCreate: Returned hipSuccess : stream:0xc40ff0
:3:hip_stream.cpp           :369 : 832251095875 us: 514  : [tid:0x7eff509c5080] [32mhipStreamCreate ( 0x7ffeb80409b8 )[0m
:3:rocdevice.cpp            :2686: 832251095881 us: 514  : [tid:0x7eff509c5080] number of allocated hardware queues with low priority: 0, with normal priority: 1, with high priority: 0, maximum per priority is: 4
:3:rocdevice.cpp            :2757: 832251107723 us: 514  : [tid:0x7eff509c5080] created hardware queue 0x7eff45604000 with size 4096 with priority 1, cooperative: 0
:4:rocdevice.cpp            :1918: 832251107924 us: 514  : [tid:0x7eff509c5080] Allocate hsa host memory 0x7eff44300000, size 0x80000
:4:rocmemory.cpp            :941 : 832251108061 us: 514  : [tid:0x7eff509c5080] Locking to pool 0xb720d0, size 0x1000, HostPtr = 0xcc9000, DevPtr = 0x7eff454fa000
:3:hip_stream.cpp           :375 : 832251108100 us: 514  : [tid:0x7eff509c5080] hipStreamCreate: Returned hipSuccess : stream:0xdea730
:3:hip_memory.cpp           :493 : 832251108122 us: 514  : [tid:0x7eff509c5080] [32mhipMalloc ( 0x7ffeb80409c8, 256 )[0m
:4:rocdevice.cpp            :2054: 832251108140 us: 514  : [tid:0x7eff509c5080] Allocate hsa device memory 0x7eff45100000, size 0x100
:3:rocdevice.cpp            :2093: 832251108143 us: 514  : [tid:0x7eff509c5080] device=0xc145e0, freeMem_ = 0xfeffff00
:3:hip_memory.cpp           :495 : 832251108148 us: 514  : [tid:0x7eff509c5080] hipMalloc: Returned hipSuccess : 0x7eff45100000: duration: 26 us
:3:hip_platform.cpp         :209 : 832251108156 us: 514  : [tid:0x7eff509c5080] [32m__hipPushCallConfiguration ( {256,1,1}, {1,1,1}, 0, stream:0xc40ff0 )[0m
:3:hip_platform.cpp         :213 : 832251108161 us: 514  : [tid:0x7eff509c5080] __hipPushCallConfiguration: Returned hipSuccess : 
:3:hip_platform.cpp         :220 : 832251108167 us: 514  : [tid:0x7eff509c5080] [32m__hipPopCallConfiguration ( {1,0,4198109}, {2,0,6311288}, 0x7ffeb8040988, 0x7ffeb8040980 )[0m
:3:hip_platform.cpp         :229 : 832251108169 us: 514  : [tid:0x7eff509c5080] __hipPopCallConfiguration: Returned hipSuccess : 
:3:hip_module.cpp           :508 : 832251108176 us: 514  : [tid:0x7eff509c5080] [32mhipLaunchKernel ( 0x400f48, {256,1,1}, {1,1,1}, 0x7ffeb80409c0, 0, stream:0xc40ff0 )[0m
:3:devprogram.cpp           :2675: 832251108641 us: 514  : [tid:0x7eff509c5080] Using Code Object V4.
:3:devprogram.cpp           :2978: 832251108965 us: 514  : [tid:0x7eff509c5080] For Init/Fini: Kernel Name: _Z2k4v
:3:devprogram.cpp           :2978: 832251108970 us: 514  : [tid:0x7eff509c5080] For Init/Fini: Kernel Name: _Z2k1v
:3:devprogram.cpp           :2978: 832251108972 us: 514  : [tid:0x7eff509c5080] For Init/Fini: Kernel Name: _Z2k3v
:3:devprogram.cpp           :2978: 832251108973 us: 514  : [tid:0x7eff509c5080] For Init/Fini: Kernel Name: _Z2k2v
:3:hip_module.cpp           :365 : 832251108987 us: 514  : [tid:0x7eff509c5080] [32mihipModuleLaunchKernel ( 0x0xcaf460, 256, 1, 1, 1, 1, 1, 0, stream:0xc40ff0, 0x7ffeb80409c0, char array:<null>, event:0, event:0, 0, 0 )[0m
:4:command.cpp              :339 : 832251108995 us: 514  : [tid:0x7eff509c5080] command is enqueued: 0xcfa8b0
:3:rocvirtual.cpp           :2723: 832251108999 us: 514  : [tid:0x7eff509c5080] ShaderName : _Z2k1v
:4:rocvirtual.cpp           :850 : 832251109021 us: 514  : [tid:0x7eff509c5080] HWq=0x7eff50824000, Dispatch Header = 0xb02 (type=2, barrier=1, acquire=1, release=1), setup=3, grid=[256, 1, 1], workgroup=[1, 1, 1], private_seg_size=0, group_seg_size=0, kernel_obj=0x7eff454ec8c0, kernarg_address=0x7eff44b00000, completion_signal=0x0
:3:hip_platform.cpp         :676 : 832251109026 us: 514  : [tid:0x7eff509c5080] ihipLaunchKernel: Returned hipSuccess : 
:3:hip_module.cpp           :509 : 832251109029 us: 514  : [tid:0x7eff509c5080] hipLaunchKernel: Returned hipSuccess : 
:3:hip_platform.cpp         :209 : 832251109034 us: 514  : [tid:0x7eff509c5080] [32m__hipPushCallConfiguration ( {256,1,1}, {1,1,1}, 0, stream:0xdea730 )[0m
:3:hip_platform.cpp         :213 : 832251109037 us: 514  : [tid:0x7eff509c5080] __hipPushCallConfiguration: Returned hipSuccess : 
:3:hip_platform.cpp         :220 : 832251109041 us: 514  : [tid:0x7eff509c5080] [32m__hipPopCallConfiguration ( {256,1,1}, {1,1,1}, 0x7ffeb8040988, 0x7ffeb8040980 )[0m
:3:hip_platform.cpp         :229 : 832251109043 us: 514  : [tid:0x7eff509c5080] __hipPopCallConfiguration: Returned hipSuccess : 
:3:hip_module.cpp           :508 : 832251109049 us: 514  : [tid:0x7eff509c5080] [32mhipLaunchKernel ( 0x400f50, {256,1,1}, {1,1,1}, 0x7ffeb80409c0, 0, stream:0xdea730 )[0m
:3:hip_module.cpp           :365 : 832251109058 us: 514  : [tid:0x7eff509c5080] [32mihipModuleLaunchKernel ( 0x0xcaf370, 256, 1, 1, 1, 1, 1, 0, stream:0xdea730, 0x7ffeb80409c0, char array:<null>, event:0, event:0, 0, 0 )[0m
:4:command.cpp              :339 : 832251109062 us: 514  : [tid:0x7eff509c5080] command is enqueued: 0xe44190
:3:rocvirtual.cpp           :2723: 832251109064 us: 514  : [tid:0x7eff509c5080] ShaderName : _Z2k2v
:4:rocvirtual.cpp           :850 : 832251109067 us: 514  : [tid:0x7eff509c5080] HWq=0x7eff45604000, Dispatch Header = 0xb02 (type=2, barrier=1, acquire=1, release=1), setup=3, grid=[256, 1, 1], workgroup=[1, 1, 1], private_seg_size=0, group_seg_size=0, kernel_obj=0x7eff454ec900, kernarg_address=0x7eff44300000, completion_signal=0x0
:3:hip_platform.cpp         :676 : 832251109070 us: 514  : [tid:0x7eff509c5080] ihipLaunchKernel: Returned hipSuccess : 
:3:hip_module.cpp           :509 : 832251109072 us: 514  : [tid:0x7eff509c5080] hipLaunchKernel: Returned hipSuccess : 
:3:hip_memory.cpp           :536 : 832251109076 us: 514  : [tid:0x7eff509c5080] [32mhipFree ( 0x7eff45100000 )[0m
:3:rocdevice.cpp            :2686: 832251109082 us: 514  : [tid:0x7eff509c5080] number of allocated hardware queues with low priority: 0, with normal priority: 2, with high priority: 0, maximum per priority is: 4
:3:rocdevice.cpp            :2757: 832251120201 us: 514  : [tid:0x7eff509c5080] created hardware queue 0x7eff454e6000 with size 4096 with priority 1, cooperative: 0
:4:rocdevice.cpp            :1918: 832251120395 us: 514  : [tid:0x7eff509c5080] Allocate hsa host memory 0x7eff43b00000, size 0x80000
:4:rocmemory.cpp            :941 : 832251120519 us: 514  : [tid:0x7eff509c5080] Locking to pool 0xb720d0, size 0x1000, HostPtr = 0x12f9000, DevPtr = 0x7eff454d8000
:3:rocdevice.cpp            :2636: 832251120561 us: 514  : [tid:0x7eff509c5080] No HW event
:4:command.cpp              :280 : 832251120565 us: 514  : [tid:0x7eff509c5080] queue marker to command queue: 0xc41120
:4:command.cpp              :339 : 832251120568 us: 514  : [tid:0x7eff509c5080] command is enqueued: 0x11a77b0
:3:rocvirtual.cpp           :434 : 832251120589 us: 514  : [tid:0x7eff509c5080] Set Handler: handle(0x7eff5083e480), timestamp(0xef1b30)
:4:rocvirtual.cpp           :984 : 832251120597 us: 514  : [tid:0x7eff509c5080] HWq=0x7eff50824000, BarrierAND Header = 0x1503 (type=3, barrier=1, acquire=2, release=2), dep_signal=[0x0, 0x0, 0x0, 0x0, 0x0], completion_signal=0x7eff5083e480
:3:rocdevice.cpp            :2636: 832251120601 us: 514  : [tid:0x7eff509c5080] No HW event
:4:command.cpp              :280 : 832251120603 us: 514  : [tid:0x7eff509c5080] queue marker to command queue: 0x11c7c20
:4:command.cpp              :339 : 832251120605 us: 514  : [tid:0x7eff509c5080] command is enqueued: 0xef0af0
:3:rocvirtual.cpp           :434 : 832251120609 us: 514  : [tid:0x7eff509c5080] Set Handler: handle(0x7eff45606f00), timestamp(0xcef4c0)
:4:rocvirtual.cpp           :984 : 832251120613 us: 514  : [tid:0x7eff509c5080] HWq=0x7eff45604000, BarrierAND Header = 0x1503 (type=3, barrier=1, acquire=2, release=2), dep_signal=[0x0, 0x0, 0x0, 0x0, 0x0], completion_signal=0x7eff45606f00
:4:command.cpp              :339 : 832251120616 us: 514  : [tid:0x7eff509c5080] command is enqueued: 0xef29f0
:3:rocvirtual.hpp           :62  : 832251120620 us: 514  : [tid:0x7eff509c5080] Host active wait for Signal = (0x7eff5083e480) for 10000 ns
:3:rocvirtual.hpp           :62  : 832251120635 us: 514  : [tid:0x7eff509c5080] Host active wait for Signal = (0x7eff45606f00) for 10000 ns
:3:rocvirtual.cpp           :434 : 832251120650 us: 514  : [tid:0x7eff509c5080] Set Handler: handle(0x7eff454e3980), timestamp(0x119e070)
:4:rocvirtual.cpp           :984 : 832251120654 us: 514  : [tid:0x7eff509c5080] HWq=0x7eff454e6000, BarrierAND Header = 0x1503 (type=3, barrier=1, acquire=2, release=2), dep_signal=[0x7eff5083e480, 0x7eff45606f00, 0x0, 0x0, 0x0], completion_signal=0x7eff454e3980
:3:rocvirtual.hpp           :62  : 832251120658 us: 514  : [tid:0x7eff509c5080] Host active wait for Signal = (0x7eff454e3980) for -1 ns
:3:rocvirtual.cpp           :194 : 832251175693 us: 514  : [tid:0x7eff45e0b700] Handler: value(0), timestamp(0x174e4a0), handle(0x7eff5083e480)
:4:command.cpp              :170 : 832251175711 us: 514  : [tid:0x7eff45e0b700] Command 0xcfa8b0 complete
:4:command.cpp              :168 : 832251175716 us: 514  : [tid:0x7eff45e0b700] Command 0x11a77b0 complete (Wall: 832251175714, CPU: 0, GPU: 55143 us)
:4:commandqueue.cpp         :140 : 832251175716 us: 514  : [tid:0x7eff509c5080] All commands finished
:3:rocvirtual.cpp           :194 : 832251175721 us: 514  : [tid:0x7eff45e0b700] Handler: value(0), timestamp(0x174e640), handle(0x7eff454e3980)
:4:command.cpp              :168 : 832251175727 us: 514  : [tid:0x7eff45e0b700] Command 0xef29f0 complete (Wall: 832251175725, CPU: 0, GPU: 55107 us)
:3:rocvirtual.cpp           :194 : 832251175732 us: 514  : [tid:0x7eff45e0b700] Handler: value(0), timestamp(0x174e570), handle(0x7eff45606f00)
:4:rocdevice.cpp            :2070: 832251175733 us: 514  : [tid:0x7eff509c5080] Free hsa memory 0x7eff45100000
:3:rocdevice.cpp            :2093: 832251175740 us: 514  : [tid:0x7eff509c5080] device=0xc145e0, freeMem_ = 0xff000000
:4:command.cpp              :170 : 832251175744 us: 514  : [tid:0x7eff45e0b700] Command 0xe44190 complete
:3:hip_memory.cpp           :538 : 832251175745 us: 514  : [tid:0x7eff509c5080] hipFree: Returned hipSuccess : 
:4:command.cpp              :168 : 832251175752 us: 514  : [tid:0x7eff45e0b700] Command 0xef0af0 complete (Wall: 832251175751, CPU: 0, GPU: 55143 us)
:3:devprogram.cpp           :2978: 832251175791 us: 514  : [tid:0x7eff509c5080] For Init/Fini: Kernel Name: _Z2k4v
:3:devprogram.cpp           :2978: 832251175798 us: 514  : [tid:0x7eff509c5080] For Init/Fini: Kernel Name: _Z2k1v
:3:devprogram.cpp           :2978: 832251175799 us: 514  : [tid:0x7eff509c5080] For Init/Fini: Kernel Name: _Z2k3v
:3:devprogram.cpp           :2978: 832251175801 us: 514  : [tid:0x7eff509c5080] For Init/Fini: Kernel Name: _Z2k2v
Stream 0 create ok.
Stream 1 create ok.
