:3:rocdevice.cpp            :416 : 248348465208 us: 18334: [tid:0x7f69089d3080] Initializing HSA stack.
GG: GetEnvVar(HSA_ENABLED_SDMA): 0
GG: enable_sdma_: 0
GG: GetEnvVar(HSA_ENABLED_SDMA): 0
GG: enable_sdma_: 0
GG: GpuAgent.constructor, entered...
 GG: !HSA_LARGE_MODEL enabled and defined(__linux__)
  GG: max_queues_ : 128
GG: GpuAgent.constructor, entered...
 GG: !HSA_LARGE_MODEL enabled and defined(__linux__)
  GG: max_queues_ : 128
GG: GpuAgent.constructor, entered...
 GG: !HSA_LARGE_MODEL enabled and defined(__linux__)
  GG: max_queues_ : 128
GG: GpuAgent.constructor, entered...
 GG: !HSA_LARGE_MODEL enabled and defined(__linux__)
  GG: max_queues_ : 128
GG: InitDma: entered...
  GG: calling queue_lambda...
  GG: determine/instantiat No. of blit objs to engage...
  GG: Init blit objs used for D2D/H2D/D2H/P2P ops...
  GG: calling blit_lambda...
  GG: InitGWS...
GG: InitDma: entered...
  GG: calling queue_lambda...
  GG: determine/instantiat No. of blit objs to engage...
  GG: Init blit objs used for D2D/H2D/D2H/P2P ops...
  GG: calling blit_lambda...
  GG: InitGWS...
GG: InitDma: entered...
  GG: calling queue_lambda...
  GG: determine/instantiat No. of blit objs to engage...
  GG: Init blit objs used for D2D/H2D/D2H/P2P ops...
  GG: calling blit_lambda...
  GG: InitGWS...
GG: InitDma: entered...
  GG: calling queue_lambda...
  GG: determine/instantiat No. of blit objs to engage...
  GG: Init blit objs used for D2D/H2D/D2H/P2P ops...
  GG: calling blit_lambda...
  GG: InitGWS...
:3:comgrctx.cpp             :33  : 248348549358 us: 18334: [tid:0x7f69089d3080] Loading COMGR library.
:3:rocdevice.cpp            :207 : 248348549421 us: 18334: [tid:0x7f69089d3080] Numa selects cpu agent[0]=0x18852a0(fine=0x189c440,coarse=0x1975cc0) for gpu agent=0x19795d0
:3:rocdevice.cpp            :1611: 248348549732 us: 18334: [tid:0x7f69089d3080] HMM support: 1, xnack: 0, direct host access: 0

:4:rocdevice.cpp            :1918: 248348550056 us: 18334: [tid:0x7f69089d3080] Allocate hsa host memory 0x7f67fd400000, size 0x101000
:4:rocdevice.cpp            :1918: 248348550430 us: 18334: [tid:0x7f69089d3080] Allocate hsa host memory 0x7f67fd200000, size 0x101000
:4:rocdevice.cpp            :2054: 248348550542 us: 18334: [tid:0x7f69089d3080] Allocate hsa device memory 0x7f67fce00000, size 0x100000
:3:rocdevice.cpp            :207 : 248348550571 us: 18334: [tid:0x7f69089d3080] Numa selects cpu agent[0]=0x18852a0(fine=0x189c440,coarse=0x1975cc0) for gpu agent=0x1a08f70
:3:rocdevice.cpp            :1611: 248348550689 us: 18334: [tid:0x7f69089d3080] HMM support: 1, xnack: 0, direct host access: 0

:4:rocdevice.cpp            :1918: 248348550925 us: 18334: [tid:0x7f69089d3080] Allocate hsa host memory 0x7f67fcc00000, size 0x101000
:4:rocdevice.cpp            :1918: 248348551238 us: 18334: [tid:0x7f69089d3080] Allocate hsa host memory 0x7f67fca00000, size 0x101000
:4:rocdevice.cpp            :2054: 248348551530 us: 18334: [tid:0x7f69089d3080] Allocate hsa device memory 0x7f67fc600000, size 0x100000
:3:rocdevice.cpp            :207 : 248348551557 us: 18334: [tid:0x7f69089d3080] Numa selects cpu agent[0]=0x18852a0(fine=0x189c440,coarse=0x1975cc0) for gpu agent=0x1a0d320
:3:rocdevice.cpp            :1611: 248348551670 us: 18334: [tid:0x7f69089d3080] HMM support: 1, xnack: 0, direct host access: 0

:4:rocdevice.cpp            :1918: 248348551912 us: 18334: [tid:0x7f69089d3080] Allocate hsa host memory 0x7f67fc400000, size 0x101000
:4:rocdevice.cpp            :1918: 248348552252 us: 18334: [tid:0x7f69089d3080] Allocate hsa host memory 0x7f67fc200000, size 0x101000
:4:rocdevice.cpp            :2054: 248348552367 us: 18334: [tid:0x7f69089d3080] Allocate hsa device memory 0x7f64f7600000, size 0x100000
:3:rocdevice.cpp            :207 : 248348552397 us: 18334: [tid:0x7f69089d3080] Numa selects cpu agent[0]=0x18852a0(fine=0x189c440,coarse=0x1975cc0) for gpu agent=0x1a11700
:3:rocdevice.cpp            :1611: 248348552515 us: 18334: [tid:0x7f69089d3080] HMM support: 1, xnack: 0, direct host access: 0

:4:rocdevice.cpp            :1918: 248348552549 us: 18334: [tid:0x7f69089d3080] Allocate hsa host memory 0x7f6908832000, size 0xa0
:4:rocdevice.cpp            :1918: 248348552815 us: 18334: [tid:0x7f69089d3080] Allocate hsa host memory 0x7f64f7400000, size 0x101000
:4:rocdevice.cpp            :1918: 248348553158 us: 18334: [tid:0x7f69089d3080] Allocate hsa host memory 0x7f64f7200000, size 0x101000
:4:rocdevice.cpp            :2054: 248348553271 us: 18334: [tid:0x7f69089d3080] Allocate hsa device memory 0x7f64f6e00000, size 0x100000
:4:runtime.cpp              :83  : 248348553280 us: 18334: [tid:0x7f69089d3080] init
:3:hip_context.cpp          :50  : 248348553282 us: 18334: [tid:0x7f69089d3080] Direct Dispatch: 1
:4:rocdevice.cpp            :2054: 248348553502 us: 18334: [tid:0x7f69089d3080] Allocate hsa device memory 0x7f6476c00000, size 0x80000000
:3:rocdevice.cpp            :2093: 248348553507 us: 18334: [tid:0x7f69089d3080] device=0x1a186a0, freeMem_ = 0x7f000000
:3:hip_memory.cpp           :496 : 248348553515 us: 18334: [tid:0x7f69089d3080] hipMalloc: Returned hipSuccess : 0x7f6476c00000
It took me 0.0884091 seconds.
:3:hip_memory.cpp           :537 : 248348553542 us: 18334: [tid:0x7f69089d3080] [32mhipFree ( 0x7f6476c00000 )[0m
:3:rocdevice.cpp            :2686: 248348553554 us: 18334: [tid:0x7f69089d3080] number of allocated hardware queues with low priority: 0, with normal priority: 0, with high priority: 0, maximum per priority is: 4
GG: queue_lambda entered: 
GG: CpuAgent::CreateInterceptibleQueue entered...
:3:rocdevice.cpp            :2757: 248348570023 us: 18334: [tid:0x7f69089d3080] created hardware queue 0x7f6908822000 with size 4096 with priority 1, cooperative: 0
:4:rocdevice.cpp            :1918: 248348570213 us: 18334: [tid:0x7f69089d3080] Allocate hsa host memory 0x7f67fd100000, size 0x80000
:3:devprogram.cpp           :2675: 248348716221 us: 18334: [tid:0x7f69089d3080] Using Code Object V4.
GG: DmaCopy(dst, src, size)..entered.
GG: GpuAgent::CreateBlitKernel() entered...
GG: BlitKernel::SubmitLinearCopyCommand(dst, src, size): entered.
GG: BlitKernel::SubmitLinearCopyCommand(dst, src, size, dep_signals, out_signal): entered.
  GG: total_num_packet: 1
GG: BlitKernel::PopulateQueue: entered.
:3:devprogram.cpp           :2978: 248348717367 us: 18334: [tid:0x7f69089d3080] For Init/Fini: Kernel Name: __amd_rocclr_copyBufferAligned
:3:devprogram.cpp           :2978: 248348717373 us: 18334: [tid:0x7f69089d3080] For Init/Fini: Kernel Name: __amd_rocclr_streamOpsWait
:3:devprogram.cpp           :2978: 248348717375 us: 18334: [tid:0x7f69089d3080] For Init/Fini: Kernel Name: __amd_rocclr_copyBuffer
:3:devprogram.cpp           :2978: 248348717377 us: 18334: [tid:0x7f69089d3080] For Init/Fini: Kernel Name: __amd_rocclr_streamOpsWrite
:3:devprogram.cpp           :2978: 248348717379 us: 18334: [tid:0x7f69089d3080] For Init/Fini: Kernel Name: __amd_rocclr_copyBufferRectAligned
:3:devprogram.cpp           :2978: 248348717381 us: 18334: [tid:0x7f69089d3080] For Init/Fini: Kernel Name: __amd_rocclr_gwsInit
:3:devprogram.cpp           :2978: 248348717383 us: 18334: [tid:0x7f69089d3080] For Init/Fini: Kernel Name: __amd_rocclr_copyBufferRect
:3:devprogram.cpp           :2978: 248348717385 us: 18334: [tid:0x7f69089d3080] For Init/Fini: Kernel Name: __amd_rocclr_fillBufferAligned
:3:devprogram.cpp           :2978: 248348717387 us: 18334: [tid:0x7f69089d3080] For Init/Fini: Kernel Name: __amd_rocclr_fillBufferAligned2D
:4:rocmemory.cpp            :941 : 248348717447 us: 18334: [tid:0x7f69089d3080] Locking to pool 0x1975cc0, size 0x1000, HostPtr = 0x2522000, DevPtr = 0x7f68fd636000
:4:rocdevice.cpp            :2070: 248348717662 us: 18334: [tid:0x7f69089d3080] Free hsa memory 0x7f6476c00000
:3:rocdevice.cpp            :2093: 248348717668 us: 18334: [tid:0x7f69089d3080] device=0x1a186a0, freeMem_ = 0xff000000
:3:hip_memory.cpp           :539 : 248348717674 us: 18334: [tid:0x7f69089d3080] hipFree: Returned hipSuccess : 
