/home/guyen/extdir/gg/git/codelab/gpu/ml/tf/tf-from-scratch/3/code-exercises/ch8/ch8-p134-full-classificiation-model.py:38: UserWarning: Creating a tensor from a list of numpy.ndarrays is extremely slow. Please consider converting the list to a single numpy.ndarray with numpy.array() before converting to a tensor. (Triggered internally at ../torch/csrc/utils/tensor_new.cpp:276.)
  train_data = TensorDataset(torch.as_tensor(points).float(),torch.as_tensor(directions).view(-1,1).float())
printFnc: func:  <function namestr at 0x7fa6ac2e59d0>
Import setings:
DBG: hidden_dim:  2 

DBG: n_features:  2 

--------------------------------
['points'] :  <class 'numpy.ndarray'> (256, 4, 2)
--------------------------------
--------------------------------
['test_points'] :  <class 'numpy.ndarray'> (128, 4, 2)
--------------------------------
DBG: ('epoch No: ', 0) 

--------------------------------
[] :  <class 'numpy.float64'> ()
--------------------------------
--------------------------------
[] :  <class 'numpy.ndarray'> (1,)
--------------------------------
--------------------------------
[] :  <class 'numpy.float64'> ()
--------------------------------
--------------------------------
[] :  <class 'numpy.ndarray'> (1,)
--------------------------------
DBG: ('epoch No: ', 1) 

--------------------------------
[] :  <class 'numpy.float64'> ()
--------------------------------
--------------------------------
[] :  <class 'numpy.ndarray'> (2,)
--------------------------------
--------------------------------
[] :  <class 'numpy.float64'> ()
--------------------------------
--------------------------------
[] :  <class 'numpy.ndarray'> (2,)
--------------------------------
DBG: ('epoch No: ', 2) 

--------------------------------
[] :  <class 'numpy.float64'> ()
--------------------------------
--------------------------------
[] :  <class 'numpy.ndarray'> (3,)
--------------------------------
--------------------------------
[] :  <class 'numpy.float64'> ()
--------------------------------
--------------------------------
[] :  <class 'numpy.ndarray'> (3,)
--------------------------------
DBG: ('epoch No: ', 3) 

--------------------------------
[] :  <class 'numpy.float64'> ()
--------------------------------
--------------------------------
[] :  <class 'numpy.ndarray'> (4,)
--------------------------------
--------------------------------
[] :  <class 'numpy.float64'> ()
--------------------------------
--------------------------------
[] :  <class 'numpy.ndarray'> (4,)
--------------------------------
DBG: ('epoch No: ', 4) 

--------------------------------
[] :  <class 'numpy.float64'> ()
--------------------------------
--------------------------------
[] :  <class 'numpy.ndarray'> (5,)
--------------------------------
--------------------------------
[] :  <class 'numpy.float64'> ()
--------------------------------
--------------------------------
[] :  <class 'numpy.ndarray'> (5,)
--------------------------------
DBG: ('epoch No: ', 5) 

--------------------------------
[] :  <class 'numpy.float64'> ()
--------------------------------
--------------------------------
[] :  <class 'numpy.ndarray'> (6,)
--------------------------------
--------------------------------
[] :  <class 'numpy.float64'> ()
--------------------------------
--------------------------------
[] :  <class 'numpy.ndarray'> (6,)
--------------------------------
DBG: ('epoch No: ', 6) 

--------------------------------
[] :  <class 'numpy.float64'> ()
--------------------------------
--------------------------------
[] :  <class 'numpy.ndarray'> (7,)
--------------------------------
--------------------------------
[] :  <class 'numpy.float64'> ()
--------------------------------
--------------------------------
[] :  <class 'numpy.ndarray'> (7,)
--------------------------------
DBG: ('epoch No: ', 7) 

--------------------------------
[] :  <class 'numpy.float64'> ()
--------------------------------
--------------------------------
[] :  <class 'numpy.ndarray'> (8,)
--------------------------------
--------------------------------
[] :  <class 'numpy.float64'> ()
--------------------------------
--------------------------------
[] :  <class 'numpy.ndarray'> (8,)
--------------------------------
DBG: ('epoch No: ', 8) 

--------------------------------
[] :  <class 'numpy.float64'> ()
--------------------------------
--------------------------------
[] :  <class 'numpy.ndarray'> (9,)
--------------------------------
--------------------------------
[] :  <class 'numpy.float64'> ()
--------------------------------
--------------------------------
[] :  <class 'numpy.ndarray'> (9,)
--------------------------------
DBG: ('epoch No: ', 9) 

--------------------------------
[] :  <class 'numpy.float64'> ()
--------------------------------
--------------------------------
[] :  <class 'numpy.ndarray'> (10,)
--------------------------------
--------------------------------
[] :  <class 'numpy.float64'> ()
--------------------------------
--------------------------------
[] :  <class 'numpy.ndarray'> (10,)
--------------------------------
DBG: ('epoch No: ', 10) 

--------------------------------
[] :  <class 'numpy.float64'> ()
--------------------------------
--------------------------------
[] :  <class 'numpy.ndarray'> (11,)
--------------------------------
--------------------------------
[] :  <class 'numpy.float64'> ()
--------------------------------
--------------------------------
[] :  <class 'numpy.ndarray'> (11,)
--------------------------------
DBG: ('epoch No: ', 11) 

--------------------------------
[] :  <class 'numpy.float64'> ()
--------------------------------
--------------------------------
[] :  <class 'numpy.ndarray'> (12,)
--------------------------------
--------------------------------
[] :  <class 'numpy.float64'> ()
--------------------------------
--------------------------------
[] :  <class 'numpy.ndarray'> (12,)
--------------------------------
DBG: ('epoch No: ', 12) 

--------------------------------
[] :  <class 'numpy.float64'> ()
--------------------------------
--------------------------------
[] :  <class 'numpy.ndarray'> (13,)
--------------------------------
--------------------------------
[] :  <class 'numpy.float64'> ()
--------------------------------
--------------------------------
[] :  <class 'numpy.ndarray'> (13,)
--------------------------------
DBG: ('epoch No: ', 13) 

--------------------------------
[] :  <class 'numpy.float64'> ()
--------------------------------
--------------------------------
[] :  <class 'numpy.ndarray'> (14,)
--------------------------------
--------------------------------
[] :  <class 'numpy.float64'> ()
--------------------------------
--------------------------------
[] :  <class 'numpy.ndarray'> (14,)
--------------------------------
DBG: ('epoch No: ', 14) 

--------------------------------
[] :  <class 'numpy.float64'> ()
--------------------------------
--------------------------------
[] :  <class 'numpy.ndarray'> (15,)
--------------------------------
--------------------------------
[] :  <class 'numpy.float64'> ()
--------------------------------
--------------------------------
[] :  <class 'numpy.ndarray'> (15,)
--------------------------------
DBG: ('epoch No: ', 15) 

--------------------------------
[] :  <class 'numpy.float64'> ()
--------------------------------
--------------------------------
[] :  <class 'numpy.ndarray'> (16,)
--------------------------------
--------------------------------
[] :  <class 'numpy.float64'> ()
--------------------------------
--------------------------------
[] :  <class 'numpy.ndarray'> (16,)
--------------------------------
DBG: ('epoch No: ', 16) 

--------------------------------
[] :  <class 'numpy.float64'> ()
--------------------------------
--------------------------------
[] :  <class 'numpy.ndarray'> (17,)
--------------------------------
--------------------------------
[] :  <class 'numpy.float64'> ()
--------------------------------
--------------------------------
[] :  <class 'numpy.ndarray'> (17,)
--------------------------------
DBG: ('epoch No: ', 17) 

--------------------------------
[] :  <class 'numpy.float64'> ()
--------------------------------
--------------------------------
[] :  <class 'numpy.ndarray'> (18,)
--------------------------------
--------------------------------
[] :  <class 'numpy.float64'> ()
--------------------------------
--------------------------------
[] :  <class 'numpy.ndarray'> (18,)
--------------------------------
DBG: ('epoch No: ', 18) 

--------------------------------
[] :  <class 'numpy.float64'> ()
--------------------------------
--------------------------------
[] :  <class 'numpy.ndarray'> (19,)
--------------------------------
--------------------------------
[] :  <class 'numpy.float64'> ()
--------------------------------
--------------------------------
[] :  <class 'numpy.ndarray'> (19,)
--------------------------------
DBG: ('epoch No: ', 19) 

--------------------------------
[] :  <class 'numpy.float64'> ()
--------------------------------
--------------------------------
[] :  <class 'numpy.ndarray'> (20,)
--------------------------------
--------------------------------
[] :  <class 'numpy.float64'> ()
--------------------------------
--------------------------------
[] :  <class 'numpy.ndarray'> (20,)
--------------------------------
DBG: ('epoch No: ', 20) 

--------------------------------
[] :  <class 'numpy.float64'> ()
--------------------------------
--------------------------------
[] :  <class 'numpy.ndarray'> (21,)
--------------------------------
--------------------------------
[] :  <class 'numpy.float64'> ()
--------------------------------
--------------------------------
[] :  <class 'numpy.ndarray'> (21,)
--------------------------------
DBG: ('epoch No: ', 21) 

--------------------------------
[] :  <class 'numpy.float64'> ()
--------------------------------
--------------------------------
[] :  <class 'numpy.ndarray'> (22,)
--------------------------------
--------------------------------
[] :  <class 'numpy.float64'> ()
--------------------------------
--------------------------------
[] :  <class 'numpy.ndarray'> (22,)
--------------------------------
DBG: ('epoch No: ', 22) 

--------------------------------
[] :  <class 'numpy.float64'> ()
--------------------------------
--------------------------------
[] :  <class 'numpy.ndarray'> (23,)
--------------------------------
--------------------------------
[] :  <class 'numpy.float64'> ()
--------------------------------
--------------------------------
[] :  <class 'numpy.ndarray'> (23,)
--------------------------------
DBG: ('epoch No: ', 23) 

--------------------------------
[] :  <class 'numpy.float64'> ()
--------------------------------
--------------------------------
[] :  <class 'numpy.ndarray'> (24,)
--------------------------------
--------------------------------
[] :  <class 'numpy.float64'> ()
--------------------------------
--------------------------------
[] :  <class 'numpy.ndarray'> (24,)
--------------------------------
DBG: ('epoch No: ', 24) 

--------------------------------
[] :  <class 'numpy.float64'> ()
--------------------------------
--------------------------------
[] :  <class 'numpy.ndarray'> (25,)
--------------------------------
--------------------------------
[] :  <class 'numpy.float64'> ()
--------------------------------
--------------------------------
[] :  <class 'numpy.ndarray'> (25,)
--------------------------------
DBG: ('epoch No: ', 25) 

--------------------------------
[] :  <class 'numpy.float64'> ()
--------------------------------
--------------------------------
[] :  <class 'numpy.ndarray'> (26,)
--------------------------------
--------------------------------
[] :  <class 'numpy.float64'> ()
--------------------------------
--------------------------------
[] :  <class 'numpy.ndarray'> (26,)
--------------------------------
DBG: ('epoch No: ', 26) 

--------------------------------
[] :  <class 'numpy.float64'> ()
--------------------------------
--------------------------------
[] :  <class 'numpy.ndarray'> (27,)
--------------------------------
--------------------------------
[] :  <class 'numpy.float64'> ()
--------------------------------
--------------------------------
[] :  <class 'numpy.ndarray'> (27,)
--------------------------------
DBG: ('epoch No: ', 27) 

--------------------------------
[] :  <class 'numpy.float64'> ()
--------------------------------
--------------------------------
[] :  <class 'numpy.ndarray'> (28,)
--------------------------------
--------------------------------
[] :  <class 'numpy.float64'> ()
--------------------------------
--------------------------------
[] :  <class 'numpy.ndarray'> (28,)
--------------------------------
DBG: ('epoch No: ', 28) 

--------------------------------
[] :  <class 'numpy.float64'> ()
--------------------------------
--------------------------------
[] :  <class 'numpy.ndarray'> (29,)
--------------------------------
--------------------------------
[] :  <class 'numpy.float64'> ()
--------------------------------
--------------------------------
[] :  <class 'numpy.ndarray'> (29,)
--------------------------------
DBG: ('epoch No: ', 29) 

--------------------------------
[] :  <class 'numpy.float64'> ()
--------------------------------
--------------------------------
[] :  <class 'numpy.ndarray'> (30,)
--------------------------------
--------------------------------
[] :  <class 'numpy.float64'> ()
--------------------------------
--------------------------------
[] :  <class 'numpy.ndarray'> (30,)
--------------------------------
DBG: ('epoch No: ', 30) 

--------------------------------
[] :  <class 'numpy.float64'> ()
--------------------------------
--------------------------------
[] :  <class 'numpy.ndarray'> (31,)
--------------------------------
--------------------------------
[] :  <class 'numpy.float64'> ()
--------------------------------
--------------------------------
[] :  <class 'numpy.ndarray'> (31,)
--------------------------------
DBG: ('epoch No: ', 31) 

--------------------------------
[] :  <class 'numpy.float64'> ()
--------------------------------
--------------------------------
[] :  <class 'numpy.ndarray'> (32,)
--------------------------------
--------------------------------
[] :  <class 'numpy.float64'> ()
--------------------------------
--------------------------------
[] :  <class 'numpy.ndarray'> (32,)
--------------------------------
DBG: ('epoch No: ', 32) 

--------------------------------
[] :  <class 'numpy.float64'> ()
--------------------------------
--------------------------------
[] :  <class 'numpy.ndarray'> (33,)
--------------------------------
--------------------------------
[] :  <class 'numpy.float64'> ()
--------------------------------
--------------------------------
[] :  <class 'numpy.ndarray'> (33,)
--------------------------------
DBG: ('epoch No: ', 33) 

--------------------------------
[] :  <class 'numpy.float64'> ()
--------------------------------
--------------------------------
[] :  <class 'numpy.ndarray'> (34,)
--------------------------------
--------------------------------
[] :  <class 'numpy.float64'> ()
--------------------------------
--------------------------------
[] :  <class 'numpy.ndarray'> (34,)
--------------------------------
DBG: ('epoch No: ', 34) 

--------------------------------
[] :  <class 'numpy.float64'> ()
--------------------------------
--------------------------------
[] :  <class 'numpy.ndarray'> (35,)
--------------------------------
--------------------------------
[] :  <class 'numpy.float64'> ()
--------------------------------
--------------------------------
[] :  <class 'numpy.ndarray'> (35,)
--------------------------------
DBG: ('epoch No: ', 35) 

--------------------------------
[] :  <class 'numpy.float64'> ()
--------------------------------
--------------------------------
[] :  <class 'numpy.ndarray'> (36,)
--------------------------------
--------------------------------
[] :  <class 'numpy.float64'> ()
--------------------------------
--------------------------------
[] :  <class 'numpy.ndarray'> (36,)
--------------------------------
DBG: ('epoch No: ', 36) 

--------------------------------
[] :  <class 'numpy.float64'> ()
--------------------------------
--------------------------------
[] :  <class 'numpy.ndarray'> (37,)
--------------------------------
--------------------------------
[] :  <class 'numpy.float64'> ()
--------------------------------
--------------------------------
[] :  <class 'numpy.ndarray'> (37,)
--------------------------------
DBG: ('epoch No: ', 37) 

--------------------------------
[] :  <class 'numpy.float64'> ()
--------------------------------
--------------------------------
[] :  <class 'numpy.ndarray'> (38,)
--------------------------------
--------------------------------
[] :  <class 'numpy.float64'> ()
--------------------------------
--------------------------------
[] :  <class 'numpy.ndarray'> (38,)
--------------------------------
DBG: ('epoch No: ', 38) 

--------------------------------
[] :  <class 'numpy.float64'> ()
--------------------------------
--------------------------------
[] :  <class 'numpy.ndarray'> (39,)
--------------------------------
--------------------------------
[] :  <class 'numpy.float64'> ()
--------------------------------
--------------------------------
[] :  <class 'numpy.ndarray'> (39,)
--------------------------------
DBG: ('epoch No: ', 39) 

--------------------------------
[] :  <class 'numpy.float64'> ()
--------------------------------
--------------------------------
[] :  <class 'numpy.ndarray'> (40,)
--------------------------------
--------------------------------
[] :  <class 'numpy.float64'> ()
--------------------------------
--------------------------------
[] :  <class 'numpy.ndarray'> (40,)
--------------------------------
DBG: ('epoch No: ', 40) 

--------------------------------
[] :  <class 'numpy.float64'> ()
--------------------------------
--------------------------------
[] :  <class 'numpy.ndarray'> (41,)
--------------------------------
--------------------------------
[] :  <class 'numpy.float64'> ()
--------------------------------
--------------------------------
[] :  <class 'numpy.ndarray'> (41,)
--------------------------------
DBG: ('epoch No: ', 41) 

--------------------------------
[] :  <class 'numpy.float64'> ()
--------------------------------
--------------------------------
[] :  <class 'numpy.ndarray'> (42,)
--------------------------------
--------------------------------
[] :  <class 'numpy.float64'> ()
--------------------------------
--------------------------------
[] :  <class 'numpy.ndarray'> (42,)
--------------------------------
DBG: ('epoch No: ', 42) 

--------------------------------
[] :  <class 'numpy.float64'> ()
--------------------------------
--------------------------------
[] :  <class 'numpy.ndarray'> (43,)
--------------------------------
--------------------------------
[] :  <class 'numpy.float64'> ()
--------------------------------
--------------------------------
[] :  <class 'numpy.ndarray'> (43,)
--------------------------------
DBG: ('epoch No: ', 43) 

--------------------------------
[] :  <class 'numpy.float64'> ()
--------------------------------
--------------------------------
[] :  <class 'numpy.ndarray'> (44,)
--------------------------------
--------------------------------
[] :  <class 'numpy.float64'> ()
--------------------------------
--------------------------------
[] :  <class 'numpy.ndarray'> (44,)
--------------------------------
DBG: ('epoch No: ', 44) 

--------------------------------
[] :  <class 'numpy.float64'> ()
--------------------------------
--------------------------------
[] :  <class 'numpy.ndarray'> (45,)
--------------------------------
--------------------------------
[] :  <class 'numpy.float64'> ()
--------------------------------
--------------------------------
[] :  <class 'numpy.ndarray'> (45,)
--------------------------------
DBG: ('epoch No: ', 45) 

--------------------------------
[] :  <class 'numpy.float64'> ()
--------------------------------
--------------------------------
[] :  <class 'numpy.ndarray'> (46,)
--------------------------------
--------------------------------
[] :  <class 'numpy.float64'> ()
--------------------------------
--------------------------------
[] :  <class 'numpy.ndarray'> (46,)
--------------------------------
DBG: ('epoch No: ', 46) 

--------------------------------
[] :  <class 'numpy.float64'> ()
--------------------------------
--------------------------------
[] :  <class 'numpy.ndarray'> (47,)
--------------------------------
--------------------------------
[] :  <class 'numpy.float64'> ()
--------------------------------
--------------------------------
[] :  <class 'numpy.ndarray'> (47,)
--------------------------------
DBG: ('epoch No: ', 47) 

--------------------------------
[] :  <class 'numpy.float64'> ()
--------------------------------
--------------------------------
[] :  <class 'numpy.ndarray'> (48,)
--------------------------------
--------------------------------
[] :  <class 'numpy.float64'> ()
--------------------------------
--------------------------------
[] :  <class 'numpy.ndarray'> (48,)
--------------------------------
DBG: ('epoch No: ', 48) 

--------------------------------
[] :  <class 'numpy.float64'> ()
--------------------------------
--------------------------------
[] :  <class 'numpy.ndarray'> (49,)
--------------------------------
--------------------------------
[] :  <class 'numpy.float64'> ()
--------------------------------
--------------------------------
[] :  <class 'numpy.ndarray'> (49,)
--------------------------------
DBG: ('epoch No: ', 49) 

--------------------------------
[] :  <class 'numpy.float64'> ()
--------------------------------
--------------------------------
[] :  <class 'numpy.ndarray'> (50,)
--------------------------------
--------------------------------
[] :  <class 'numpy.float64'> ()
--------------------------------
--------------------------------
[] :  <class 'numpy.ndarray'> (50,)
--------------------------------
DBG: ('epoch No: ', 50) 

--------------------------------
[] :  <class 'numpy.float64'> ()
--------------------------------
--------------------------------
[] :  <class 'numpy.ndarray'> (51,)
--------------------------------
--------------------------------
[] :  <class 'numpy.float64'> ()
--------------------------------
--------------------------------
[] :  <class 'numpy.ndarray'> (51,)
--------------------------------
DBG: ('epoch No: ', 51) 

--------------------------------
[] :  <class 'numpy.float64'> ()
--------------------------------
--------------------------------
[] :  <class 'numpy.ndarray'> (52,)
--------------------------------
--------------------------------
[] :  <class 'numpy.float64'> ()
--------------------------------
--------------------------------
[] :  <class 'numpy.ndarray'> (52,)
--------------------------------
DBG: ('epoch No: ', 52) 

--------------------------------
[] :  <class 'numpy.float64'> ()
--------------------------------
--------------------------------
[] :  <class 'numpy.ndarray'> (53,)
--------------------------------
--------------------------------
[] :  <class 'numpy.float64'> ()
--------------------------------
--------------------------------
[] :  <class 'numpy.ndarray'> (53,)
--------------------------------
DBG: ('epoch No: ', 53) 

--------------------------------
[] :  <class 'numpy.float64'> ()
--------------------------------
--------------------------------
[] :  <class 'numpy.ndarray'> (54,)
--------------------------------
--------------------------------
[] :  <class 'numpy.float64'> ()
--------------------------------
--------------------------------
[] :  <class 'numpy.ndarray'> (54,)
--------------------------------
DBG: ('epoch No: ', 54) 

--------------------------------
[] :  <class 'numpy.float64'> ()
--------------------------------
--------------------------------
[] :  <class 'numpy.ndarray'> (55,)
--------------------------------
--------------------------------
[] :  <class 'numpy.float64'> ()
--------------------------------
--------------------------------
[] :  <class 'numpy.ndarray'> (55,)
--------------------------------
DBG: ('epoch No: ', 55) 

--------------------------------
[] :  <class 'numpy.float64'> ()
--------------------------------
--------------------------------
[] :  <class 'numpy.ndarray'> (56,)
--------------------------------
--------------------------------
[] :  <class 'numpy.float64'> ()
--------------------------------
--------------------------------
[] :  <class 'numpy.ndarray'> (56,)
--------------------------------
DBG: ('epoch No: ', 56) 

--------------------------------
[] :  <class 'numpy.float64'> ()
--------------------------------
--------------------------------
[] :  <class 'numpy.ndarray'> (57,)
--------------------------------
--------------------------------
[] :  <class 'numpy.float64'> ()
--------------------------------
--------------------------------
[] :  <class 'numpy.ndarray'> (57,)
--------------------------------
DBG: ('epoch No: ', 57) 

--------------------------------
[] :  <class 'numpy.float64'> ()
--------------------------------
--------------------------------
[] :  <class 'numpy.ndarray'> (58,)
--------------------------------
--------------------------------
[] :  <class 'numpy.float64'> ()
--------------------------------
--------------------------------
[] :  <class 'numpy.ndarray'> (58,)
--------------------------------
DBG: ('epoch No: ', 58) 

--------------------------------
[] :  <class 'numpy.float64'> ()
--------------------------------
--------------------------------
[] :  <class 'numpy.ndarray'> (59,)
--------------------------------
--------------------------------
[] :  <class 'numpy.float64'> ()
--------------------------------
--------------------------------
[] :  <class 'numpy.ndarray'> (59,)
--------------------------------
DBG: ('epoch No: ', 59) 

--------------------------------
[] :  <class 'numpy.float64'> ()
--------------------------------
--------------------------------
[] :  <class 'numpy.ndarray'> (60,)
--------------------------------
--------------------------------
[] :  <class 'numpy.float64'> ()
--------------------------------
--------------------------------
[] :  <class 'numpy.ndarray'> (60,)
--------------------------------
DBG: ('epoch No: ', 60) 

--------------------------------
[] :  <class 'numpy.float64'> ()
--------------------------------
--------------------------------
[] :  <class 'numpy.ndarray'> (61,)
--------------------------------
--------------------------------
[] :  <class 'numpy.float64'> ()
--------------------------------
--------------------------------
[] :  <class 'numpy.ndarray'> (61,)
--------------------------------
DBG: ('epoch No: ', 61) 

--------------------------------
[] :  <class 'numpy.float64'> ()
--------------------------------
--------------------------------
[] :  <class 'numpy.ndarray'> (62,)
--------------------------------
--------------------------------
[] :  <class 'numpy.float64'> ()
--------------------------------
--------------------------------
[] :  <class 'numpy.ndarray'> (62,)
--------------------------------
DBG: ('epoch No: ', 62) 

--------------------------------
[] :  <class 'numpy.float64'> ()
--------------------------------
--------------------------------
[] :  <class 'numpy.ndarray'> (63,)
--------------------------------
--------------------------------
[] :  <class 'numpy.float64'> ()
--------------------------------
--------------------------------
[] :  <class 'numpy.ndarray'> (63,)
--------------------------------
DBG: ('epoch No: ', 63) 

--------------------------------
[] :  <class 'numpy.float64'> ()
--------------------------------
--------------------------------
[] :  <class 'numpy.ndarray'> (64,)
--------------------------------
--------------------------------
[] :  <class 'numpy.float64'> ()
--------------------------------
--------------------------------
[] :  <class 'numpy.ndarray'> (64,)
--------------------------------
DBG: ('epoch No: ', 64) 

--------------------------------
[] :  <class 'numpy.float64'> ()
--------------------------------
--------------------------------
[] :  <class 'numpy.ndarray'> (65,)
--------------------------------
--------------------------------
[] :  <class 'numpy.float64'> ()
--------------------------------
--------------------------------
[] :  <class 'numpy.ndarray'> (65,)
--------------------------------
DBG: ('epoch No: ', 65) 

--------------------------------
[] :  <class 'numpy.float64'> ()
--------------------------------
--------------------------------
[] :  <class 'numpy.ndarray'> (66,)
--------------------------------
--------------------------------
[] :  <class 'numpy.float64'> ()
--------------------------------
--------------------------------
[] :  <class 'numpy.ndarray'> (66,)
--------------------------------
DBG: ('epoch No: ', 66) 

--------------------------------
[] :  <class 'numpy.float64'> ()
--------------------------------
--------------------------------
[] :  <class 'numpy.ndarray'> (67,)
--------------------------------
--------------------------------
[] :  <class 'numpy.float64'> ()
--------------------------------
--------------------------------
[] :  <class 'numpy.ndarray'> (67,)
--------------------------------
DBG: ('epoch No: ', 67) 

--------------------------------
[] :  <class 'numpy.float64'> ()
--------------------------------
--------------------------------
[] :  <class 'numpy.ndarray'> (68,)
--------------------------------
--------------------------------
[] :  <class 'numpy.float64'> ()
--------------------------------
--------------------------------
[] :  <class 'numpy.ndarray'> (68,)
--------------------------------
DBG: ('epoch No: ', 68) 

--------------------------------
[] :  <class 'numpy.float64'> ()
--------------------------------
--------------------------------
[] :  <class 'numpy.ndarray'> (69,)
--------------------------------
--------------------------------
[] :  <class 'numpy.float64'> ()
--------------------------------
--------------------------------
[] :  <class 'numpy.ndarray'> (69,)
--------------------------------
DBG: ('epoch No: ', 69) 

--------------------------------
[] :  <class 'numpy.float64'> ()
--------------------------------
--------------------------------
[] :  <class 'numpy.ndarray'> (70,)
--------------------------------
--------------------------------
[] :  <class 'numpy.float64'> ()
--------------------------------
--------------------------------
[] :  <class 'numpy.ndarray'> (70,)
--------------------------------
DBG: ('epoch No: ', 70) 

--------------------------------
[] :  <class 'numpy.float64'> ()
--------------------------------
--------------------------------
[] :  <class 'numpy.ndarray'> (71,)
--------------------------------
--------------------------------
[] :  <class 'numpy.float64'> ()
--------------------------------
--------------------------------
[] :  <class 'numpy.ndarray'> (71,)
--------------------------------
DBG: ('epoch No: ', 71) 

--------------------------------
[] :  <class 'numpy.float64'> ()
--------------------------------
--------------------------------
[] :  <class 'numpy.ndarray'> (72,)
--------------------------------
--------------------------------
[] :  <class 'numpy.float64'> ()
--------------------------------
--------------------------------
[] :  <class 'numpy.ndarray'> (72,)
--------------------------------
DBG: ('epoch No: ', 72) 

--------------------------------
[] :  <class 'numpy.float64'> ()
--------------------------------
--------------------------------
[] :  <class 'numpy.ndarray'> (73,)
--------------------------------
--------------------------------
[] :  <class 'numpy.float64'> ()
--------------------------------
--------------------------------
[] :  <class 'numpy.ndarray'> (73,)
--------------------------------
DBG: ('epoch No: ', 73) 

--------------------------------
[] :  <class 'numpy.float64'> ()
--------------------------------
--------------------------------
[] :  <class 'numpy.ndarray'> (74,)
--------------------------------
--------------------------------
[] :  <class 'numpy.float64'> ()
--------------------------------
--------------------------------
[] :  <class 'numpy.ndarray'> (74,)
--------------------------------
DBG: ('epoch No: ', 74) 

--------------------------------
[] :  <class 'numpy.float64'> ()
--------------------------------
--------------------------------
[] :  <class 'numpy.ndarray'> (75,)
--------------------------------
--------------------------------
[] :  <class 'numpy.float64'> ()
--------------------------------
--------------------------------
[] :  <class 'numpy.ndarray'> (75,)
--------------------------------
DBG: ('epoch No: ', 75) 

--------------------------------
[] :  <class 'numpy.float64'> ()
--------------------------------
--------------------------------
[] :  <class 'numpy.ndarray'> (76,)
--------------------------------
--------------------------------
[] :  