env_nocopy_str: 
Setting N to 256MB...
:3:rocdevice.cpp            :416 : 457891089156 us: 56494: [tid:0x7f2f388ed080] Initializing HSA stack.
GG: GetEnvVar(HSA_ENABLED_SDMA): 
GG: enable_sdma_: 2
GG: GetEnvVar(HSA_ENABLED_SDMA): 
GG: enable_sdma_: 2
GG: GpuAgent.constructor, entered...
 GG: !HSA_LARGE_MODEL enabled and defined(__linux__)
  GG: max_queues_ : 128
GG: GpuAgent.constructor, entered...
 GG: !HSA_LARGE_MODEL enabled and defined(__linux__)
  GG: max_queues_ : 128
GG: GpuAgent.constructor, entered...
 GG: !HSA_LARGE_MODEL enabled and defined(__linux__)
  GG: max_queues_ : 128
GG: GpuAgent.constructor, entered...
 GG: !HSA_LARGE_MODEL enabled and defined(__linux__)
  GG: max_queues_ : 128
GG: hsa_amd_signal_create() entered...
  GG: initial_value: 0, num_consumers: 0, consumers* 0, attributes: 0, hsa_signal_t: 0x1062450
GG: InitDma: entered...
  GG: calling queue_lambda...
  GG: determine/instantiat No. of blit objs to engage...
  GG: Init blit objs used for D2D/H2D/D2H/P2P ops...
  GG: calling blit_lambda...
  GG: InitGWS...
GG: InitDma: entered...
  GG: calling queue_lambda...
  GG: determine/instantiat No. of blit objs to engage...
  GG: Init blit objs used for D2D/H2D/D2H/P2P ops...
  GG: calling blit_lambda...
  GG: InitGWS...
GG: InitDma: entered...
  GG: calling queue_lambda...
  GG: determine/instantiat No. of blit objs to engage...
  GG: Init blit objs used for D2D/H2D/D2H/P2P ops...
  GG: calling blit_lambda...
  GG: InitGWS...
GG: InitDma: entered...
  GG: calling queue_lambda...
  GG: determine/instantiat No. of blit objs to engage...
  GG: Init blit objs used for D2D/H2D/D2H/P2P ops...
  GG: calling blit_lambda...
  GG: InitGWS...
:3:comgrctx.cpp             :33  : 457891173889 us: 56494: [tid:0x7f2f388ed080] Loading COMGR library.
:3:rocdevice.cpp            :207 : 457891173946 us: 56494: [tid:0x7f2f388ed080] Numa selects cpu agent[0]=0xf742a0(fine=0xf8b440,coarse=0x1064cd0) for gpu agent=0x10685e0
:3:rocdevice.cpp            :1611: 457891174220 us: 56494: [tid:0x7f2f388ed080] HMM support: 1, xnack: 0, direct host access: 0

:4:rocdevice.cpp            :1918: 457891174489 us: 56494: [tid:0x7f2f388ed080] Allocate hsa host memory 0x7f2ded200000, size 0x101000
:4:rocdevice.cpp            :1918: 457891174921 us: 56494: [tid:0x7f2f388ed080] Allocate hsa host memory 0x7f2ded000000, size 0x101000
GG: hsa_amd_signal_create() entered...
  GG: initial_value: 1, num_consumers: 0, consumers* 0, attributes: 0, hsa_signal_t: 0x1107d20
:4:rocdevice.cpp            :2054: 457891174994 us: 56494: [tid:0x7f2f388ed080] Allocate hsa device memory 0x7f2decc00000, size 0x100000
:3:rocdevice.cpp            :207 : 457891175020 us: 56494: [tid:0x7f2f388ed080] Numa selects cpu agent[0]=0xf742a0(fine=0xf8b440,coarse=0x1064cd0) for gpu agent=0x10f7f80
:3:rocdevice.cpp            :1611: 457891175148 us: 56494: [tid:0x7f2f388ed080] HMM support: 1, xnack: 0, direct host access: 0

:4:rocdevice.cpp            :1918: 457891175510 us: 56494: [tid:0x7f2f388ed080] Allocate hsa host memory 0x7f2deca00000, size 0x101000
:4:rocdevice.cpp            :1918: 457891176120 us: 56494: [tid:0x7f2f388ed080] Allocate hsa host memory 0x7f2dec800000, size 0x101000
GG: hsa_amd_signal_create() entered...
  GG: initial_value: 1, num_consumers: 0, consumers* 0, attributes: 0, hsa_signal_t: 0x110a900
:4:rocdevice.cpp            :2054: 457891176195 us: 56494: [tid:0x7f2f388ed080] Allocate hsa device memory 0x7f2dec400000, size 0x100000
:3:rocdevice.cpp            :207 : 457891176221 us: 56494: [tid:0x7f2f388ed080] Numa selects cpu agent[0]=0xf742a0(fine=0xf8b440,coarse=0x1064cd0) for gpu agent=0x10fc330
:3:rocdevice.cpp            :1611: 457891176338 us: 56494: [tid:0x7f2f388ed080] HMM support: 1, xnack: 0, direct host access: 0

:4:rocdevice.cpp            :1918: 457891176695 us: 56494: [tid:0x7f2f388ed080] Allocate hsa host memory 0x7f2dec200000, size 0x101000
:4:rocdevice.cpp            :1918: 457891177096 us: 56494: [tid:0x7f2f388ed080] Allocate hsa host memory 0x7f2ae7800000, size 0x101000
GG: hsa_amd_signal_create() entered...
  GG: initial_value: 1, num_consumers: 0, consumers* 0, attributes: 0, hsa_signal_t: 0x110d270
:4:rocdevice.cpp            :2054: 457891177198 us: 56494: [tid:0x7f2f388ed080] Allocate hsa device memory 0x7f2ae7400000, size 0x100000
:3:rocdevice.cpp            :207 : 457891177227 us: 56494: [tid:0x7f2f388ed080] Numa selects cpu agent[0]=0xf742a0(fine=0xf8b440,coarse=0x1064cd0) for gpu agent=0x1100710
:3:rocdevice.cpp            :1611: 457891177339 us: 56494: [tid:0x7f2f388ed080] HMM support: 1, xnack: 0, direct host access: 0

:4:rocdevice.cpp            :1918: 457891177370 us: 56494: [tid:0x7f2f388ed080] Allocate hsa host memory 0x7f2f3874c000, size 0xa0
:4:rocdevice.cpp            :1918: 457891177759 us: 56494: [tid:0x7f2f388ed080] Allocate hsa host memory 0x7f2ae7200000, size 0x101000
:4:rocdevice.cpp            :1918: 457891178099 us: 56494: [tid:0x7f2f388ed080] Allocate hsa host memory 0x7f2ae7000000, size 0x101000
GG: hsa_amd_signal_create() entered...
  GG: initial_value: 1, num_consumers: 0, consumers* 0, attributes: 0, hsa_signal_t: 0x110fba0
:4:rocdevice.cpp            :2054: 457891178174 us: 56494: [tid:0x7f2f388ed080] Allocate hsa device memory 0x7f2ae6c00000, size 0x100000
:4:runtime.cpp              :83  : 457891178181 us: 56494: [tid:0x7f2f388ed080] init
:3:hip_context.cpp          :50  : 457891178184 us: 56494: [tid:0x7f2f388ed080] Direct Dispatch: 1
:4:rocdevice.cpp            :2054: 457891178252 us: 56494: [tid:0x7f2f388ed080] Allocate hsa device memory 0x7f2aa6a00000, size 0x40000000
:3:rocdevice.cpp            :2093: 457891178257 us: 56494: [tid:0x7f2f388ed080] device=0x11076b0, freeMem_ = 0xbf000000
:3:hip_memory.cpp           :496 : 457891178265 us: 56494: [tid:0x7f2f388ed080] hipMalloc: Returned hipSuccess : 0x7f2aa6a00000
:3:hip_memory.cpp           :556 : 457891282006 us: 56494: [tid:0x7f2f388ed080] [32mhipMemcpy ( 0x7f2aa6a00000, 0x7f2eedda4010, 1073741824, hipMemcpyHostToDevice )[0m
:3:rocdevice.cpp            :2686: 457891282048 us: 56494: [tid:0x7f2f388ed080] number of allocated hardware queues with low priority: 0, with normal priority: 0, with high priority: 0, maximum per priority is: 4
hipMemcpy.start.
GG: queue_lambda entered: 
GG: CpuAgent::CreateInterceptibleQueue entered...
:3:rocdevice.cpp            :2757: 457891298237 us: 56494: [tid:0x7f2f388ed080] created hardware queue 0x7f2f3873c000 with size 4096 with priority 1, cooperative: 0
:4:rocdevice.cpp            :1918: 457891298469 us: 56494: [tid:0x7f2f388ed080] Allocate hsa host memory 0x7f2eed480000, size 0x80000
GG: hsa_amd_signal_create() entered...
  GG: initial_value: 0, num_consumers: 1, consumers* 0x7fffdab5e0a8, attributes: 0, hsa_signal_t: 0x11146e0
GG: hsa_amd_signal_create() entered...
  GG: initial_value: 0, num_consumers: 1, consumers* 0x7fffdab5e0a8, attributes: 0, hsa_signal_t: 0x11146e8
GG: hsa_amd_signal_create() entered...
  GG: initial_value: 0, num_consumers: 1, consumers* 0x7fffdab5e0a8, attributes: 0, hsa_signal_t: 0x11146f0
GG: hsa_amd_signal_create() entered...
  GG: initial_value: 0, num_consumers: 1, consumers* 0x7fffdab5e0a8, attributes: 0, hsa_signal_t: 0x11146f8
GG: hsa_amd_signal_create() entered...
  GG: initial_value: 0, num_consumers: 1, consumers* 0x7fffdab5e0a8, attributes: 0, hsa_signal_t: 0x1114700
GG: hsa_amd_signal_create() entered...
  GG: initial_value: 0, num_consumers: 1, consumers* 0x7fffdab5e0a8, attributes: 0, hsa_signal_t: 0x1114708
GG: hsa_amd_signal_create() entered...
  GG: initial_value: 0, num_consumers: 1, consumers* 0x7fffdab5e0a8, attributes: 0, hsa_signal_t: 0x1114710
GG: hsa_amd_signal_create() entered...
  GG: initial_value: 0, num_consumers: 1, consumers* 0x7fffdab5e0a8, attributes: 0, hsa_signal_t: 0x1114718
:3:devprogram.cpp           :2675: 457891444059 us: 56494: [tid:0x7f2f388ed080] Using Code Object V4.
GG: DmaCopy(dst, src, size)..entered.
GG: GpuAgent::CreateBlitKernel() entered...
GG: hsa_amd_signal_create() entered...
  GG: initial_value: 1, num_consumers: 0, consumers* 0, attributes: 0, hsa_signal_t: 0x1c16fd8
GG: BlitKernel::SubmitLinearCopyCommand(dst, src, size): entered.
GG: BlitKernel::SubmitLinearCopyCommand(dst, src, size, dep_signals, out_signal): entered.
  GG: dst, src: 0x7f2eed59c000, 0x7f2eed594000size: 5070
  GG: num_barrier_packet: 0
  GG: total_num_packet: 1
  GG: num_workitems(aligned): 7800, num_cus_:78 kernel_code: 0x111d048
  GG: src_start/dst_start/phase1_size: 7f2eed594000/7f2eed59c000/0
  GG: phase2_block/phase2_size: 78000/0
  GG: phase3_size: 5070
GG: BlitKernel::PopulateQueue: entered (2)
  GG: index, code_handle, args, grid_size_x, completion_signal: 0, 7f2f38700000, 0x7f2f38702000, 7800, ??? 
  GG(pkt): ---------------------.
  GG(pkt): dumpAqlPacket (dispatch) entered.
  GG(pkt): HSA_PACKET_HEADER_TYPE:                             HSA_PACKET_TYPE_INVALID
  GG(pkt): HSA_PACKET_HEADER_BARRIER (1-bit):                  0
  GG(pkt): HSA_PACKET_HEADER_(SC)ACQUIRE_FENCE_SCOPE (2-bit):  0
  GG(pkt): HSA_PACKET_HEADER_(SC)ACQUIRE_FENCE_SCOPE (2-bit):  0
  GG(pkt): workgroup size (x,y,z):                                   40, 1, 1
  GG(pkt): grid size (x,y,z):                                        7800, 1, 1
  GG(pkt): kernel_object:                                            7f2f38700000
  GG(pkt): kernelarg_address:                                        0x7f2f38702000
  GG(pkt): completion signal:                                        7f2f38766580
:3:devprogram.cpp           :2978: 457891445179 us: 56494: [tid:0x7f2f388ed080] For Init/Fini: Kernel Name: __amd_rocclr_copyBufferAligned
:3:devprogram.cpp           :2978: 457891445185 us: 56494: [tid:0x7f2f388ed080] For Init/Fini: Kernel Name: __amd_rocclr_streamOpsWait
:3:devprogram.cpp           :2978: 457891445187 us: 56494: [tid:0x7f2f388ed080] For Init/Fini: Kernel Name: __amd_rocclr_copyBuffer
:3:devprogram.cpp           :2978: 457891445188 us: 56494: [tid:0x7f2f388ed080] For Init/Fini: Kernel Name: __amd_rocclr_streamOpsWrite
:3:devprogram.cpp           :2978: 457891445190 us: 56494: [tid:0x7f2f388ed080] For Init/Fini: Kernel Name: __amd_rocclr_copyBufferRectAligned
:3:devprogram.cpp           :2978: 457891445192 us: 56494: [tid:0x7f2f388ed080] For Init/Fini: Kernel Name: __amd_rocclr_gwsInit
:3:devprogram.cpp           :2978: 457891445193 us: 56494: [tid:0x7f2f388ed080] For Init/Fini: Kernel Name: __amd_rocclr_copyBufferRect
:3:devprogram.cpp           :2978: 457891445195 us: 56494: [tid:0x7f2f388ed080] For Init/Fini: Kernel Name: __amd_rocclr_fillBufferAligned
:3:devprogram.cpp           :2978: 457891445196 us: 56494: [tid:0x7f2f388ed080] For Init/Fini: Kernel Name: __amd_rocclr_fillBufferAligned2D
:4:rocmemory.cpp            :941 : 457891445251 us: 56494: [tid:0x7f2f388ed080] Locking to pool 0x1064cd0, size 0x1000, HostPtr = 0x1682000, DevPtr = 0x7f2eed58e000
VirtualGPU::HwQueueTracker::Create() entered...
GG: hsa_amd_signal_create() entered...
  GG: initial_value: 0, num_consumers: 0, consumers* 0, attributes: 0, hsa_signal_t: 0x16830e0
GG: hsa_amd_signal_create() entered...
  GG: initial_value: 0, num_consumers: 0, consumers* 0, attributes: 0, hsa_signal_t: 0x15ec9b0
GG: hsa_amd_signal_create() entered...
  GG: initial_value: 0, num_consumers: 0, consumers* 0, attributes: 0, hsa_signal_t: 0x119fd30
GG: hsa_amd_signal_create() entered...
  GG: initial_value: 0, num_consumers: 0, consumers* 0, attributes: 0, hsa_signal_t: 0x17a85e0
GG: hsa_amd_signal_create() entered...
  GG: initial_value: 0, num_consumers: 0, consumers* 0, attributes: 0, hsa_signal_t: 0x12b3ec0
GG: hsa_amd_signal_create() entered...
  GG: initial_value: 0, num_consumers: 0, consumers* 0, attributes: 0, hsa_signal_t: 0x1127f70
GG: hsa_amd_signal_create() entered...
  GG: initial_value: 0, num_consumers: 0, consumers* 0, attributes: 0, hsa_signal_t: 0x11430f0
GG: hsa_amd_signal_create() entered...
  GG: initial_value: 0, num_consumers: 0, consumers* 0, attributes: 0, hsa_signal_t: 0x11f1f00
GG: hsa_amd_signal_create() entered...
  GG: initial_value: 0, num_consumers: 0, consumers* 0, attributes: 0, hsa_signal_t: 0x11f2030
GG: hsa_amd_signal_create() entered...
  GG: initial_value: 0, num_consumers: 0, consumers* 0, attributes: 0, hsa_signal_t: 0x156af40
GG: hsa_amd_signal_create() entered...
  GG: initial_value: 0, num_consumers: 0, consumers* 0, attributes: 0, hsa_signal_t: 0x156b070
GG: hsa_amd_signal_create() entered...
  GG: initial_value: 0, num_consumers: 0, consumers* 0, attributes: 0, hsa_signal_t: 0x156b1a0
GG: hsa_amd_signal_create() entered...
  GG: initial_value: 0, num_consumers: 0, consumers* 0, attributes: 0, hsa_signal_t: 0x119f520
GG: hsa_amd_signal_create() entered...
  GG: initial_value: 0, num_consumers: 0, consumers* 0, attributes: 0, hsa_signal_t: 0x11b37c0
GG: hsa_amd_signal_create() entered...
  GG: initial_value: 0, num_consumers: 0, consumers* 0, attributes: 0, hsa_signal_t: 0x11b38f0
GG: hsa_amd_signal_create() entered...
  GG: initial_value: 0, num_consumers: 0, consumers* 0, attributes: 0, hsa_signal_t: 0x11b3a20
GG: hsa_amd_signal_create() entered...
  GG: initial_value: 0, num_consumers: 0, consumers* 0, attributes: 0, hsa_signal_t: 0x111bf80
GG: hsa_amd_signal_create() entered...
  GG: initial_value: 0, num_consumers: 0, consumers* 0, attributes: 0, hsa_signal_t: 0x111c0b0
GG: hsa_amd_signal_create() entered...
  GG: initial_value: 0, num_consumers: 0, consumers* 0, attributes: 0, hsa_signal_t: 0x111c1e0
GG: hsa_amd_signal_create() entered...
  GG: initial_value: 0, num_consumers: 0, consumers* 0, attributes: 0, hsa_signal_t: 0x17d4a30
GG: hsa_amd_signal_create() entered...
  GG: initial_value: 0, num_consumers: 0, consumers* 0, attributes: 0, hsa_signal_t: 0x17d4b60
GG: hsa_amd_signal_create() entered...
  GG: initial_value: 0, num_consumers: 0, consumers* 0, attributes: 0, hsa_signal_t: 0x11a09a0
GG: hsa_amd_signal_create() entered...
  GG: initial_value: 0, num_consumers: 0, consumers* 0, attributes: 0, hsa_signal_t: 0x11a0ad0
GG: hsa_amd_signal_create() entered...
  GG: initial_value: 0, num_consumers: 0, consumers* 0, attributes: 0, hsa_signal_t: 0x11a0c00
GG: hsa_amd_signal_create() entered...
  GG: initial_value: 0, num_consumers: 0, consumers* 0, attributes: 0, hsa_signal_t: 0x11f2230
GG: hsa_amd_signal_create() entered...
  GG: initial_value: 0, num_consumers: 0, consumers* 0, attributes: 0, hsa_signal_t: 0x11f2360
GG: hsa_amd_signal_create() entered...
  GG: initial_value: 0, num_consumers: 0, consumers* 0, attributes: 0, hsa_signal_t: 0x11f2490
GG: hsa_amd_signal_create() entered...
  GG: initial_value: 0, num_consumers: 0, consumers* 0, attributes: 0, hsa_signal_t: 0x1c08b00
GG: hsa_amd_signal_create() entered...
  GG: initial_value: 0, num_consumers: 0, consumers* 0, attributes: 0, hsa_signal_t: 0x1c08c30
GG: hsa_amd_signal_create() entered...
  GG: initial_value: 0, num_consumers: 0, consumers* 0, attributes: 0, hsa_signal_t: 0x1c08d60
GG: hsa_amd_signal_create() entered...
  GG: initial_value: 0, num_consumers: 0, consumers* 0, attributes: 0, hsa_signal_t: 0x112e5c0
GG: hsa_amd_signal_create() entered...
  GG: initial_value: 0, num_consumers: 0, consumers* 0, attributes: 0, hsa_signal_t: 0x112e6f0
:3:hip_memory.cpp           :327 : 457891445383 us: 56494: [tid:0x7f2f388ed080] GG: ihipMemcpyCommand entered.
:4:command.cpp              :339 : 457891445388 us: 56494: [tid:0x7f2f388ed080] command is enqueued: 0x12158a0
:4:rocmemory.cpp            :941 : 457891445928 us: 56494: [tid:0x7f2f388ed080] Locking to pool 0x1064cd0, size 0x2001000, HostPtr = 0x7f2eedda4000, DevPtr = 0x7f2a9b800000
:4:rocblit.cpp              :668 : 457891445938 us: 56494: [tid:0x7f2f388ed080] HSA Asycn Copy wait_event=0x0, completion_signal=0x7f2f38766480
GG; hsa_amd_memory_async_copy: entered...
GG: Runtime::CopyMemory.(2)
GG: DmaCopy(dst, dst_agent, src, src_agent, size, dep_signals, out_signal)..entered.
GG: blit_lambda entered: use_xgmi: 0, isHostToDev: 1
  GG: use_sdma after checking gfx8/1013: 1
 GG: use_sdma after checking sdma_override: 1
  GG: gfx90a specific: 
GG: CreateBlitSdma entered... use_xgmi: 0
GG: BlistSdma::Initialize() entered...
GG: BlistSdma::BuildCopyCommand() entered...
  GG: copy command No: 0...
  GG: packet_addr->SRC_ADDR_LO,HI(31:0,63:32): 9b800010, 7f2a
  GG: packet_addr0>DST_ADDR_LO,HI(31:0,63:32): a6a00000, 7f2a
  GG: copy command No: 1...
  GG: packet_addr->SRC_ADDR_LO,HI(31:0,63:32): 9bbffff0, 7f2a
  GG: packet_addr0>DST_ADDR_LO,HI(31:0,63:32): a6dfffe0, 7f2a
  GG: copy command No: 2...
  GG: packet_addr->SRC_ADDR_LO,HI(31:0,63:32): 9bffffd0, 7f2a
  GG: packet_addr0>DST_ADDR_LO,HI(31:0,63:32): a71fffc0, 7f2a
  GG: copy command No: 3...
  GG: packet_addr->SRC_ADDR_LO,HI(31:0,63:32): 9c3fffb0, 7f2a
  GG: packet_addr0>DST_ADDR_LO,HI(31:0,63:32): a75fffa0, 7f2a
  GG: copy command No: 4...
  GG: packet_addr->SRC_ADDR_LO,HI(31:0,63:32): 9c7fff90, 7f2a
  GG: packet_addr0>DST_ADDR_LO,HI(31:0,63:32): a79fff80, 7f2a
  GG: copy command No: 5...
  GG: packet_addr->SRC_ADDR_LO,HI(31:0,63:32): 9cbfff70, 7f2a
  GG: packet_addr0>DST_ADDR_LO,HI(31:0,63:32): a7dfff60, 7f2a
  GG: copy command No: 6...
  GG: packet_addr->SRC_ADDR_LO,HI(31:0,63:32): 9cffff50, 7f2a
  GG: packet_addr0>DST_ADDR_LO,HI(31:0,63:32): a81fff40, 7f2a
  GG: copy command No: 7...
  GG: packet_addr->SRC_ADDR_LO,HI(31:0,63:32): 9d3fff30, 7f2a
  GG: packet_addr0>DST_ADDR_LO,HI(31:0,63:32): a85fff20, 7f2a
  GG: copy command No: 8...
  GG: packet_addr->SRC_ADDR_LO,HI(31:0,63:32): 9d7fff10, 7f2a
  GG: packet_addr0>DST_ADDR_LO,HI(31:0,63:32): a89fff00, 7f2a
:4:rocvirtual.cpp           :526 : 457891446416 us: 56494: [tid:0x7f2f388ed080] Host wait on completion_signal=0x7f2f38766480
:3:rocvirtual.hpp           :62  : 457891446420 us: 56494: [tid:0x7f2f388ed080] Host active wait for Signal = (0x7f2f38766480) for -1 ns
:4:rocmemory.cpp            :941 : 457891449184 us: 56494: [tid:0x7f2f388ed080] Locking to pool 0x1064cd0, size 0x2000000, HostPtr = 0x7f2eefda5000, DevPtr = 0x7f2a9b800000
:4:rocblit.cpp              :668 : 457891449192 us: 56494: [tid:0x7f2f388ed080] HSA Asycn Copy wait_event=0x0, completion_signal=0x7f2f38766400
GG; hsa_amd_memory_async_copy: entered...
GG: Runtime::CopyMemory.(2)
GG: DmaCopy(dst, dst_agent, src, src_agent, size, dep_signals, out_signal)..entered.
GG: BlistSdma::BuildCopyCommand() entered...
  GG: copy command No: 0...
  GG: packet_addr->SRC_ADDR_LO,HI(31:0,63:32): 9b800000, 7f2a
  GG: packet_addr0>DST_ADDR_LO,HI(31:0,63:32): a8a00ff0, 7f2a
  GG: copy command No: 1...
  GG: packet_addr->SRC_ADDR_LO,HI(31:0,63:32): 9bbfffe0, 7f2a
  GG: packet_addr0>DST_ADDR_LO,HI(31:0,63:32): a8e00fd0, 7f2a
  GG: copy command No: 2...
  GG: packet_addr->SRC_ADDR_LO,HI(31:0,63:32): 9bffffc0, 7f2a
  GG: packet_addr0>DST_ADDR_LO,HI(31:0,63:32): a9200fb0, 7f2a
  GG: copy command No: 3...
  GG: packet_addr->SRC_ADDR_LO,HI(31:0,63:32): 9c3fffa0, 7f2a
  GG: packet_addr0>DST_ADDR_LO,HI(31:0,63:32): a9600f90, 7f2a
  GG: copy command No: 4...
  GG: packet_addr->SRC_ADDR_LO,HI(31:0,63:32): 9c7fff80, 7f2a
  GG: packet_addr0>DST_ADDR_LO,HI(31:0,63:32): a9a00f70, 7f2a
  GG: copy command No: 5...
  GG: packet_addr->SRC_ADDR_LO,HI(31:0,63:32): 9cbfff60, 7f2a
  GG: packet_addr0>DST_ADDR_LO,HI(31:0,63:32): a9e00f50, 7f2a
  GG: copy command No: 6...
  GG: packet_addr->SRC_ADDR_LO,HI(31:0,63:32): 9cffff40, 7f2a
  GG: packet_addr0>DST_ADDR_LO,HI(31:0,63:32): aa200f30, 7f2a
  GG: copy command No: 7...
  GG: packet_addr->SRC_ADDR_LO,HI(31:0,63:32): 9d3fff20, 7f2a
  GG: packet_addr0>DST_ADDR_LO,HI(31:0,63:32): aa600f10, 7f2a
  GG: copy command No: 8...
  GG: packet_addr->SRC_ADDR_LO,HI(31:0,63:32): 9d7fff00, 7f2a
  GG: packet_addr0>DST_ADDR_LO,HI(31:0,63:32): aaa00ef0, 7f2a
:4:rocvirtual.cpp           :526 : 457891449212 us: 56494: [tid:0x7f2f388ed080] Host wait on completion_signal=0x7f2f38766400
:3:rocvirtual.hpp           :62  : 457891449215 us: 56494: [tid:0x7f2f388ed080] Host active wait for Signal = (0x7f2f38766400) for -1 ns
:4:rocmemory.cpp            :941 : 457891451427 us: 56494: [tid:0x7f2f388ed080] Locking to pool 0x1064cd0, size 0x2000000, HostPtr = 0x7f2ef1da5000, DevPtr = 0x7f2a9b800000
:4:rocblit.cpp              :668 : 457891451434 us: 56494: [tid:0x7f2f388ed080] HSA Asycn Copy wait_event=0x0, completion_signal=0x7f2f38766380
GG; hsa_amd_memory_async_copy: entered...
GG: Runtime::CopyMemory.(2)
GG: DmaCopy(dst, dst_agent, src, src_agent, size, dep_signals, out_signal)..entered.
GG: BlistSdma::BuildCopyCommand() entered...
  GG: copy command No: 0...
  GG: packet_addr->SRC_ADDR_LO,HI(31:0,63:32): 9b800000, 7f2a
  GG: packet_addr0>DST_ADDR_LO,HI(31:0,63:32): aaa00ff0, 7f2a
  GG: copy command No: 1...
  GG: packet_addr->SRC_ADDR_LO,HI(31:0,63:32): 9bbfffe0, 7f2a
  GG: packet_addr0>DST_ADDR_LO,HI(31:0,63:32): aae00fd0, 7f2a
  GG: copy command No: 2...
  GG: packet_addr->SRC_ADDR_LO,HI(31:0,63:32): 9bffffc0, 7f2a
  GG: packet_addr0>DST_ADDR_LO,HI(31:0,63:32): ab200fb0, 7f2a
  GG: copy command No: 3...
  GG: packet_addr->SRC_ADDR_LO,HI(31:0,63:32): 9c3fffa0, 7f2a
  GG: packet_addr0>DST_ADDR_LO,HI(31:0,63:32): ab600f90, 7f2a
  GG: copy command No: 4...
  GG: packet_addr->SRC_ADDR_LO,HI(31:0,63:32): 9c7fff80, 7f2a
  GG: packet_addr0>DST_ADDR_LO,HI(31:0,63:32): aba00f70, 7f2a
  GG: copy command No: 5...
  GG: packet_addr->SRC_ADDR_LO,HI(31:0,63:32): 9cbfff60, 7f2a
  GG: packet_addr0>DST_ADDR_LO,HI(31:0,63:32): abe00f50, 7f2a
  GG: copy command No: 6...
  GG: packet_addr->SRC_ADDR_LO,HI(31:0,63:32): 9cffff40, 7f2a
  GG: packet_addr0>DST_ADDR_LO,HI(31:0,63:32): ac200f30, 7f2a
  GG: copy command No: 7...
  GG: packet_addr->SRC_ADDR_LO,HI(31:0,63:32): 9d3fff20, 7f2a
  GG: packet_addr0>DST_ADDR_LO,HI(31:0,63:32): ac600f10, 7f2a
  GG: copy command No: 8...
  GG: packet_addr->SRC_ADDR_LO,HI(31:0,63:32): 9d7fff00, 7f2a
  GG: packet_addr0>DST_ADDR_LO,HI(31:0,63:32): aca00ef0, 7f2a
:4:rocvirtual.cpp           :526 : 457891451455 us: 56494: [tid:0x7f2f388ed080] Host wait on completion_signal=0x7f2f38766380
:3:rocvirtual.hpp           :62  : 457891451457 us: 56494: [tid:0x7f2f388ed080] Host active wait for Signal = (0x7f2f38766380) for -1 ns
:4:rocmemory.cpp            :941 : 457891453701 us: 56494: [tid:0x7f2f388ed080] Locking to pool 0x1064cd0, size 0x2000000, HostPtr = 0x7f2ef3da5000, DevPtr = 0x7f2a9b800000
:4:rocblit.cpp              :668 : 457891453708 us: 56494: [tid:0x7f2f388ed080] HSA Asycn Copy wait_event=0x0, completion_signal=0x7f2f38766300
GG; hsa_amd_memory_async_copy: entered...
GG: Runtime::CopyMemory.(2)
GG: DmaCopy(dst, dst_agent, src, src_agent, size, dep_signals, out_signal)..entered.
GG: BlistSdma::BuildCopyCommand() entered...
  GG: copy command No: 0...
  GG: packet_addr->SRC_ADDR_LO,HI(31:0,63:32): 9b800000, 7f2a
  GG: packet_addr0>DST_ADDR_LO,HI(31:0,63:32): aca00ff0, 7f2a
  GG: copy command No: 1...
  GG: packet_addr->SRC_ADDR_LO,HI(31:0,63:32): 9bbfffe0, 7f2a
  GG: packet_addr0>DST_ADDR_LO,HI(31:0,63:32): ace00fd0, 7f2a
  GG: copy command No: 2...
  GG: packet_addr->SRC_ADDR_LO,HI(31:0,63:32): 9bffffc0, 7f2a
  GG: packet_addr0>DST_ADDR_LO,HI(31:0,63:32): ad200fb0, 7f2a
  GG: copy command No: 3...
  GG: packet_addr->SRC_ADDR_LO,HI(31:0,63:32): 9c3fffa0, 7f2a
  GG: packet_addr0>DST_ADDR_LO,HI(31:0,63:32): ad600f90, 7f2a
  GG: copy command No: 4...
  GG: packet_addr->SRC_ADDR_LO,HI(31:0,63:32): 9c7fff80, 7f2a
  GG: packet_addr0>DST_ADDR_LO,HI(31:0,63:32): ada00f70, 7f2a
  GG: copy command No: 5...
  GG: packet_addr->SRC_ADDR_LO,HI(31:0,63:32): 9cbfff60, 7f2a
  GG: packet_addr0>DST_ADDR_LO,HI(31:0,63:32): ade00f50, 7f2a
  GG: copy command No: 6...
  GG: packet_addr->SRC_ADDR_LO,HI(31:0,63:32): 9cffff40, 7f2a
  GG: packet_addr0>DST_ADDR_LO,HI(31:0,63:32): ae200f30, 7f2a
  GG: copy command No: 7...
  GG: packet_addr->SRC_ADDR_LO,HI(31:0,63:32): 9d3fff20, 7f2a
  GG: packet_addr0>DST_ADDR_LO,HI(31:0,63:32): ae600f10, 7f2a
  GG: copy command No: 8...
  GG: packet_addr->SRC_ADDR_LO,HI(31:0,63:32): 9d7fff00, 7f2a
  GG: packet_addr0>DST_ADDR_LO,HI(31:0,63:32): aea00ef0, 7f2a
:4:rocvirtual.cpp           :526 : 457891453730 us: 56494: [tid:0x7f2f388ed080] Host wait on completion_signal=0x7f2f38766300
:3:rocvirtual.hpp           :62  : 457891453732 us: 56494: [tid:0x7f2f388ed080] Host active wait for Signal = (0x7f2f38766300) for -1 ns
:4:rocmemory.cpp            :941 : 457891455932 us: 56494: [tid:0x7f2f388ed080] Locking to pool 0x1064cd0, size 0x2000000, HostPtr = 0x7f2ef5da5000, DevPtr = 0x7f2a9b800000
:4:rocblit.cpp              :668 : 457891455940 us: 56494: [tid:0x7f2f388ed080] HSA Asycn Copy wait_event=0x0, completion_signal=0x7f2f38766280
GG; hsa_amd_memory_async_copy: entered...
GG: Runtime::CopyMemory.(2)
GG: DmaCopy(dst, dst_agent, src, src_agent, size, dep_signals, out_signal)..entered.
GG: BlistSdma::BuildCopyCommand() entered...
  GG: copy command No: 0...
  GG: packet_addr->SRC_ADDR_LO,HI(31:0,63:32): 9b800000, 7f2a
  GG: packet_addr0>DST_ADDR_LO,HI(31:0,63:32): aea00ff0, 7f2a
  GG: copy command No: 1...
  GG: packet_addr->SRC_ADDR_LO,HI(31:0,63:32): 9bbfffe0, 7f2a
  GG: packet_addr0>DST_ADDR_LO,HI(31:0,63:32): aee00fd0, 7f2a
  GG: copy command No: 2...
  GG: packet_addr->SRC_ADDR_LO,HI(31:0,63:32): 9bffffc0, 7f2a
  GG: packet_addr0>DST_ADDR_LO,HI(31:0,63:32): af200fb0, 7f2a
  GG: copy command No: 3...
  GG: packet_addr->SRC_ADDR_LO,HI(31:0,63:32): 9c3fffa0, 7f2a
  GG: packet_addr0>DST_ADDR_LO,HI(31:0,63:32): af600f90, 7f2a
  GG: copy command No: 4...
  GG: packet_addr->SRC_ADDR_LO,HI(31:0,63:32): 9c7fff80, 7f2a
  GG: packet_addr0>DST_ADDR_LO,HI(31:0,63:32): afa00f70, 7f2a
  GG: copy command No: 5...
  GG: packet_addr->SRC_ADDR_LO,HI(31:0,63:32): 9cbfff60, 7f2a
  GG: packet_addr0>DST_ADDR_LO,HI(31:0,63:32): afe00f50, 7f2a
  GG: copy command No: 6...
  GG: packet_addr->SRC_ADDR_LO,HI(31:0,63:32): 9cffff40, 7f2a
  GG: packet_addr0>DST_ADDR_LO,HI(31:0,63:32): b0200f30, 7f2a
  GG: copy command No: 7...
  GG: packet_addr->SRC_ADDR_LO,HI(31:0,63:32): 9d3fff20, 7f2a
  GG: packet_addr0>DST_ADDR_LO,HI(31:0,63:32): b0600f10, 7f2a
  GG: copy command No: 8...
  GG: packet_addr->SRC_ADDR_LO,HI(31:0,63:32): 9d7fff00, 7f2a
  GG: packet_addr0>DST_ADDR_LO,HI(31:0,63:32): b0a00ef0, 7f2a
:4:rocvirtual.cpp           :526 : 457891455960 us: 56494: [tid:0x7f2f388ed080] Host wait on completion_signal=0x7f2f38766280
:3:rocvirtual.hpp           :62  : 457891455962 us: 56494: [tid:0x7f2f388ed080] Host active wait for Signal = (0x7f2f38766280) for -1 ns
:4:rocmemory.cpp            :941 : 457891458167 us: 56494: [tid:0x7f2f388ed080] Locking to pool 0x1064cd0, size 0x2000000, HostPtr = 0x7f2ef7da5000, DevPtr = 0x7f2a9b800000
:4:rocblit.cpp              :668 : 457891458173 us: 56494: [tid:0x7f2f388ed080] HSA Asycn Copy wait_event=0x0, completion_signal=0x7f2f38766200
GG; hsa_amd_memory_async_copy: entered...
GG: Runtime::CopyMemory.(2)
GG: DmaCopy(dst, dst_agent, src, src_agent, size, dep_signals, out_signal)..entered.
GG: BlistSdma::BuildCopyCommand() entered...
  GG: copy command No: 0...
  GG: packet_addr->SRC_ADDR_LO,HI(31:0,63:32): 9b800000, 7f2a
  GG: packet_addr0>DST_ADDR_LO,HI(31:0,63:32): b0a00ff0, 7f2a
  GG: copy command No: 1...
  GG: packet_addr->SRC_ADDR_LO,HI(31:0,63:32): 9bbfffe0, 7f2a
  GG: packet_addr0>DST_ADDR_LO,HI(31:0,63:32): b0e00fd0, 7f2a
  GG: copy command No: 2...
  GG: packet_addr->SRC_ADDR_LO,HI(31:0,63:32): 9bffffc0, 7f2a
  GG: packet_addr0>DST_ADDR_LO,HI(31:0,63:32): b1200fb0, 7f2a
  GG: copy command No: 3...
  GG: packet_addr->SRC_ADDR_LO,HI(31:0,63:32): 9c3fffa0, 7f2a
  GG: packet_addr0>DST_ADDR_LO,HI(31:0,63:32): b1600f90, 7f2a
  GG: copy command No: 4...
  GG: packet_addr->SRC_ADDR_LO,HI(31:0,63:32): 9c7fff80, 7f2a
  GG: packet_addr0>DST_ADDR_LO,HI(31:0,63:32): b1a00f70, 7f2a
  GG: copy command No: 5...
  GG: packet_addr->SRC_ADDR_LO,HI(31:0,63:32): 9cbfff60, 7f2a
  GG: packet_addr0>DST_ADDR_LO,HI(31:0,63:32): b1e00f50, 7f2a
  GG: copy command No: 6...
  GG: packet_addr->SRC_ADDR_LO,HI(31:0,63:32): 9cffff40, 7f2a
  GG: packet_addr0>DST_ADDR_LO,HI(31:0,63:32): b2200f30, 7f2a
  GG: copy command No: 7...
  GG: packet_addr->SRC_ADDR_LO,HI(31:0,63:32): 9d3fff20, 7f2a
  GG: packet_addr0>DST_ADDR_LO,HI(31:0,63:32): b2600f10, 7f2a
  GG: copy command No: 8...
  GG: packet_addr->SRC_ADDR_LO,HI(31:0,63:32): 9d7fff00, 7f2a
  GG: packet_addr0>DST_ADDR_LO,HI(31:0,63:32): b2a00ef0, 7f2a
:4:rocvirtual.cpp           :526 : 457891458193 us: 56494: [tid:0x7f2f388ed080] Host wait on completion_signal=0x7f2f38766200
:3:rocvirtual.hpp           :62  : 457891458195 us: 56494: [tid:0x7f2f388ed080] Host active wait for Signal = (0x7f2f38766200) for -1 ns
:4:rocmemory.cpp            :941 : 457891460372 us: 56494: [tid:0x7f2f388ed080] Locking to pool 0x1064cd0, size 0x2000000, HostPtr = 0x7f2ef9da5000, DevPtr = 0x7f2a9b800000
:4:rocblit.cpp              :668 : 457891460379 us: 56494: [tid:0x7f2f388ed080] HSA Asycn Copy wait_event=0x0, completion_signal=0x7f2f38766180
GG; hsa_amd_memory_async_copy: entered...
GG: Runtime::CopyMemory.(2)
GG: DmaCopy(dst, dst_agent, src, src_agent, size, dep_signals, out_signal)..entered.
GG: BlistSdma::BuildCopyCommand() entered...
  GG: copy command No: 0...
  GG: packet_addr->SRC_ADDR_LO,HI(31:0,63:32): 9b800000, 7f2a
  GG: packet_addr0>DST_ADDR_LO,HI(31:0,63:32): b2a00ff0, 7f2a
  GG: copy command No: 1...
  GG: packet_addr->SRC_ADDR_LO,HI(31:0,63:32): 9bbfffe0, 7f2a
  GG: packet_addr0>DST_ADDR_LO,HI(31:0,63:32): b2e00fd0, 7f2a
  GG: copy command No: 2...
  GG: packet_addr->SRC_ADDR_LO,HI(31:0,63:32): 9bffffc0, 7f2a
  GG: packet_addr0>DST_ADDR_LO,HI(31:0,63:32): b3200fb0, 7f2a
  GG: copy command No: 3...
  GG: packet_addr->SRC_ADDR_LO,HI(31:0,63:32): 9c3fffa0, 7f2a
  GG: packet_addr0>DST_ADDR_LO,HI(31:0,63:32): b3600f90, 7f2a
  GG: copy command No: 4...
  GG: packet_addr->SRC_ADDR_LO,HI(31:0,63:32): 9c7fff80, 7f2a
  GG: packet_addr0>DST_ADDR_LO,HI(31:0,63:32): b3a00f70, 7f2a
  GG: copy command No: 5...
  GG: packet_addr->SRC_ADDR_LO,HI(31:0,63:32): 9cbfff60, 7f2a
  GG: packet_addr0>DST_ADDR_LO,HI(31:0,63:32): b3e00f50, 7f2a
  GG: copy command No: 6...
  GG: packet_addr->SRC_ADDR_LO,HI(31:0,63:32): 9cffff40, 7f2a
  GG: packet_addr0>DST_ADDR_LO,HI(31:0,63:32): b4200f30, 7f2a
  GG: copy command No: 7...
  GG: packet_addr->SRC_ADDR_LO,HI(31:0,63:32): 9d3fff20, 7f2a
  GG: packet_addr0>DST_ADDR_LO,HI(31:0,63:32): b4600f10, 7f2a
  GG: copy command No: 8...
  GG: packet_addr->SRC_ADDR_LO,HI(31:0,63:32): 9d7fff00, 7f2a
  GG: packet_addr0>DST_ADDR_LO,HI(31:0,63:32): b4a00ef0, 7f2a
:4:rocvirtual.cpp           :526 : 457891460400 us: 56494: [tid:0x7f2f388ed080] Host wait on completion_signal=0x7f2f38766180
:3:rocvirtual.hpp           :62  : 457891460402 us: 56494: [tid:0x7f2f388ed080] Host active wait for Signal = (0x7f2f38766180) for -1 ns
:4:rocmemory.cpp            :941 : 457891462671 us: 56494: [tid:0x7f2f388ed080] Locking to pool 0x1064cd0, size 0x2000000, HostPtr = 0x7f2efbda5000, DevPtr = 0x7f2a9b800000
:4:rocblit.cpp              :668 : 457891462679 us: 56494: [tid:0x7f2f388ed080] HSA Asycn Copy wait_event=0x0, completion_signal=0x7f2f38766100
GG; hsa_amd_memory_async_copy: entered...
GG: Runtime::CopyMemory.(2)
GG: DmaCopy(dst, dst_agent, src, src_agent, size, dep_signals, out_signal)..entered.
GG: BlistSdma::BuildCopyCommand() entered...
  GG: copy command No: 0...
  GG: packet_addr->SRC_ADDR_LO,HI(31:0,63:32): 9b800000, 7f2a
  GG: packet_addr0>DST_ADDR_LO,HI(31:0,63:32): b4a00ff0, 7f2a
  GG: copy command No: 1...
  GG: packet_addr->SRC_ADDR_LO,HI(31:0,63:32): 9bbfffe0, 7f2a
  GG: packet_addr0>DST_ADDR_LO,HI(31:0,63:32): b4e00fd0, 7f2a
  GG: copy command No: 2...
  GG: packet_addr->SRC_ADDR_LO,HI(31:0,63:32): 9bffffc0, 7f2a
  GG: packet_addr0>DST_ADDR_LO,HI(31:0,63:32): b5200fb0, 7f2a
  GG: copy command No: 3...
  GG: packet_addr->SRC_ADDR_LO,HI(31:0,63:32): 9c3fffa0, 7f2a
  GG: packet_addr0>DST_ADDR_LO,HI(31:0,63:32): b5600f90, 7f2a
  GG: copy command No: 4...
  GG: packet_addr->SRC_ADDR_LO,HI(31:0,63:32): 9c7fff80, 7f2a
  GG: packet_addr0>DST_ADDR_LO,HI(31:0,63:32): b5a00f70, 7f2a
  GG: copy command No: 5...
  GG: packet_addr->SRC_ADDR_LO,HI(31:0,63:32): 9cbfff60, 7f2a
  GG: packet_addr0>DST_ADDR_LO,HI(31:0,63:32): b5e00f50, 7f2a
  GG: copy command No: 6...
  GG: packet_addr->SRC_ADDR_LO,HI(31:0,63:32): 9cffff40, 7f2a
  GG: packet_addr0>DST_ADDR_LO,HI(31:0,63:32): b6200f30, 7f2a
  GG: copy command No: 7...
  GG: packet_addr->SRC_ADDR_LO,HI(31:0,63:32): 9d3fff20, 7f2a
  GG: packet_addr0>DST_ADDR_LO,HI(31:0,63:32): b6600f10, 7f2a
  GG: copy command No: 8...
  GG: packet_addr->SRC_ADDR_LO,HI(31:0,63:32): 9d7fff00, 7f2a
  GG: packet_addr0>DST_ADDR_LO,HI(31:0,63:32): b6a00ef0, 7f2a
:4:rocvirtual.cpp           :526 : 457891462706 us: 56494: [tid:0x7f2f388ed080] Host wait on completion_signal=0x7f2f38766100
:3:rocvirtual.hpp           :62  : 457891462708 us: 56494: [tid:0x7f2f388ed080] Host active wait for Signal = (0x7f2f38766100) for -1 ns
:4:rocmemory.cpp            :941 : 457891464917 us: 56494: [tid:0x7f2f388ed080] Locking to pool 0x1064cd0, size 0x2000000, HostPtr = 0x7f2efdda5000, DevPtr = 0x7f2a9b800000
:4:rocblit.cpp              :668 : 457891464927 us: 56494: [tid:0x7f2f388ed080] HSA Asycn Copy wait_event=0x0, completion_signal=0x7f2f38766080
GG; hsa_amd_memory_async_copy: entered...
GG: Runtime::CopyMemory.(2)
GG: DmaCopy(dst, dst_agent, src, src_agent, size, dep_signals, out_signal)..entered.
GG: BlistSdma::BuildCopyCommand() entered...
  GG: copy command No: 0...
  GG: packet_addr->SRC_ADDR_LO,HI(31:0,63:32): 9b800000, 7f2a
  GG: packet_addr0>DST_ADDR_LO,HI(31:0,63:32): b6a00ff0, 7f2a
  GG: copy command No: 1...
  GG: packet_addr->SRC_ADDR_LO,HI(31:0,63:32): 9bbfffe0, 7f2a
  GG: packet_addr0>DST_ADDR_LO,HI(31:0,63:32): b6e00fd0, 7f2a
  GG: copy command No: 2...
  GG: packet_addr->SRC_ADDR_LO,HI(31:0,63:32): 9bffffc0, 7f2a
  GG: packet_addr0>DST_ADDR_LO,HI(31:0,63:32): b7200fb0, 7f2a
  GG: copy command No: 3...
  GG: packet_addr->SRC_ADDR_LO,HI(31:0,63:32): 9c3fffa0, 7f2a
  GG: packet_addr0>DST_ADDR_LO,HI(31:0,63:32): b7600f90, 7f2a
  GG: copy command No: 4...
  GG: packet_addr->SRC_ADDR_LO,HI(31:0,63:32): 9c7fff80, 7f2a
  GG: packet_addr0>DST_ADDR_LO,HI(31:0,63:32): b7a00f70, 7f2a
  GG: copy command No: 5...
  GG: packet_addr->SRC_ADDR_LO,HI(31:0,63:32): 9cbfff60, 7f2a
  GG: packet_addr0>DST_ADDR_LO,HI(31:0,63:32): b7e00f50, 7f2a
  GG: copy command No: 6...
  GG: packet_addr->SRC_ADDR_LO,HI(31:0,63:32): 9cffff40, 7f2a
  GG: packet_addr0>DST_ADDR_LO,HI(31:0,63:32): b8200f30, 7f2a
  GG: copy command No: 7...
  GG: packet_addr->SRC_ADDR_LO,HI(31:0,63:32): 9d3fff20, 7f2a
  GG: packet_addr0>DST_ADDR_LO,HI(31:0,63:32): b8600f10, 7f2a
  GG: copy command No: 8...
  GG: packet_addr->SRC_ADDR_LO,HI(31:0,63:32): 9d7fff00, 7f2a
  GG: packet_addr0>DST_ADDR_LO,HI(31:0,63:32): b8a00ef0, 7f2a
:4:rocvirtual.cpp           :526 : 457891464954 us: 56494: [tid:0x7f2f388ed080] Host wait on completion_signal=0x7f2f38766080
:3:rocvirtual.hpp           :62  : 457891464957 us: 56494: [tid:0x7f2f388ed080] Host active wait for Signal = (0x7f2f38766080) for -1 ns
:4:rocmemory.cpp            :941 : 457891467155 us: 56494: [tid:0x7f2f388ed080] Locking to pool 0x1064cd0, size 0x2000000, HostPtr = 0x7f2effda5000, DevPtr = 0x7f2a9b800000
:4:rocblit.cpp              :668 : 457891467163 us: 56494: [tid:0x7f2f388ed080] HSA Asycn Copy wait_event=0x0, completion_signal=0x7f2f38766000
GG; hsa_amd_memory_async_copy: entered...
GG: Runtime::CopyMemory.(2)
GG: DmaCopy(dst, dst_agent, src, src_agent, size, dep_signals, out_signal)..entered.
GG: BlistSdma::BuildCopyCommand() entered...
  GG: copy command No: 0...
  GG: packet_addr->SRC_ADDR_LO,HI(31:0,63:32): 9b800000, 7f2a
  GG: packet_addr0>DST_ADDR_LO,HI(31:0,63:32): b8a00ff0, 7f2a
  GG: copy command No: 1...
  GG: packet_addr->SRC_ADDR_LO,HI(31:0,63:32): 9bbfffe0, 7f2a
  GG: packet_addr0>DST_ADDR_LO,HI(31:0,63:32): b8e00fd0, 7f2a
  GG: copy command No: 2...
  GG: packet_addr->SRC_ADDR_LO,HI(31:0,63:32): 9bffffc0, 7f2a
  GG: packet_addr0>DST_ADDR_LO,HI(31:0,63:32): b9200fb0, 7f2a
  GG: copy command No: 3...
  GG: packet_addr->SRC_ADDR_LO,HI(31:0,63:32): 9c3fffa0, 7f2a
  GG: packet_addr0>DST_ADDR_LO,HI(31:0,63:32): b9600f90, 7f2a
  GG: copy command No: 4...
  GG: packet_addr->SRC_ADDR_LO,HI(31:0,63:32): 9c7fff80, 7f2a
  GG: packet_addr0>DST_ADDR_LO,HI(31:0,63:32): b9a00f70, 7f2a
  GG: copy command No: 5...
  GG: packet_addr->SRC_ADDR_LO,HI(31:0,63:32): 9cbfff60, 7f2a
  GG: packet_addr0>DST_ADDR_LO,HI(31:0,63:32): b9e00f50, 7f2a
  GG: copy command No: 6...
  GG: packet_addr->SRC_ADDR_LO,HI(31:0,63:32): 9cffff40, 7f2a
  GG: packet_addr0>DST_ADDR_LO,HI(31:0,63:32): ba200f30, 7f2a
  GG: copy command No: 7...
  GG: packet_addr->SRC_ADDR_LO,HI(31:0,63:32): 9d3fff20, 7f2a
  GG: packet_addr0>DST_ADDR_LO,HI(31:0,63:32): ba600f10, 7f2a
  GG: copy command No: 8...
  GG: packet_addr->SRC_ADDR_LO,HI(31:0,63:32): 9d7fff00, 7f2a
  GG: packet_addr0>DST_ADDR_LO,HI(31:0,63:32): baa00ef0, 7f2a
:4:rocvirtual.cpp           :526 : 457891467184 us: 56494: [tid:0x7f2f388ed080] Host wait on completion_signal=0x7f2f38766000
:3:rocvirtual.hpp           :62  : 457891467186 us: 56494: [tid:0x7f2f388ed080] Host active wait for Signal = (0x7f2f38766000) for -1 ns
:4:rocmemory.cpp            :941 : 457891469363 us: 56494: [tid:0x7f2f388ed080] Locking to pool 0x1064cd0, size 0x2000000, HostPtr = 0x7f2f01da5000, DevPtr = 0x7f2a9b800000
:4:rocblit.cpp              :668 : 457891469370 us: 56494: [tid:0x7f2f388ed080] HSA Asycn Copy wait_event=0x0, completion_signal=0x7f2eed58bf80
GG; hsa_amd_memory_async_copy: entered...
GG: Runtime::CopyMemory.(2)
GG: DmaCopy(dst, dst_agent, src, src_agent, size, dep_signals, out_signal)..entered.
GG: BlistSdma::BuildCopyCommand() entered...
  GG: copy command No: 0...
  GG: packet_addr->SRC_ADDR_LO,HI(31:0,63:32): 9b800000, 7f2a
  GG: packet_addr0>DST_ADDR_LO,HI(31:0,63:32): baa00ff0, 7f2a
  GG: copy command No: 1...
  GG: packet_addr->SRC_ADDR_LO,HI(31:0,63:32): 9bbfffe0, 7f2a
  GG: packet_addr0>DST_ADDR_LO,HI(31:0,63:32): bae00fd0, 7f2a
  GG: copy command No: 2...
  GG: packet_addr->SRC_ADDR_LO,HI(31:0,63:32): 9bffffc0, 7f2a
  GG: packet_addr0>DST_ADDR_LO,HI(31:0,63:32): bb200fb0, 7f2a
  GG: copy command No: 3...
  GG: packet_addr->SRC_ADDR_LO,HI(31:0,63:32): 9c3fffa0, 7f2a
  GG: packet_addr0>DST_ADDR_LO,HI(31:0,63:32): bb600f90, 7f2a
  GG: copy command No: 4...
  GG: packet_addr->SRC_ADDR_LO,HI(31:0,63:32): 9c7fff80, 7f2a
  GG: packet_addr0>DST_ADDR_LO,HI(31:0,63:32): bba00f70, 7f2a
  GG: copy command No: 5...
  GG: packet_addr->SRC_ADDR_LO,HI(31:0,63:32): 9cbfff60, 7f2a
  GG: packet_addr0>DST_ADDR_LO,HI(31:0,63:32): bbe00f50, 7f2a
  GG: copy command No: 6...
  GG: packet_addr->SRC_ADDR_LO,HI(31:0,63:32): 9cffff40, 7f2a
  GG: packet_addr0>DST_ADDR_LO,HI(31:0,63:32): bc200f30, 7f2a
  GG: copy command No: 7...
  GG: packet_addr->SRC_ADDR_LO,HI(31:0,63:32): 9d3fff20, 7f2a
  GG: packet_addr0>DST_ADDR_LO,HI(31:0,63:32): bc600f10, 7f2a
  GG: copy command No: 8...
  GG: packet_addr->SRC_ADDR_LO,HI(31:0,63:32): 9d7fff00, 7f2a
  GG: packet_addr0>DST_ADDR_LO,HI(31:0,63:32): bca00ef0, 7f2a
:4:rocvirtual.cpp           :526 : 457891469391 us: 56494: [tid:0x7f2f388ed080] Host wait on completion_signal=0x7f2eed58bf80
:3:rocvirtual.hpp           :62  : 457891469394 us: 56494: [tid:0x7f2f388ed080] Host active wait for Signal = (0x7f2eed58bf80) for -1 ns
:4:rocmemory.cpp            :941 : 457891471680 us: 56494: [tid:0x7f2f388ed080] Locking to pool 0x1064cd0, size 0x2000000, HostPtr = 0x7f2f03da5000, DevPtr = 0x7f2a9b800000
:4:rocblit.cpp              :668 : 457891471689 us: 56494: [tid:0x7f2f388ed080] HSA Asycn Copy wait_event=0x0, completion_signal=0x7f2eed58bf00
GG; hsa_amd_memory_async_copy: entered...
GG: Runtime::CopyMemory.(2)
GG: DmaCopy(dst, dst_agent, src, src_agent, size, dep_signals, out_signal)..entered.
GG: BlistSdma::BuildCopyCommand() entered...
  GG: copy command No: 0...
  GG: packet_addr->SRC_ADDR_LO,HI(31:0,63:32): 9b800000, 7f2a
  GG: packet_addr0>DST_ADDR_LO,HI(31:0,63:32): bca00ff0, 7f2a
  GG: copy command No: 1...
  GG: packet_addr->SRC_ADDR_LO,HI(31:0,63:32): 9bbfffe0, 7f2a
  GG: packet_addr0>DST_ADDR_LO,HI(31:0,63:32): bce00fd0, 7f2a
  GG: copy command No: 2...
  GG: packet_addr->SRC_ADDR_LO,HI(31:0,63:32): 9bffffc0, 7f2a
  GG: packet_addr0>DST_ADDR_LO,HI(31:0,63:32): bd200fb0, 7f2a
  GG: copy command No: 3...
  GG: packet_addr->SRC_ADDR_LO,HI(31:0,63:32): 9c3fffa0, 7f2a
  GG: packet_addr0>DST_ADDR_LO,HI(31:0,63:32): bd600f90, 7f2a
  GG: copy command No: 4...
  GG: packet_addr->SRC_ADDR_LO,HI(31:0,63:32): 9c7fff80, 7f2a
  GG: packet_addr0>DST_ADDR_LO,HI(31:0,63:32): bda00f70, 7f2a
  GG: copy command No: 5...
  GG: packet_addr->SRC_ADDR_LO,HI(31:0,63:32): 9cbfff60, 7f2a
  GG: packet_addr0>DST_ADDR_LO,HI(31:0,63:32): bde00f50, 7f2a
  GG: copy command No: 6...
  GG: packet_addr->SRC_ADDR_LO,HI(31:0,63:32): 9cffff40, 7f2a
  GG: packet_addr0>DST_ADDR_LO,HI(31:0,63:32): be200f30, 7f2a
  GG: copy command No: 7...
  GG: packet_addr->SRC_ADDR_LO,HI(31:0,63:32): 9d3fff20, 7f2a
  GG: packet_addr0>DST_ADDR_LO,HI(31:0,63:32): be600f10, 7f2a
  GG: copy command No: 8...
  GG: packet_addr->SRC_ADDR_LO,HI(31:0,63:32): 9d7fff00, 7f2a
  GG: packet_addr0>DST_ADDR_LO,HI(31:0,63:32): bea00ef0, 7f2a
:4:rocvirtual.cpp           :526 : 457891471715 us: 56494: [tid:0x7f2f388ed080] Host wait on completion_signal=0x7f2eed58bf00
:3:rocvirtual.hpp           :62  : 457891471717 us: 56494: [tid:0x7f2f388ed080] Host active wait for Signal = (0x7f2eed58bf00) for -1 ns
:4:rocmemory.cpp            :941 : 457891473943 us: 56494: [tid:0x7f2f388ed080] Locking to pool 0x1064cd0, size 0x2000000, HostPtr = 0x7f2f05da5000, DevPtr = 0x7f2a9b800000
:4:rocblit.cpp              :668 : 457891473951 us: 56494: [tid:0x7f2f388ed080] HSA Asycn Copy wait_event=0x0, completion_signal=0x7f2eed58be80
GG; hsa_amd_memory_async_copy: entered...
GG: Runtime::CopyMemory.(2)
GG: DmaCopy(dst, dst_agent, src, src_agent, size, dep_signals, out_signal)..entered.
GG: BlistSdma::BuildCopyCommand() entered...
  GG: copy command No: 0...
  GG: packet_addr->SRC_ADDR_LO,HI(31:0,63:32): 9b800000, 7f2a
  GG: packet_addr0>DST_ADDR_LO,HI(31:0,63:32): bea00ff0, 7f2a
  GG: copy command No: 1...
  GG: packet_addr->SRC_ADDR_LO,HI(31:0,63:32): 9bbfffe0, 7f2a
  GG: packet_addr0>DST_ADDR_LO,HI(31:0,63:32): bee00fd0, 7f2a
  GG: copy command No: 2...
  GG: packet_addr->SRC_ADDR_LO,HI(31:0,63:32): 9bffffc0, 7f2a
  GG: packet_addr0>DST_ADDR_LO,HI(31:0,63:32): bf200fb0, 7f2a
  GG: copy command No: 3...
  GG: packet_addr->SRC_ADDR_LO,HI(31:0,63:32): 9c3fffa0, 7f2a
  GG: packet_addr0>DST_ADDR_LO,HI(31:0,63:32): bf600f90, 7f2a
  GG: copy command No: 4...
  GG: packet_addr->SRC_ADDR_LO,HI(31:0,63:32): 9c7fff80, 7f2a
  GG: packet_addr0>DST_ADDR_LO,HI(31:0,63:32): bfa00f70, 7f2a
  GG: copy command No: 5...
  GG: packet_addr->SRC_ADDR_LO,HI(31:0,63:32): 9cbfff60, 7f2a
  GG: packet_addr0>DST_ADDR_LO,HI(31:0,63:32): bfe00f50, 7f2a
  GG: copy command No: 6...
  GG: packet_addr->SRC_ADDR_LO,HI(31:0,63:32): 9cffff40, 7f2a
  GG: packet_addr0>DST_ADDR_LO,HI(31:0,63:32): c0200f30, 7f2a
  GG: copy command No: 7...
  GG: packet_addr->SRC_ADDR_LO,HI(31:0,63:32): 9d3fff20, 7f2a
  GG: packet_addr0>DST_ADDR_LO,HI(31:0,63:32): c0600f10, 7f2a
  GG: copy command No: 8...
  GG: packet_addr->SRC_ADDR_LO,HI(31:0,63:32): 9d7fff00, 7f2a
  GG: packet_addr0>DST_ADDR_LO,HI(31:0,63:32): c0a00ef0, 7f2a
:4:rocvirtual.cpp           :526 : 457891473972 us: 56494: [tid:0x7f2f388ed080] Host wait on completion_signal=0x7f2eed58be80
:3:rocvirtual.hpp           :62  : 457891473974 us: 56494: [tid:0x7f2f388ed080] Host active wait for Signal = (0x7f2eed58be80) for -1 ns
:4:rocmemory.cpp            :941 : 457891476281 us: 56494: [tid:0x7f2f388ed080] Locking to pool 0x1064cd0, size 0x2000000, HostPtr = 0x7f2f07da5000, DevPtr = 0x7f2a9b800000
:4:rocblit.cpp              :668 : 457891476289 us: 56494: [tid:0x7f2f388ed080] HSA Asycn Copy wait_event=0x0, completion_signal=0x7f2eed58be00
GG; hsa_amd_memory_async_copy: entered...
GG: Runtime::CopyMemory.(2)
GG: DmaCopy(dst, dst_agent, src, src_agent, size, dep_signals, out_signal)..entered.
GG: BlistSdma::BuildCopyCommand() entered...
  GG: copy command No: 0...
  GG: packet_addr->SRC_ADDR_LO,HI(31:0,63:32): 9b800000, 7f2a
  GG: packet_addr0>DST_ADDR_LO,HI(31:0,63:32): c0a00ff0, 7f2a
  GG: copy command No: 1...
  GG: packet_addr->SRC_ADDR_LO,HI(31:0,63:32): 9bbfffe0, 7f2a
  GG: packet_addr0>DST_ADDR_LO,HI(31:0,63:32): c0e00fd0, 7f2a
  GG: copy command No: 2...
  GG: packet_addr->SRC_ADDR_LO,HI(31:0,63:32): 9bffffc0, 7f2a
  GG: packet_addr0>DST_ADDR_LO,HI(31:0,63:32): c1200fb0, 7f2a
  GG: copy command No: 3...
  GG: packet_addr->SRC_ADDR_LO,HI(31:0,63:32): 9c3fffa0, 7f2a
  GG: packet_addr0>DST_ADDR_LO,HI(31:0,63:32): c1600f90, 7f2a
  GG: copy command No: 4...
  GG: packet_addr->SRC_ADDR_LO,HI(31:0,63:32): 9c7fff80, 7f2a
  GG: packet_addr0>DST_ADDR_LO,HI(31:0,63:32): c1a00f70, 7f2a
  GG: copy command No: 5...
  GG: packet_addr->SRC_ADDR_LO,HI(31:0,63:32): 9cbfff60, 7f2a
  GG: packet_addr0>DST_ADDR_LO,HI(31:0,63:32): c1e00f50, 7f2a
  GG: copy command No: 6...
  GG: packet_addr->SRC_ADDR_LO,HI(31:0,63:32): 9cffff40, 7f2a
  GG: packet_addr0>DST_ADDR_LO,HI(31:0,63:32): c2200f30, 7f2a
  GG: copy command No: 7...
  GG: packet_addr->SRC_ADDR_LO,HI(31:0,63:32): 9d3fff20, 7f2a
  GG: packet_addr0>DST_ADDR_LO,HI(31:0,63:32): c2600f10, 7f2a
  GG: copy command No: 8...
  GG: packet_addr->SRC_ADDR_LO,HI(31:0,63:32): 9d7fff00, 7f2a
  GG: packet_addr0>DST_ADDR_LO,HI(31:0,63:32): c2a00ef0, 7f2a
:4:rocvirtual.cpp           :526 : 457891476310 us: 56494: [tid:0x7f2f388ed080] Host wait on completion_signal=0x7f2eed58be00
:3:rocvirtual.hpp           :62  : 457891476312 us: 56494: [tid:0x7f2f388ed080] Host active wait for Signal = (0x7f2eed58be00) for -1 ns
:4:rocmemory.cpp            :941 : 457891478453 us: 56494: [tid:0x7f2f388ed080] Locking to pool 0x1064cd0, size 0x2000000, HostPtr = 0x7f2f09da5000, DevPtr = 0x7f2a9b800000
:4:rocblit.cpp              :668 : 457891478460 us: 56494: [tid:0x7f2f388ed080] HSA Asycn Copy wait_event=0x0, completion_signal=0x7f2eed58bd80
GG; hsa_amd_memory_async_copy: entered...
GG: Runtime::CopyMemory.(2)
GG: DmaCopy(dst, dst_agent, src, src_agent, size, dep_signals, out_signal)..entered.
GG: BlistSdma::BuildCopyCommand() entered...
  GG: copy command No: 0...
  GG: packet_addr->SRC_ADDR_LO,HI(31:0,63:32): 9b800000, 7f2a
  GG: packet_addr0>DST_ADDR_LO,HI(31:0,63:32): c2a00ff0, 7f2a
  GG: copy command No: 1...
  GG: packet_addr->SRC_ADDR_LO,HI(31:0,63:32): 9bbfffe0, 7f2a
  GG: packet_addr0>DST_ADDR_LO,HI(31:0,63:32): c2e00fd0, 7f2a
  GG: copy command No: 2...
  GG: packet_addr->SRC_ADDR_LO,HI(31:0,63:32): 9bffffc0, 7f2a
  GG: packet_addr0>DST_ADDR_LO,HI(31:0,63:32): c3200fb0, 7f2a
  GG: copy command No: 3...
  GG: packet_addr->SRC_ADDR_LO,HI(31:0,63:32): 9c3fffa0, 7f2a
  GG: packet_addr0>DST_ADDR_LO,HI(31:0,63:32): c3600f90, 7f2a
  GG: copy command No: 4...
  GG: packet_addr->SRC_ADDR_LO,HI(31:0,63:32): 9c7fff80, 7f2a
  GG: packet_addr0>DST_ADDR_LO,HI(31:0,63:32): c3a00f70, 7f2a
  GG: copy command No: 5...
  GG: packet_addr->SRC_ADDR_LO,HI(31:0,63:32): 9cbfff60, 7f2a
  GG: packet_addr0>DST_ADDR_LO,HI(31:0,63:32): c3e00f50, 7f2a
  GG: copy command No: 6...
  GG: packet_addr->SRC_ADDR_LO,HI(31:0,63:32): 9cffff40, 7f2a
  GG: packet_addr0>DST_ADDR_LO,HI(31:0,63:32): c4200f30, 7f2a
  GG: copy command No: 7...
  GG: packet_addr->SRC_ADDR_LO,HI(31:0,63:32): 9d3fff20, 7f2a
  GG: packet_addr0>DST_ADDR_LO,HI(31:0,63:32): c4600f10, 7f2a
  GG: copy command No: 8...
  GG: packet_addr->SRC_ADDR_LO,HI(31:0,63:32): 9d7fff00, 7f2a
  GG: packet_addr0>DST_ADDR_LO,HI(31:0,63:32): c4a00ef0, 7f2a
:4:rocvirtual.cpp           :526 : 457891478480 us: 56494: [tid:0x7f2f388ed080] Host wait on completion_signal=0x7f2eed58bd80
:3:rocvirtual.hpp           :62  : 457891478482 us: 56494: [tid:0x7f2f388ed080] Host active wait for Signal = (0x7f2eed58bd80) for -1 ns
:4:rocmemory.cpp            :941 : 457891481187 us: 56494: [tid:0x7f2f388ed080] Locking to pool 0x1064cd0, size 0x2000000, HostPtr = 0x7f2f0bda5000, DevPtr = 0x7f2a9b800000
:4:rocblit.cpp              :668 : 457891481205 us: 56494: [tid:0x7f2f388ed080] HSA Asycn Copy wait_event=0x0, completion_signal=0x7f2eed58bd00
GG; hsa_amd_memory_async_copy: entered...
GG: Runtime::CopyMemory.(2)
GG: DmaCopy(dst, dst_agent, src, src_agent, size, dep_signals, out_signal)..entered.
GG: BlistSdma::BuildCopyCommand() entered...
  GG: copy command No: 0...
  GG: packet_addr->SRC_ADDR_LO,HI(31:0,63:32): 9b800000, 7f2a
  GG: packet_addr0>DST_ADDR_LO,HI(31:0,63:32): c4a00ff0, 7f2a
  GG: copy command No: 1...
  GG: packet_addr->SRC_ADDR_LO,HI(31:0,63:32): 9bbfffe0, 7f2a
  GG: packet_addr0>DST_ADDR_LO,HI(31:0,63:32): c4e00fd0, 7f2a
  GG: copy command No: 2...
  GG: packet_addr->SRC_ADDR_LO,HI(31:0,63:32): 9bffffc0, 7f2a
  GG: packet_addr0>DST_ADDR_LO,HI(31:0,63:32): c5200fb0, 7f2a
  GG: copy command No: 3...
  GG: packet_addr->SRC_ADDR_LO,HI(31:0,63:32): 9c3fffa0, 7f2a
  GG: packet_addr0>DST_ADDR_LO,HI(31:0,63:32): c5600f90, 7f2a
  GG: copy command No: 4...
  GG: packet_addr->SRC_ADDR_LO,HI(31:0,63:32): 9c7fff80, 7f2a
  GG: packet_addr0>DST_ADDR_LO,HI(31:0,63:32): c5a00f70, 7f2a
  GG: copy command No: 5...
  GG: packet_addr->SRC_ADDR_LO,HI(31:0,63:32): 9cbfff60, 7f2a
  GG: packet_addr0>DST_ADDR_LO,HI(31:0,63:32): c5e00f50, 7f2a
  GG: copy command No: 6...
  GG: packet_addr->SRC_ADDR_LO,HI(31:0,63:32): 9cffff40, 7f2a
  GG: packet_addr0>DST_ADDR_LO,HI(31:0,63:32): c6200f30, 7f2a
  GG: copy command No: 7...
  GG: packet_addr->SRC_ADDR_LO,HI(31:0,63:32): 9d3fff20, 7f2a
  GG: packet_addr0>DST_ADDR_LO,HI(31:0,63:32): c6600f10, 7f2a
  GG: copy command No: 8...
  GG: packet_addr->SRC_ADDR_LO,HI(31:0,63:32): 9d7fff00, 7f2a
  GG: packet_addr0>DST_ADDR_LO,HI(31:0,63:32): c6a00ef0, 7f2a
:4:rocvirtual.cpp           :526 : 457891481251 us: 56494: [tid:0x7f2f388ed080] Host wait on completion_signal=0x7f2eed58bd00
:3:rocvirtual.hpp           :62  : 457891481256 us: 56494: [tid:0x7f2f388ed080] Host active wait for Signal = (0x7f2eed58bd00) for -1 ns
:4:rocmemory.cpp            :941 : 457891483424 us: 56494: [tid:0x7f2f388ed080] Locking to pool 0x1064cd0, size 0x2000000, HostPtr = 0x7f2f0dda5000, DevPtr = 0x7f2a9b800000
:4:rocblit.cpp              :668 : 457891483430 us: 56494: [tid:0x7f2f388ed080] HSA Asycn Copy wait_event=0x0, completion_signal=0x7f2eed58bc80
GG; hsa_amd_memory_async_copy: entered...
GG: Runtime::CopyMemory.(2)
GG: DmaCopy(dst, dst_agent, src, src_agent, size, dep_signals, out_signal)..entered.
GG: BlistSdma::BuildCopyCommand() entered...
  GG: copy command No: 0...
  GG: packet_addr->SRC_ADDR_LO,HI(31:0,63:32): 9b800000, 7f2a
  GG: packet_addr0>DST_ADDR_LO,HI(31:0,63:32): c6a00ff0, 7f2a
  GG: copy command No: 1...
  GG: packet_addr->SRC_ADDR_LO,HI(31:0,63:32): 9bbfffe0, 7f2a
  GG: packet_addr0>DST_ADDR_LO,HI(31:0,63:32): c6e00fd0, 7f2a
  GG: copy command No: 2...
  GG: packet_addr->SRC_ADDR_LO,HI(31:0,63:32): 9bffffc0, 7f2a
  GG: packet_addr0>DST_ADDR_LO,HI(31:0,63:32): c7200fb0, 7f2a
  GG: copy command No: 3...
  GG: packet_addr->SRC_ADDR_LO,HI(31:0,63:32): 9c3fffa0, 7f2a
  GG: packet_addr0>DST_ADDR_LO,HI(31:0,63:32): c7600f90, 7f2a
  GG: copy command No: 4...
  GG: packet_addr->SRC_ADDR_LO,HI(31:0,63:32): 9c7fff80, 7f2a
  GG: packet_addr0>DST_ADDR_LO,HI(31:0,63:32): c7a00f70, 7f2a
  GG: copy command No: 5...
  GG: packet_addr->SRC_ADDR_LO,HI(31:0,63:32): 9cbfff60, 7f2a
  GG: packet_addr0>DST_ADDR_LO,HI(31:0,63:32): c7e00f50, 7f2a
  GG: copy command No: 6...
  GG: packet_addr->SRC_ADDR_LO,HI(31:0,63:32): 9cffff40, 7f2a
  GG: packet_addr0>DST_ADDR_LO,HI(31:0,63:32): c8200f30, 7f2a
  GG: copy command No: 7...
  GG: packet_addr->SRC_ADDR_LO,HI(31:0,63:32): 9d3fff20, 7f2a
  GG: packet_addr0>DST_ADDR_LO,HI(31:0,63:32): c8600f10, 7f2a
  GG: copy command No: 8...
  GG: packet_addr->SRC_ADDR_LO,HI(31:0,63:32): 9d7fff00, 7f2a
  GG: packet_addr0>DST_ADDR_LO,HI(31:0,63:32): c8a00ef0, 7f2a
:4:rocvirtual.cpp           :526 : 457891483451 us: 56494: [tid:0x7f2f388ed080] Host wait on completion_signal=0x7f2eed58bc80
:3:rocvirtual.hpp           :62  : 457891483453 us: 56494: [tid:0x7f2f388ed080] Host active wait for Signal = (0x7f2eed58bc80) for -1 ns
:4:rocmemory.cpp            :941 : 457891485640 us: 56494: [tid:0x7f2f388ed080] Locking to pool 0x1064cd0, size 0x2000000, HostPtr = 0x7f2f0fda5000, DevPtr = 0x7f2a9b800000
:4:rocblit.cpp              :668 : 457891485647 us: 56494: [tid:0x7f2f388ed080] HSA Asycn Copy wait_event=0x0, completion_signal=0x7f2eed58bc00
GG; hsa_amd_memory_async_copy: entered...
GG: Runtime::CopyMemory.(2)
GG: DmaCopy(dst, dst_agent, src, src_agent, size, dep_signals, out_signal)..entered.
GG: BlistSdma::BuildCopyCommand() entered...
  GG: copy command No: 0...
  GG: packet_addr->SRC_ADDR_LO,HI(31:0,63:32): 9b800000, 7f2a
  GG: packet_addr0>DST_ADDR_LO,HI(31:0,63:32): c8a00ff0, 7f2a
  GG: copy command No: 1...
  GG: packet_addr->SRC_ADDR_LO,HI(31:0,63:32): 9bbfffe0, 7f2a
  GG: packet_addr0>DST_ADDR_LO,HI(31:0,63:32): c8e00fd0, 7f2a
  GG: copy command No: 2...
  GG: packet_addr->SRC_ADDR_LO,HI(31:0,63:32): 9bffffc0, 7f2a
  GG: packet_addr0>DST_ADDR_LO,HI(31:0,63:32): c9200fb0, 7f2a
  GG: copy command No: 3...
  GG: packet_addr->SRC_ADDR_LO,HI(31:0,63:32): 9c3fffa0, 7f2a
  GG: packet_addr0>DST_ADDR_LO,HI(31:0,63:32): c9600f90, 7f2a
  GG: copy command No: 4...
  GG: packet_addr->SRC_ADDR_LO,HI(31:0,63:32): 9c7fff80, 7f2a
  GG: packet_addr0>DST_ADDR_LO,HI(31:0,63:32): c9a00f70, 7f2a
  GG: copy command No: 5...
  GG: packet_addr->SRC_ADDR_LO,HI(31:0,63:32): 9cbfff60, 7f2a
  GG: packet_addr0>DST_ADDR_LO,HI(31:0,63:32): c9e00f50, 7f2a
  GG: copy command No: 6...
  GG: packet_addr->SRC_ADDR_LO,HI(31:0,63:32): 9cffff40, 7f2a
  GG: packet_addr0>DST_ADDR_LO,HI(31:0,63:32): ca200f30, 7f2a
  GG: copy command No: 7...
  GG: packet_addr->SRC_ADDR_LO,HI(31:0,63:32): 9d3fff20, 7f2a
  GG: packet_addr0>DST_ADDR_LO,HI(31:0,63:32): ca600f10, 7f2a
  GG: copy command No: 8...
  GG: packet_addr->SRC_ADDR_LO,HI(31:0,63:32): 9d7fff00, 7f2a
  GG: packet_addr0>DST_ADDR_LO,HI(31:0,63:32): caa00ef0, 7f2a
:4:rocvirtual.cpp           :526 : 457891485673 us: 56494: [tid:0x7f2f388ed080] Host wait on completion_signal=0x7f2eed58bc00
:3:rocvirtual.hpp           :62  : 457891485675 us: 56494: [tid:0x7f2f388ed080] Host active wait for Signal = (0x7f2eed58bc00) for -1 ns
:4:rocmemory.cpp            :941 : 457891487796 us: 56494: [tid:0x7f2f388ed080] Locking to pool 0x1064cd0, size 0x2000000, HostPtr = 0x7f2f11da5000, DevPtr = 0x7f2a9b800000
:4:rocblit.cpp              :668 : 457891487803 us: 56494: [tid:0x7f2f388ed080] HSA Asycn Copy wait_event=0x0, completion_signal=0x7f2eed58bb80
GG; hsa_amd_memory_async_copy: entered...
GG: Runtime::CopyMemory.(2)
GG: DmaCopy(dst, dst_agent, src, src_agent, size, dep_signals, out_signal)..entered.
GG: BlistSdma::BuildCopyCommand() entered...
  GG: copy command No: 0...
  GG: packet_addr->SRC_ADDR_LO,HI(31:0,63:32): 9b800000, 7f2a
  GG: packet_addr0>DST_ADDR_LO,HI(31:0,63:32): caa00ff0, 7f2a
  GG: copy command No: 1...
  GG: packet_addr->SRC_ADDR_LO,HI(31:0,63:32): 9bbfffe0, 7f2a
  GG: packet_addr0>DST_ADDR_LO,HI(31:0,63:32): cae00fd0, 7f2a
  GG: copy command No: 2...
  GG: packet_addr->SRC_ADDR_LO,HI(31:0,63:32): 9bffffc0, 7f2a
  GG: packet_addr0>DST_ADDR_LO,HI(31:0,63:32): cb200fb0, 7f2a
  GG: copy command No: 3...
  GG: packet_addr->SRC_ADDR_LO,HI(31:0,63:32): 9c3fffa0, 7f2a
  GG: packet_addr0>DST_ADDR_LO,HI(31:0,63:32): cb600f90, 7f2a
  GG: copy command No: 4...
  GG: packet_addr->SRC_ADDR_LO,HI(31:0,63:32): 9c7fff80, 7f2a
  GG: packet_addr0>DST_ADDR_LO,HI(31:0,63:32): cba00f70, 7f2a
  GG: copy command No: 5...
  GG: packet_addr->SRC_ADDR_LO,HI(31:0,63:32): 9cbfff60, 7f2a
  GG: packet_addr0>DST_ADDR_LO,HI(31:0,63:32): cbe00f50, 7f2a
  GG: copy command No: 6...
  GG: packet_addr->SRC_ADDR_LO,HI(31:0,63:32): 9cffff40, 7f2a
  GG: packet_addr0>DST_ADDR_LO,HI(31:0,63:32): cc200f30, 7f2a
  GG: copy command No: 7...
  GG: packet_addr->SRC_ADDR_LO,HI(31:0,63:32): 9d3fff20, 7f2a
  GG: packet_addr0>DST_ADDR_LO,HI(31:0,63:32): cc600f10, 7f2a
  GG: copy command No: 8...
  GG: packet_addr->SRC_ADDR_LO,HI(31:0,63:32): 9d7fff00, 7f2a
  GG: packet_addr0>DST_ADDR_LO,HI(31:0,63:32): cca00ef0, 7f2a
:4:rocvirtual.cpp           :526 : 457891487828 us: 56494: [tid:0x7f2f388ed080] Host wait on completion_signal=0x7f2eed58bb80
:3:rocvirtual.hpp           :62  : 457891487831 us: 56494: [tid:0x7f2f388ed080] Host active wait for Signal = (0x7f2eed58bb80) for -1 ns
:4:rocmemory.cpp            :941 : 457891489927 us: 56494: [tid:0x7f2f388ed080] Locking to pool 0x1064cd0, size 0x2000000, HostPtr = 0x7f2f13da5000, DevPtr = 0x7f2a9b800000
:4:rocblit.cpp              :668 : 457891489934 us: 56494: [tid:0x7f2f388ed080] HSA Asycn Copy wait_event=0x0, completion_signal=0x7f2eed58bb00
GG; hsa_amd_memory_async_copy: entered...
GG: Runtime::CopyMemory.(2)
GG: DmaCopy(dst, dst_agent, src, src_agent, size, dep_signals, out_signal)..entered.
GG: BlistSdma::BuildCopyCommand() entered...
  GG: copy command No: 0...
  GG: packet_addr->SRC_ADDR_LO,HI(31:0,63:32): 9b800000, 7f2a
  GG: packet_addr0>DST_ADDR_LO,HI(31:0,63:32): cca00ff0, 7f2a
  GG: copy command No: 1...
  GG: packet_addr->SRC_ADDR_LO,HI(31:0,63:32): 9bbfffe0, 7f2a
  GG: packet_addr0>DST_ADDR_LO,HI(31:0,63:32): cce00fd0, 7f2a
  GG: copy command No: 2...
  GG: packet_addr->SRC_ADDR_LO,HI(31:0,63:32): 9bffffc0, 7f2a
  GG: packet_addr0>DST_ADDR_LO,HI(31:0,63:32): cd200fb0, 7f2a
  GG: copy command No: 3...
  GG: packet_addr->SRC_ADDR_LO,HI(31:0,63:32): 9c3fffa0, 7f2a
  GG: packet_addr0>DST_ADDR_LO,HI(31:0,63:32): cd600f90, 7f2a
  GG: copy command No: 4...
  GG: packet_addr->SRC_ADDR_LO,HI(31:0,63:32): 9c7fff80, 7f2a
  GG: packet_addr0>DST_ADDR_LO,HI(31:0,63:32): cda00f70, 7f2a
  GG: copy command No: 5...
  GG: packet_addr->SRC_ADDR_LO,HI(31:0,63:32): 9cbfff60, 7f2a
  GG: packet_addr0>DST_ADDR_LO,HI(31:0,63:32): cde00f50, 7f2a
  GG: copy command No: 6...
  GG: packet_addr->SRC_ADDR_LO,HI(31:0,63:32): 9cffff40, 7f2a
  GG: packet_addr0>DST_ADDR_LO,HI(31:0,63:32): ce200f30, 7f2a
  GG: copy command No: 7...
  GG: packet_addr->SRC_ADDR_LO,HI(31:0,63:32): 9d3fff20, 7f2a
  GG: packet_addr0>DST_ADDR_LO,HI(31:0,63:32): ce600f10, 7f2a
  GG: copy command No: 8...
  GG: packet_addr->SRC_ADDR_LO,HI(31:0,63:32): 9d7fff00, 7f2a
  GG: packet_addr0>DST_ADDR_LO,HI(31:0,63:32): cea00ef0, 7f2a
:4:rocvirtual.cpp           :526 : 457891489954 us: 56494: [tid:0x7f2f388ed080] Host wait on completion_signal=0x7f2eed58bb00
:3:rocvirtual.hpp           :62  : 457891489956 us: 56494: [tid:0x7f2f388ed080] Host active wait for Signal = (0x7f2eed58bb00) for -1 ns
:4:rocmemory.cpp            :941 : 457891492097 us: 56494: [tid:0x7f2f388ed080] Locking to pool 0x1064cd0, size 0x2000000, HostPtr = 0x7f2f15da5000, DevPtr = 0x7f2a9b800000
:4:rocblit.cpp              :668 : 457891492104 us: 56494: [tid:0x7f2f388ed080] HSA Asycn Copy wait_event=0x0, completion_signal=0x7f2eed58ba80
GG; hsa_amd_memory_async_copy: entered...
GG: Runtime::CopyMemory.(2)
GG: DmaCopy(dst, dst_agent, src, src_agent, size, dep_signals, out_signal)..entered.
GG: BlistSdma::BuildCopyCommand() entered...
  GG: copy command No: 0...
  GG: packet_addr->SRC_ADDR_LO,HI(31:0,63:32): 9b800000, 7f2a
  GG: packet_addr0>DST_ADDR_LO,HI(31:0,63:32): cea00ff0, 7f2a
  GG: copy command No: 1...
  GG: packet_addr->SRC_ADDR_LO,HI(31:0,63:32): 9bbfffe0, 7f2a
  GG: packet_addr0>DST_ADDR_LO,HI(31:0,63:32): cee00fd0, 7f2a
  GG: copy command No: 2...
  GG: packet_addr->SRC_ADDR_LO,HI(31:0,63:32): 9bffffc0, 7f2a
  GG: packet_addr0>DST_ADDR_LO,HI(31:0,63:32): cf200fb0, 7f2a
  GG: copy command No: 3...
  GG: packet_addr->SRC_ADDR_LO,HI(31:0,63:32): 9c3fffa0, 7f2a
  GG: packet_addr0>DST_ADDR_LO,HI(31:0,63:32): cf600f90, 7f2a
  GG: copy command No: 4...
  GG: packet_addr->SRC_ADDR_LO,HI(31:0,63:32): 9c7fff80, 7f2a
  GG: packet_addr0>DST_ADDR_LO,HI(31:0,63:32): cfa00f70, 7f2a
  GG: copy command No: 5...
  GG: packet_addr->SRC_ADDR_LO,HI(31:0,63:32): 9cbfff60, 7f2a
  GG: packet_addr0>DST_ADDR_LO,HI(31:0,63:32): cfe00f50, 7f2a
  GG: copy command No: 6...
  GG: packet_addr->SRC_ADDR_LO,HI(31:0,63:32): 9cffff40, 7f2a
  GG: packet_addr0>DST_ADDR_LO,HI(31:0,63:32): d0200f30, 7f2a
  GG: copy command No: 7...
  GG: packet_addr->SRC_ADDR_LO,HI(31:0,63:32): 9d3fff20, 7f2a
  GG: packet_addr0>DST_ADDR_LO,HI(31:0,63:32): d0600f10, 7f2a
  GG: copy command No: 8...
  GG: packet_addr->SRC_ADDR_LO,HI(31:0,63:32): 9d7fff00, 7f2a
  GG: packet_addr0>DST_ADDR_LO,HI(31:0,63:32): d0a00ef0, 7f2a
:4:rocvirtual.cpp           :526 : 457891492125 us: 56494: [tid:0x7f2f388ed080] Host wait on completion_signal=0x7f2eed58ba80
:3:rocvirtual.hpp           :62  : 457891492126 us: 56494: [tid:0x7f2f388ed080] Host active wait for Signal = (0x7f2eed58ba80) for -1 ns
:4:rocmemory.cpp            :941 : 457891494250 us: 56494: [tid:0x7f2f388ed080] Locking to pool 0x1064cd0, size 0x2000000, HostPtr = 0x7f2f17da5000, DevPtr = 0x7f2a9b800000
:4:rocblit.cpp              :668 : 457891494256 us: 56494: [tid:0x7f2f388ed080] HSA Asycn Copy wait_event=0x0, completion_signal=0x7f2eed58ba00
GG; hsa_amd_memory_async_copy: entered...
GG: Runtime::CopyMemory.(2)
GG: DmaCopy(dst, dst_agent, src, src_agent, size, dep_signals, out_signal)..entered.
GG: BlistSdma::BuildCopyCommand() entered...
  GG: copy command No: 0...
  GG: packet_addr->SRC_ADDR_LO,HI(31:0,63:32): 9b800000, 7f2a
  GG: packet_addr0>DST_ADDR_LO,HI(31:0,63:32): d0a00ff0, 7f2a
  GG: copy command No: 1...
  GG: packet_addr->SRC_ADDR_LO,HI(31:0,63:32): 9bbfffe0, 7f2a
  GG: packet_addr0>DST_ADDR_LO,HI(31:0,63:32): d0e00fd0, 7f2a
  GG: copy command No: 2...
  GG: packet_addr->SRC_ADDR_LO,HI(31:0,63:32): 9bffffc0, 7f2a
  GG: packet_addr0>DST_ADDR_LO,HI(31:0,63:32): d1200fb0, 7f2a
  GG: copy command No: 3...
  GG: packet_addr->SRC_ADDR_LO,HI(31:0,63:32): 9c3fffa0, 7f2a
  GG: packet_addr0>DST_ADDR_LO,HI(31:0,63:32): d1600f90, 7f2a
  GG: copy command No: 4...
  GG: packet_addr->SRC_ADDR_LO,HI(31:0,63:32): 9c7fff80, 7f2a
  GG: packet_addr0>DST_ADDR_LO,HI(31:0,63:32): d1a00f70, 7f2a
  GG: copy command No: 5...
  GG: packet_addr->SRC_ADDR_LO,HI(31:0,63:32): 9cbfff60, 7f2a
  GG: packet_addr0>DST_ADDR_LO,HI(31:0,63:32): d1e00f50, 7f2a
  GG: copy command No: 6...
  GG: packet_addr->SRC_ADDR_LO,HI(31:0,63:32): 9cffff40, 7f2a
  GG: packet_addr0>DST_ADDR_LO,HI(31:0,63:32): d2200f30, 7f2a
  GG: copy command No: 7...
  GG: packet_addr->SRC_ADDR_LO,HI(31:0,63:32): 9d3fff20, 7f2a
  GG: packet_addr0>DST_ADDR_LO,HI(31:0,63:32): d2600f10, 7f2a
  GG: copy command No: 8...
  GG: packet_addr->SRC_ADDR_LO,HI(31:0,63:32): 9d7fff00, 7f2a
  GG: packet_addr0>DST_ADDR_LO,HI(31:0,63:32): d2a00ef0, 7f2a
:4:rocvirtual.cpp           :526 : 457891494276 us: 56494: [tid:0x7f2f388ed080] Host wait on completion_signal=0x7f2eed58ba00
:3:rocvirtual.hpp           :62  : 457891494278 us: 56494: [tid:0x7f2f388ed080] Host active wait for Signal = (0x7f2eed58ba00) for -1 ns
:4:rocmemory.cpp            :941 : 457891496324 us: 56494: [tid:0x7f2f388ed080] Locking to pool 0x1064cd0, size 0x2000000, HostPtr = 0x7f2f19da5000, DevPtr = 0x7f2a9b800000
:4:rocblit.cpp              :668 : 457891496330 us: 56494: [tid:0x7f2f388ed080] HSA Asycn Copy wait_event=0x0, completion_signal=0x7f2eed58b980
GG; hsa_amd_memory_async_copy: entered...
GG: Runtime::CopyMemory.(2)
GG: DmaCopy(dst, dst_agent, src, src_agent, size, dep_signals, out_signal)..entered.
GG: BlistSdma::BuildCopyCommand() entered...
  GG: copy command No: 0...
  GG: packet_addr->SRC_ADDR_LO,HI(31:0,63:32): 9b800000, 7f2a
  GG: packet_addr0>DST_ADDR_LO,HI(31:0,63:32): d2a00ff0, 7f2a
  GG: copy command No: 1...
  GG: packet_addr->SRC_ADDR_LO,HI(31:0,63:32): 9bbfffe0, 7f2a
  GG: packet_addr0>DST_ADDR_LO,HI(31:0,63:32): d2e00fd0, 7f2a
  GG: copy command No: 2...
  GG: packet_addr->SRC_ADDR_LO,HI(31:0,63:32): 9bffffc0, 7f2a
  GG: packet_addr0>DST_ADDR_LO,HI(31:0,63:32): d3200fb0, 7f2a
  GG: copy command No: 3...
  GG: packet_addr->SRC_ADDR_LO,HI(31:0,63:32): 9c3fffa0, 7f2a
  GG: packet_addr0>DST_ADDR_LO,HI(31:0,63:32): d3600f90, 7f2a
  GG: copy command No: 4...
  GG: packet_addr->SRC_ADDR_LO,HI(31:0,63:32): 9c7fff80, 7f2a
  GG: packet_addr0>DST_ADDR_LO,HI(31:0,63:32): d3a00f70, 7f2a
  GG: copy command No: 5...
  GG: packet_addr->SRC_ADDR_LO,HI(31:0,63:32): 9cbfff60, 7f2a
  GG: packet_addr0>DST_ADDR_LO,HI(31:0,63:32): d3e00f50, 7f2a
  GG: copy command No: 6...
  GG: packet_addr->SRC_ADDR_LO,HI(31:0,63:32): 9cffff40, 7f2a
  GG: packet_addr0>DST_ADDR_LO,HI(31:0,63:32): d4200f30, 7f2a
  GG: copy command No: 7...
  GG: packet_addr->SRC_ADDR_LO,HI(31:0,63:32): 9d3fff20, 7f2a
  GG: packet_addr0>DST_ADDR_LO,HI(31:0,63:32): d4600f10, 7f2a
  GG: copy command No: 8...
  GG: packet_addr->SRC_ADDR_LO,HI(31:0,63:32): 9d7fff00, 7f2a
  GG: packet_addr0>DST_ADDR_LO,HI(31:0,63:32): d4a00ef0, 7f2a
:4:rocvirtual.cpp           :526 : 457891496350 us: 56494: [tid:0x7f2f388ed080] Host wait on completion_signal=0x7f2eed58b980
:3:rocvirtual.hpp           :62  : 457891496352 us: 56494: [tid:0x7f2f388ed080] Host active wait for Signal = (0x7f2eed58b980) for -1 ns
:4:rocmemory.cpp            :941 : 457891498421 us: 56494: [tid:0x7f2f388ed080] Locking to pool 0x1064cd0, size 0x2000000, HostPtr = 0x7f2f1bda5000, DevPtr = 0x7f2a9b800000
:4:rocblit.cpp              :668 : 457891498427 us: 56494: [tid:0x7f2f388ed080] HSA Asycn Copy wait_event=0x0, completion_signal=0x7f2eed58b900
GG; hsa_amd_memory_async_copy: entered...
GG: Runtime::CopyMemory.(2)
GG: DmaCopy(dst, dst_agent, src, src_agent, size, dep_signals, out_signal)..entered.
GG: BlistSdma::BuildCopyCommand() entered...
  GG: copy command No: 0...
  GG: packet_addr->SRC_ADDR_LO,HI(31:0,63:32): 9b800000, 7f2a
  GG: packet_addr0>DST_ADDR_LO,HI(31:0,63:32): d4a00ff0, 7f2a
  GG: copy command No: 1...
  GG: packet_addr->SRC_ADDR_LO,HI(31:0,63:32): 9bbfffe0, 7f2a
  GG: packet_addr0>DST_ADDR_LO,HI(31:0,63:32): d4e00fd0, 7f2a
  GG: copy command No: 2...
  GG: packet_addr->SRC_ADDR_LO,HI(31:0,63:32): 9bffffc0, 7f2a
  GG: packet_addr0>DST_ADDR_LO,HI(31:0,63:32): d5200fb0, 7f2a
  GG: copy command No: 3...
  GG: packet_addr->SRC_ADDR_LO,HI(31:0,63:32): 9c3fffa0, 7f2a
  GG: packet_addr0>DST_ADDR_LO,HI(31:0,63:32): d5600f90, 7f2a
  GG: copy command No: 4...
  GG: packet_addr->SRC_ADDR_LO,HI(31:0,63:32): 9c7fff80, 7f2a
  GG: packet_addr0>DST_ADDR_LO,HI(31:0,63:32): d5a00f70, 7f2a
  GG: copy command No: 5...
  GG: packet_addr->SRC_ADDR_LO,HI(31:0,63:32): 9cbfff60, 7f2a
  GG: packet_addr0>DST_ADDR_LO,HI(31:0,63:32): d5e00f50, 7f2a
  GG: copy command No: 6...
  GG: packet_addr->SRC_ADDR_LO,HI(31:0,63:32): 9cffff40, 7f2a
  GG: packet_addr0>DST_ADDR_LO,HI(31:0,63:32): d6200f30, 7f2a
  GG: copy command No: 7...
  GG: packet_addr->SRC_ADDR_LO,HI(31:0,63:32): 9d3fff20, 7f2a
  GG: packet_addr0>DST_ADDR_LO,HI(31:0,63:32): d6600f10, 7f2a
  GG: copy command No: 8...
  GG: packet_addr->SRC_ADDR_LO,HI(31:0,63:32): 9d7fff00, 7f2a
  GG: packet_addr0>DST_ADDR_LO,HI(31:0,63:32): d6a00ef0, 7f2a
:4:rocvirtual.cpp           :526 : 457891498447 us: 56494: [tid:0x7f2f388ed080] Host wait on completion_signal=0x7f2eed58b900
:3:rocvirtual.hpp           :62  : 457891498449 us: 56494: [tid:0x7f2f388ed080] Host active wait for Signal = (0x7f2eed58b900) for -1 ns
:4:rocmemory.cpp            :941 : 457891500706 us: 56494: [tid:0x7f2f388ed080] Locking to pool 0x1064cd0, size 0x2000000, HostPtr = 0x7f2f1dda5000, DevPtr = 0x7f2a9b800000
:4:rocblit.cpp              :668 : 457891500717 us: 56494: [tid:0x7f2f388ed080] HSA Asycn Copy wait_event=0x0, completion_signal=0x7f2eed58b880
GG; hsa_amd_memory_async_copy: entered...
GG: Runtime::CopyMemory.(2)
GG: DmaCopy(dst, dst_agent, src, src_agent, size, dep_signals, out_signal)..entered.
GG: BlistSdma::BuildCopyCommand() entered...
  GG: copy command No: 0...
  GG: packet_addr->SRC_ADDR_LO,HI(31:0,63:32): 9b800000, 7f2a
  GG: packet_addr0>DST_ADDR_LO,HI(31:0,63:32): d6a00ff0, 7f2a
  GG: copy command No: 1...
  GG: packet_addr->SRC_ADDR_LO,HI(31:0,63:32): 9bbfffe0, 7f2a
  GG: packet_addr0>DST_ADDR_LO,HI(31:0,63:32): d6e00fd0, 7f2a
  GG: copy command No: 2...
  GG: packet_addr->SRC_ADDR_LO,HI(31:0,63:32): 9bffffc0, 7f2a
  GG: packet_addr0>DST_ADDR_LO,HI(31:0,63:32): d7200fb0, 7f2a
  GG: copy command No: 3...
  GG: packet_addr->SRC_ADDR_LO,HI(31:0,63:32): 9c3fffa0, 7f2a
  GG: packet_addr0>DST_ADDR_LO,HI(31:0,63:32): d7600f90, 7f2a
  GG: copy command No: 4...
  GG: packet_addr->SRC_ADDR_LO,HI(31:0,63:32): 9c7fff80, 7f2a
  GG: packet_addr0>DST_ADDR_LO,HI(31:0,63:32): d7a00f70, 7f2a
  GG: copy command No: 5...
  GG: packet_addr->SRC_ADDR_LO,HI(31:0,63:32): 9cbfff60, 7f2a
  GG: packet_addr0>DST_ADDR_LO,HI(31:0,63:32): d7e00f50, 7f2a
  GG: copy command No: 6...
  GG: packet_addr->SRC_ADDR_LO,HI(31:0,63:32): 9cffff40, 7f2a
  GG: packet_addr0>DST_ADDR_LO,HI(31:0,63:32): d8200f30, 7f2a
  GG: copy command No: 7...
  GG: packet_addr->SRC_ADDR_LO,HI(31:0,63:32): 9d3fff20, 7f2a
  GG: packet_addr0>DST_ADDR_LO,HI(31:0,63:32): d8600f10, 7f2a
  GG: copy command No: 8...
  GG: packet_addr->SRC_ADDR_LO,HI(31:0,63:32): 9d7fff00, 7f2a
  GG: packet_addr0>DST_ADDR_LO,HI(31:0,63:32): d8a00ef0, 7f2a
:4:rocvirtual.cpp           :526 : 457891500746 us: 56494: [tid:0x7f2f388ed080] Host wait on completion_signal=0x7f2eed58b880
:3:rocvirtual.hpp           :62  : 457891500748 us: 56494: [tid:0x7f2f388ed080] Host active wait for Signal = (0x7f2eed58b880) for -1 ns
:4:rocmemory.cpp            :941 : 457891502902 us: 56494: [tid:0x7f2f388ed080] Locking to pool 0x1064cd0, size 0x2000000, HostPtr = 0x7f2f1fda5000, DevPtr = 0x7f2a9b800000
:4:rocblit.cpp              :668 : 457891502910 us: 56494: [tid:0x7f2f388ed080] HSA Asycn Copy wait_event=0x0, completion_signal=0x7f2eed58b800
GG; hsa_amd_memory_async_copy: entered...
GG: Runtime::CopyMemory.(2)
GG: DmaCopy(dst, dst_agent, src, src_agent, size, dep_signals, out_signal)..entered.
GG: BlistSdma::BuildCopyCommand() entered...
  GG: copy command No: 0...
  GG: packet_addr->SRC_ADDR_LO,HI(31:0,63:32): 9b800000, 7f2a
  GG: packet_addr0>DST_ADDR_LO,HI(31:0,63:32): d8a00ff0, 7f2a
  GG: copy command No: 1...
  GG: packet_addr->SRC_ADDR_LO,HI(31:0,63:32): 9bbfffe0, 7f2a
  GG: packet_addr0>DST_ADDR_LO,HI(31:0,63:32): d8e00fd0, 7f2a
  GG: copy command No: 2...
  GG: packet_addr->SRC_ADDR_LO,HI(31:0,63:32): 9bffffc0, 7f2a
  GG: packet_addr0>DST_ADDR_LO,HI(31:0,63:32): d9200fb0, 7f2a
  GG: copy command No: 3...
  GG: packet_addr->SRC_ADDR_LO,HI(31:0,63:32): 9c3fffa0, 7f2a
  GG: packet_addr0>DST_ADDR_LO,HI(31:0,63:32): d9600f90, 7f2a
  GG: copy command No: 4...
  GG: packet_addr->SRC_ADDR_LO,HI(31:0,63:32): 9c7fff80, 7f2a
  GG: packet_addr0>DST_ADDR_LO,HI(31:0,63:32): d9a00f70, 7f2a
  GG: copy command No: 5...
  GG: packet_addr->SRC_ADDR_LO,HI(31:0,63:32): 9cbfff60, 7f2a
  GG: packet_addr0>DST_ADDR_LO,HI(31:0,63:32): d9e00f50, 7f2a
  GG: copy command No: 6...
  GG: packet_addr->SRC_ADDR_LO,HI(31:0,63:32): 9cffff40, 7f2a
  GG: packet_addr0>DST_ADDR_LO,HI(31:0,63:32): da200f30, 7f2a
  GG: copy command No: 7...
  GG: packet_addr->SRC_ADDR_LO,HI(31:0,63:32): 9d3fff20, 7f2a
  GG: packet_addr0>DST_ADDR_LO,HI(31:0,63:32): da600f10, 7f2a
  GG: copy command No: 8...
  GG: packet_addr->SRC_ADDR_LO,HI(31:0,63:32): 9d7fff00, 7f2a
  GG: packet_addr0>DST_ADDR_LO,HI(31:0,63:32): daa00ef0, 7f2a
:4:rocvirtual.cpp           :526 : 457891502934 us: 56494: [tid:0x7f2f388ed080] Host wait on completion_signal=0x7f2eed58b800
:3:rocvirtual.hpp           :62  : 457891502936 us: 56494: [tid:0x7f2f388ed080] Host active wait for Signal = (0x7f2eed58b800) for -1 ns
:4:rocmemory.cpp            :941 : 457891505104 us: 56494: [tid:0x7f2f388ed080] Locking to pool 0x1064cd0, size 0x2000000, HostPtr = 0x7f2f21da5000, DevPtr = 0x7f2a9b800000
:4:rocblit.cpp              :668 : 457891505110 us: 56494: [tid:0x7f2f388ed080] HSA Asycn Copy wait_event=0x0, completion_signal=0x7f2eed58b780
GG; hsa_amd_memory_async_copy: entered...
GG: Runtime::CopyMemory.(2)
GG: DmaCopy(dst, dst_agent, src, src_agent, size, dep_signals, out_signal)..entered.
GG: BlistSdma::BuildCopyCommand() entered...
  GG: copy command No: 0...
  GG: packet_addr->SRC_ADDR_LO,HI(31:0,63:32): 9b800000, 7f2a
  GG: packet_addr0>DST_ADDR_LO,HI(31:0,63:32): daa00ff0, 7f2a
  GG: copy command No: 1...
  GG: packet_addr->SRC_ADDR_LO,HI(31:0,63:32): 9bbfffe0, 7f2a
  GG: packet_addr0>DST_ADDR_LO,HI(31:0,63:32): dae00fd0, 7f2a
  GG: copy command No: 2...
  GG: packet_addr->SRC_ADDR_LO,HI(31:0,63:32): 9bffffc0, 7f2a
  GG: packet_addr0>DST_ADDR_LO,HI(31:0,63:32): db200fb0, 7f2a
  GG: copy command No: 3...
  GG: packet_addr->SRC_ADDR_LO,HI(31:0,63:32): 9c3fffa0, 7f2a
  GG: packet_addr0>DST_ADDR_LO,HI(31:0,63:32): db600f90, 7f2a
  GG: copy command No: 4...
  GG: packet_addr->SRC_ADDR_LO,HI(31:0,63:32): 9c7fff80, 7f2a
  GG: packet_addr0>DST_ADDR_LO,HI(31:0,63:32): dba00f70, 7f2a
  GG: copy command No: 5...
  GG: packet_addr->SRC_ADDR_LO,HI(31:0,63:32): 9cbfff60, 7f2a
  GG: packet_addr0>DST_ADDR_LO,HI(31:0,63:32): dbe00f50, 7f2a
  GG: copy command No: 6...
  GG: packet_addr->SRC_ADDR_LO,HI(31:0,63:32): 9cffff40, 7f2a
  GG: packet_addr0>DST_ADDR_LO,HI(31:0,63:32): dc200f30, 7f2a
  GG: copy command No: 7...
  GG: packet_addr->SRC_ADDR_LO,HI(31:0,63:32): 9d3fff20, 7f2a
  GG: packet_addr0>DST_ADDR_LO,HI(31:0,63:32): dc600f10, 7f2a
  GG: copy command No: 8...
  GG: packet_addr->SRC_ADDR_LO,HI(31:0,63:32): 9d7fff00, 7f2a
  GG: packet_addr0>DST_ADDR_LO,HI(31:0,63:32): dca00ef0, 7f2a
:4:rocvirtual.cpp           :526 : 457891505131 us: 56494: [tid:0x7f2f388ed080] Host wait on completion_signal=0x7f2eed58b780
:3:rocvirtual.hpp           :62  : 457891505133 us: 56494: [tid:0x7f2f388ed080] Host active wait for Signal = (0x7f2eed58b780) for -1 ns
:4:rocmemory.cpp            :941 : 457891507266 us: 56494: [tid:0x7f2f388ed080] Locking to pool 0x1064cd0, size 0x2000000, HostPtr = 0x7f2f23da5000, DevPtr = 0x7f2a9b800000
:4:rocblit.cpp              :668 : 457891507272 us: 56494: [tid:0x7f2f388ed080] HSA Asycn Copy wait_event=0x0, completion_signal=0x7f2eed58b700
GG; hsa_amd_memory_async_copy: entered...
GG: Runtime::CopyMemory.(2)
GG: DmaCopy(dst, dst_agent, src, src_agent, size, dep_signals, out_signal)..entered.
GG: BlistSdma::BuildCopyCommand() entered...
  GG: copy command No: 0...
  GG: packet_addr->SRC_ADDR_LO,HI(31:0,63:32): 9b800000, 7f2a
  GG: packet_addr0>DST_ADDR_LO,HI(31:0,63:32): dca00ff0, 7f2a
  GG: copy command No: 1...
  GG: packet_addr->SRC_ADDR_LO,HI(31:0,63:32): 9bbfffe0, 7f2a
  GG: packet_addr0>DST_ADDR_LO,HI(31:0,63:32): dce00fd0, 7f2a
  GG: copy command No: 2...
  GG: packet_addr->SRC_ADDR_LO,HI(31:0,63:32): 9bffffc0, 7f2a
  GG: packet_addr0>DST_ADDR_LO,HI(31:0,63:32): dd200fb0, 7f2a
  GG: copy command No: 3...
  GG: packet_addr->SRC_ADDR_LO,HI(31:0,63:32): 9c3fffa0, 7f2a
  GG: packet_addr0>DST_ADDR_LO,HI(31:0,63:32): dd600f90, 7f2a
  GG: copy command No: 4...
  GG: packet_addr->SRC_ADDR_LO,HI(31:0,63:32): 9c7fff80, 7f2a
  GG: packet_addr0>DST_ADDR_LO,HI(31:0,63:32): dda00f70, 7f2a
  GG: copy command No: 5...
  GG: packet_addr->SRC_ADDR_LO,HI(31:0,63:32): 9cbfff60, 7f2a
  GG: packet_addr0>DST_ADDR_LO,HI(31:0,63:32): dde00f50, 7f2a
  GG: copy command No: 6...
  GG: packet_addr->SRC_ADDR_LO,HI(31:0,63:32): 9cffff40, 7f2a
  GG: packet_addr0>DST_ADDR_LO,HI(31:0,63:32): de200f30, 7f2a
  GG: copy command No: 7...
  GG: packet_addr->SRC_ADDR_LO,HI(31:0,63:32): 9d3fff20, 7f2a
  GG: packet_addr0>DST_ADDR_LO,HI(31:0,63:32): de600f10, 7f2a
  GG: copy command No: 8...
  GG: packet_addr->SRC_ADDR_LO,HI(31:0,63:32): 9d7fff00, 7f2a
  GG: packet_addr0>DST_ADDR_LO,HI(31:0,63:32): dea00ef0, 7f2a
:4:rocvirtual.cpp           :526 : 457891507293 us: 56494: [tid:0x7f2f388ed080] Host wait on completion_signal=0x7f2eed58b700
:3:rocvirtual.hpp           :62  : 457891507295 us: 56494: [tid:0x7f2f388ed080] Host active wait for Signal = (0x7f2eed58b700) for -1 ns
:4:rocmemory.cpp            :941 : 457891509409 us: 56494: [tid:0x7f2f388ed080] Locking to pool 0x1064cd0, size 0x2000000, HostPtr = 0x7f2f25da5000, DevPtr = 0x7f2a9b800000
:4:rocblit.cpp              :668 : 457891509417 us: 56494: [tid:0x7f2f388ed080] HSA Asycn Copy wait_event=0x0, completion_signal=0x7f2eed58b680
GG; hsa_amd_memory_async_copy: entered...
GG: Runtime::CopyMemory.(2)
GG: DmaCopy(dst, dst_agent, src, src_agent, size, dep_signals, out_signal)..entered.
GG: BlistSdma::BuildCopyCommand() entered...
  GG: copy command No: 0...
  GG: packet_addr->SRC_ADDR_LO,HI(31:0,63:32): 9b800000, 7f2a
  GG: packet_addr0>DST_ADDR_LO,HI(31:0,63:32): dea00ff0, 7f2a
  GG: copy command No: 1...
  GG: packet_addr->SRC_ADDR_LO,HI(31:0,63:32): 9bbfffe0, 7f2a
  GG: packet_addr0>DST_ADDR_LO,HI(31:0,63:32): dee00fd0, 7f2a
  GG: copy command No: 2...
  GG: packet_addr->SRC_ADDR_LO,HI(31:0,63:32): 9bffffc0, 7f2a
  GG: packet_addr0>DST_ADDR_LO,HI(31:0,63:32): df200fb0, 7f2a
  GG: copy command No: 3...
  GG: packet_addr->SRC_ADDR_LO,HI(31:0,63:32): 9c3fffa0, 7f2a
  GG: packet_addr0>DST_ADDR_LO,HI(31:0,63:32): df600f90, 7f2a
  GG: copy command No: 4...
  GG: packet_addr->SRC_ADDR_LO,HI(31:0,63:32): 9c7fff80, 7f2a
  GG: packet_addr0>DST_ADDR_LO,HI(31:0,63:32): dfa00f70, 7f2a
  GG: copy command No: 5...
  GG: packet_addr->SRC_ADDR_LO,HI(31:0,63:32): 9cbfff60, 7f2a
  GG: packet_addr0>DST_ADDR_LO,HI(31:0,63:32): dfe00f50, 7f2a
  GG: copy command No: 6...
  GG: packet_addr->SRC_ADDR_LO,HI(31:0,63:32): 9cffff40, 7f2a
  GG: packet_addr0>DST_ADDR_LO,HI(31:0,63:32): e0200f30, 7f2a
  GG: copy command No: 7...
  GG: packet_addr->SRC_ADDR_LO,HI(31:0,63:32): 9d3fff20, 7f2a
  GG: packet_addr0>DST_ADDR_LO,HI(31:0,63:32): e0600f10, 7f2a
  GG: copy command No: 8...
  GG: packet_addr->SRC_ADDR_LO,HI(31:0,63:32): 9d7fff00, 7f2a
  GG: packet_addr0>DST_ADDR_LO,HI(31:0,63:32): e0a00ef0, 7f2a
:4:rocvirtual.cpp           :526 : 457891509437 us: 56494: [tid:0x7f2f388ed080] Host wait on completion_signal=0x7f2eed58b680
:3:rocvirtual.hpp           :62  : 457891509439 us: 56494: [tid:0x7f2f388ed080] Host active wait for Signal = (0x7f2eed58b680) for -1 ns
:4:rocmemory.cpp            :941 : 457891511666 us: 56494: [tid:0x7f2f388ed080] Locking to pool 0x1064cd0, size 0x2000000, HostPtr = 0x7f2f27da5000, DevPtr = 0x7f2a9b800000
:4:rocblit.cpp              :668 : 457891511673 us: 56494: [tid:0x7f2f388ed080] HSA Asycn Copy wait_event=0x0, completion_signal=0x7f2eed58b600
GG; hsa_amd_memory_async_copy: entered...
GG: Runtime::CopyMemory.(2)
GG: DmaCopy(dst, dst_agent, src, src_agent, size, dep_signals, out_signal)..entered.
GG: BlistSdma::BuildCopyCommand() entered...
  GG: copy command No: 0...
  GG: packet_addr->SRC_ADDR_LO,HI(31:0,63:32): 9b800000, 7f2a
  GG: packet_addr0>DST_ADDR_LO,HI(31:0,63:32): e0a00ff0, 7f2a
  GG: copy command No: 1...
  GG: packet_addr->SRC_ADDR_LO,HI(31:0,63:32): 9bbfffe0, 7f2a
  GG: packet_addr0>DST_ADDR_LO,HI(31:0,63:32): e0e00fd0, 7f2a
  GG: copy command No: 2...
  GG: packet_addr->SRC_ADDR_LO,HI(31:0,63:32): 9bffffc0, 7f2a
  GG: packet_addr0>DST_ADDR_LO,HI(31:0,63:32): e1200fb0, 7f2a
  GG: copy command No: 3...
  GG: packet_addr->SRC_ADDR_LO,HI(31:0,63:32): 9c3fffa0, 7f2a
  GG: packet_addr0>DST_ADDR_LO,HI(31:0,63:32): e1600f90, 7f2a
  GG: copy command No: 4...
  GG: packet_addr->SRC_ADDR_LO,HI(31:0,63:32): 9c7fff80, 7f2a
  GG: packet_addr0>DST_ADDR_LO,HI(31:0,63:32): e1a00f70, 7f2a
  GG: copy command No: 5...
  GG: packet_addr->SRC_ADDR_LO,HI(31:0,63:32): 9cbfff60, 7f2a
  GG: packet_addr0>DST_ADDR_LO,HI(31:0,63:32): e1e00f50, 7f2a
  GG: copy command No: 6...
  GG: packet_addr->SRC_ADDR_LO,HI(31:0,63:32): 9cffff40, 7f2a
  GG: packet_addr0>DST_ADDR_LO,HI(31:0,63:32): e2200f30, 7f2a
  GG: copy command No: 7...
  GG: packet_addr->SRC_ADDR_LO,HI(31:0,63:32): 9d3fff20, 7f2a
  GG: packet_addr0>DST_ADDR_LO,HI(31:0,63:32): e2600f10, 7f2a
  GG: copy command No: 8...
  GG: packet_addr->SRC_ADDR_LO,HI(31:0,63:32): 9d7fff00, 7f2a
  GG: packet_addr0>DST_ADDR_LO,HI(31:0,63:32): e2a00ef0, 7f2a
:4:rocvirtual.cpp           :526 : 457891511699 us: 56494: [tid:0x7f2f388ed080] Host wait on completion_signal=0x7f2eed58b600
:3:rocvirtual.hpp           :62  : 457891511701 us: 56494: [tid:0x7f2f388ed080] Host active wait for Signal = (0x7f2eed58b600) for -1 ns
:4:rocmemory.cpp            :941 : 457891513872 us: 56494: [tid:0x7f2f388ed080] Locking to pool 0x1064cd0, size 0x2000000, HostPtr = 0x7f2f29da5000, DevPtr = 0x7f2a9b800000
:4:rocblit.cpp              :668 : 457891513880 us: 56494: [tid:0x7f2f388ed080] HSA Asycn Copy wait_event=0x0, completion_signal=0x7f2eed58b580
GG; hsa_amd_memory_async_copy: entered...
GG: Runtime::CopyMemory.(2)
GG: DmaCopy(dst, dst_agent, src, src_agent, size, dep_signals, out_signal)..entered.
GG: BlistSdma::BuildCopyCommand() entered...
  GG: copy command No: 0...
  GG: packet_addr->SRC_ADDR_LO,HI(31:0,63:32): 9b800000, 7f2a
  GG: packet_addr0>DST_ADDR_LO,HI(31:0,63:32): e2a00ff0, 7f2a
  GG: copy command No: 1...
  GG: packet_addr->SRC_ADDR_LO,HI(31:0,63:32): 9bbfffe0, 7f2a
  GG: packet_addr0>DST_ADDR_LO,HI(31:0,63:32): e2e00fd0, 7f2a
  GG: copy command No: 2...
  GG: packet_addr->SRC_ADDR_LO,HI(31:0,63:32): 9bffffc0, 7f2a
  GG: packet_addr0>DST_ADDR_LO,HI(31:0,63:32): e3200fb0, 7f2a
  GG: copy command No: 3...
  GG: packet_addr->SRC_ADDR_LO,HI(31:0,63:32): 9c3fffa0, 7f2a
  GG: packet_addr0>DST_ADDR_LO,HI(31:0,63:32): e3600f90, 7f2a
  GG: copy command No: 4...
  GG: packet_addr->SRC_ADDR_LO,HI(31:0,63:32): 9c7fff80, 7f2a
  GG: packet_addr0>DST_ADDR_LO,HI(31:0,63:32): e3a00f70, 7f2a
  GG: copy command No: 5...
  GG: packet_addr->SRC_ADDR_LO,HI(31:0,63:32): 9cbfff60, 7f2a
  GG: packet_addr0>DST_ADDR_LO,HI(31:0,63:32): e3e00f50, 7f2a
  GG: copy command No: 6...
  GG: packet_addr->SRC_ADDR_LO,HI(31:0,63:32): 9cffff40, 7f2a
  GG: packet_addr0>DST_ADDR_LO,HI(31:0,63:32): e4200f30, 7f2a
  GG: copy command No: 7...
  GG: packet_addr->SRC_ADDR_LO,HI(31:0,63:32): 9d3fff20, 7f2a
  GG: packet_addr0>DST_ADDR_LO,HI(31:0,63:32): e4600f10, 7f2a
  GG: copy command No: 8...
  GG: packet_addr->SRC_ADDR_LO,HI(31:0,63:32): 9d7fff00, 7f2a
  GG: packet_addr0>DST_ADDR_LO,HI(31:0,63:32): e4a00ef0, 7f2a
:4:rocvirtual.cpp           :526 : 457891513906 us: 56494: [tid:0x7f2f388ed080] Host wait on completion_signal=0x7f2eed58b580
:3:rocvirtual.hpp           :62  : 457891513908 us: 56494: [tid:0x7f2f388ed080] Host active wait for Signal = (0x7f2eed58b580) for -1 ns
:4:rocmemory.cpp            :941 : 457891516070 us: 56494: [tid:0x7f2f388ed080] Locking to pool 0x1064cd0, size 0x2000000, HostPtr = 0x7f2f2bda5000, DevPtr = 0x7f2a9b800000
:4:rocblit.cpp              :668 : 457891516078 us: 56494: [tid:0x7f2f388ed080] HSA Asycn Copy wait_event=0x0, completion_signal=0x7f2f38766500
GG; hsa_amd_memory_async_copy: entered...
GG: Runtime::CopyMemory.(2)
GG: DmaCopy(dst, dst_agent, src, src_agent, size, dep_signals, out_signal)..entered.
GG: BlistSdma::BuildCopyCommand() entered...
  GG: copy command No: 0...
  GG: packet_addr->SRC_ADDR_LO,HI(31:0,63:32): 9b800000, 7f2a
  GG: packet_addr0>DST_ADDR_LO,HI(31:0,63:32): e4a00ff0, 7f2a
  GG: copy command No: 1...
  GG: packet_addr->SRC_ADDR_LO,HI(31:0,63:32): 9bbfffe0, 7f2a
  GG: packet_addr0>DST_ADDR_LO,HI(31:0,63:32): e4e00fd0, 7f2a
  GG: copy command No: 2...
  GG: packet_addr->SRC_ADDR_LO,HI(31:0,63:32): 9bffffc0, 7f2a
  GG: packet_addr0>DST_ADDR_LO,HI(31:0,63:32): e5200fb0, 7f2a
  GG: copy command No: 3...
  GG: packet_addr->SRC_ADDR_LO,HI(31:0,63:32): 9c3fffa0, 7f2a
  GG: packet_addr0>DST_ADDR_LO,HI(31:0,63:32): e5600f90, 7f2a
  GG: copy command No: 4...
  GG: packet_addr->SRC_ADDR_LO,HI(31:0,63:32): 9c7fff80, 7f2a
  GG: packet_addr0>DST_ADDR_LO,HI(31:0,63:32): e5a00f70, 7f2a
  GG: copy command No: 5...
  GG: packet_addr->SRC_ADDR_LO,HI(31:0,63:32): 9cbfff60, 7f2a
  GG: packet_addr0>DST_ADDR_LO,HI(31:0,63:32): e5e00f50, 7f2a
  GG: copy command No: 6...
  GG: packet_addr->SRC_ADDR_LO,HI(31:0,63:32): 9cffff40, 7f2a
  GG: packet_addr0>DST_ADDR_LO,HI(31:0,63:32): e6200f30, 7f2a
  GG: copy command No: 7...
  GG: packet_addr->SRC_ADDR_LO,HI(31:0,63:32): 9d3fff20, 7f2a
  GG: packet_addr0>DST_ADDR_LO,HI(31:0,63:32): e6600f10, 7f2a
:4:rocvirtual.cpp           :526 : 457891516097 us: 56494: [tid:0x7f2f388ed080] Host wait on completion_signal=0x7f2f38766500
:3:rocvirtual.hpp           :62  : 457891516099 us: 56494: [tid:0x7f2f388ed080] Host active wait for Signal = (0x7f2f38766500) for -1 ns
:4:command.cpp              :280 : 457891517828 us: 56494: [tid:0x7f2f388ed080] queue marker to command queue: 0x1114400
:4:command.cpp              :339 : 457891517833 us: 56494: [tid:0x7f2f388ed080] command is enqueued: 0x17b7d90
:4:command.cpp              :170 : 457891517836 us: 56494: [tid:0x7f2f388ed080] Command 0x12158a0 complete
:4:command.cpp              :168 : 457891517838 us: 56494: [tid:0x7f2f388ed080] Command 0x17b7d90 complete (Wall: 457891517837, CPU: 0, GPU: 0 us)
:4:command.cpp              :245 : 457891517841 us: 56494: [tid:0x7f2f388ed080] waiting for event 0x12158a0 to complete, current status 0
:4:command.cpp              :259 : 457891517842 us: 56494: [tid:0x7f2f388ed080] event 0x12158a0 wait completed
:3:hip_memory.cpp           :557 : 457891517847 us: 56494: [tid:0x7f2f388ed080] hipMemcpy: Returned hipSuccess : : duration: 235841 us
hipMemcpy.end
It took me 0.235897 seconds.
:3:hip_memory.cpp           :537 : 457891517868 us: 56494: [tid:0x7f2f388ed080] [32mhipFree ( 0x7f2aa6a00000 )[0m
:3:rocdevice.cpp            :2636: 457891517873 us: 56494: [tid:0x7f2f388ed080] No HW event
:4:commandqueue.cpp         :128 : 457891517876 us: 56494: [tid:0x7f2f388ed080] HW Event not ready, awaiting completion instead
:4:commandqueue.cpp         :140 : 457891517878 us: 56494: [tid:0x7f2f388ed080] All commands finished
:4:rocdevice.cpp            :2070: 457891517961 us: 56494: [tid:0x7f2f388ed080] Free hsa memory 0x7f2aa6a00000
:3:rocdevice.cpp            :2093: 457891517965 us: 56494: [tid:0x7f2f388ed080] device=0x11076b0, freeMem_ = 0xff000000
:3:hip_memory.cpp           :539 : 457891517967 us: 56494: [tid:0x7f2f388ed080] hipFree: Returned hipSuccess : 
