
WARNING: apt does not have a stable CLI interface. Use with caution in scripts.

Reading package lists...
Building dependency tree...
Reading state information...
Package clang-5.0 is not available, but is referred to by another package.
This may mean that the package is missing, has been obsoleted, or
is only available from another source

E: Package 'clang-5.0' has no installation candidate

WARNING: apt does not have a stable CLI interface. Use with caution in scripts.

Reading package lists...
Building dependency tree...
Reading state information...
libyaml-cpp-dev is already the newest version (0.7.0+dfsg-8build1).
0 upgraded, 0 newly installed, 0 to remove and 2 not upgraded.
++ [[ ! -z rdc ]]
++ git clone https://github.com/ROCm/rdc
fatal: destination path 'rdc' already exists and is not an empty directory.
++ pushd rdc
~/extdir/gg/git/codelab-scripts/rocm-scripts/rdc/rdc ~/extdir/gg/git/codelab-scripts/rocm-scripts/rdc
++ pwd
/root/extdir/gg/git/codelab-scripts/rocm-scripts/rdc/rdc
++ mkdir -p build
++ cd build
++ rm -rf ./CMakeCache.txt ./CMakeFiles
++ cmake -DROCM_DIR=/opt/rocm -DGRPC_ROOT= ..
Package version: 0.3.0
-- The C compiler identification is GNU 11.4.0
-- The CXX compiler identification is GNU 11.4.0
-- Detecting C compiler ABI info
-- Detecting C compiler ABI info - done
-- Check for working C compiler: /usr/bin/cc - skipped
-- Detecting C compile features
-- Detecting C compile features - done
-- Detecting CXX compiler ABI info
-- Detecting CXX compiler ABI info - done
-- Check for working CXX compiler: /usr/bin/c++ - skipped
-- Detecting CXX compile features
-- Detecting CXX compile features - done
Build Configuration:
-----------GRPC ROOT: 
-----------ROCM_DIR : /opt/rocm
CMake Error at CMakeLists.txt:219 (find_program):
  Could not find GRPC_PLUGIN using the following names: grpc_cpp_plugin


-- Configuring incomplete, errors occurred!
See also "/root/extdir/gg/git/codelab-scripts/rocm-scripts/rdc/rdc/build/CMakeFiles/CMakeOutput.log".
++ [[ -z 1 ]]
++ popd
~/extdir/gg/git/codelab-scripts/rocm-scripts/rdc
