:3:rocdevice.cpp            :416 : 182316003196 us: 14901: [tid:0x7f0d9bd0e080] Initializing HSA stack.
GG: GetEnvVar(HSA_ENABLED_SDMA): 0
GG: enable_sdma_: 0
GG: GetEnvVar(HSA_ENABLED_SDMA): 0
GG: enable_sdma_: 0
GG: GpuAgent.constructor, entered...
 GG: !HSA_LARGE_MODEL enabled and defined(__linux__)
  GG: max_queues_ : 128
GG: GpuAgent.constructor, entered...
 GG: !HSA_LARGE_MODEL enabled and defined(__linux__)
  GG: max_queues_ : 128
GG: GpuAgent.constructor, entered...
 GG: !HSA_LARGE_MODEL enabled and defined(__linux__)
  GG: max_queues_ : 128
GG: GpuAgent.constructor, entered...
 GG: !HSA_LARGE_MODEL enabled and defined(__linux__)
  GG: max_queues_ : 128
GG: InitDma: entered...
  GG: calling queue_lambda...
  GG: determine/instantiat No. of blit objs to engage...
  GG: Init blit objs used for D2D/H2D/D2H/P2P ops...
  GG: calling blit_lambda...
  GG: InitGWS...
GG: InitDma: entered...
  GG: calling queue_lambda...
  GG: determine/instantiat No. of blit objs to engage...
  GG: Init blit objs used for D2D/H2D/D2H/P2P ops...
  GG: calling blit_lambda...
  GG: InitGWS...
GG: InitDma: entered...
  GG: calling queue_lambda...
  GG: determine/instantiat No. of blit objs to engage...
  GG: Init blit objs used for D2D/H2D/D2H/P2P ops...
  GG: calling blit_lambda...
  GG: InitGWS...
GG: InitDma: entered...
  GG: calling queue_lambda...
  GG: determine/instantiat No. of blit objs to engage...
  GG: Init blit objs used for D2D/H2D/D2H/P2P ops...
  GG: calling blit_lambda...
  GG: InitGWS...
:3:comgrctx.cpp             :33  : 182316089387 us: 14901: [tid:0x7f0d9bd0e080] Loading COMGR library.
:3:rocdevice.cpp            :207 : 182316089448 us: 14901: [tid:0x7f0d9bd0e080] Numa selects cpu agent[0]=0x218f2a0(fine=0x21a6440,coarse=0x227ffe0) for gpu agent=0x22838f0
:3:rocdevice.cpp            :1611: 182316089934 us: 14901: [tid:0x7f0d9bd0e080] HMM support: 1, xnack: 0, direct host access: 0

:4:rocdevice.cpp            :1918: 182316090228 us: 14901: [tid:0x7f0d9bd0e080] Allocate hsa host memory 0x7f0c90600000, size 0x101000
:4:rocdevice.cpp            :1918: 182316090589 us: 14901: [tid:0x7f0d9bd0e080] Allocate hsa host memory 0x7f0c90400000, size 0x101000
:4:rocdevice.cpp            :2054: 182316090682 us: 14901: [tid:0x7f0d9bd0e080] Allocate hsa device memory 0x7f098b600000, size 0x100000
:3:rocdevice.cpp            :207 : 182316090713 us: 14901: [tid:0x7f0d9bd0e080] Numa selects cpu agent[0]=0x218f2a0(fine=0x21a6440,coarse=0x227ffe0) for gpu agent=0x2313290
:3:rocdevice.cpp            :1611: 182316090835 us: 14901: [tid:0x7f0d9bd0e080] HMM support: 1, xnack: 0, direct host access: 0

:4:rocdevice.cpp            :1918: 182316091132 us: 14901: [tid:0x7f0d9bd0e080] Allocate hsa host memory 0x7f0c90200000, size 0x101000
:4:rocdevice.cpp            :1918: 182316091462 us: 14901: [tid:0x7f0d9bd0e080] Allocate hsa host memory 0x7f098b400000, size 0x101000
:4:rocdevice.cpp            :2054: 182316091556 us: 14901: [tid:0x7f0d9bd0e080] Allocate hsa device memory 0x7f098b000000, size 0x100000
:3:rocdevice.cpp            :207 : 182316091583 us: 14901: [tid:0x7f0d9bd0e080] Numa selects cpu agent[0]=0x218f2a0(fine=0x21a6440,coarse=0x227ffe0) for gpu agent=0x2317640
:3:rocdevice.cpp            :1611: 182316091697 us: 14901: [tid:0x7f0d9bd0e080] HMM support: 1, xnack: 0, direct host access: 0

:4:rocdevice.cpp            :1918: 182316091952 us: 14901: [tid:0x7f0d9bd0e080] Allocate hsa host memory 0x7f098ae00000, size 0x101000
:4:rocdevice.cpp            :1918: 182316092283 us: 14901: [tid:0x7f0d9bd0e080] Allocate hsa host memory 0x7f098ac00000, size 0x101000
:4:rocdevice.cpp            :2054: 182316092349 us: 14901: [tid:0x7f0d9bd0e080] Allocate hsa device memory 0x7f098a800000, size 0x100000
:3:rocdevice.cpp            :207 : 182316092380 us: 14901: [tid:0x7f0d9bd0e080] Numa selects cpu agent[0]=0x218f2a0(fine=0x21a6440,coarse=0x227ffe0) for gpu agent=0x231ba20
:3:rocdevice.cpp            :1611: 182316092490 us: 14901: [tid:0x7f0d9bd0e080] HMM support: 1, xnack: 0, direct host access: 0

:4:rocdevice.cpp            :1918: 182316092525 us: 14901: [tid:0x7f0d9bd0e080] Allocate hsa host memory 0x7f0d9bb6e000, size 0xa0
:4:rocdevice.cpp            :1918: 182316092887 us: 14901: [tid:0x7f0d9bd0e080] Allocate hsa host memory 0x7f098a600000, size 0x101000
:4:rocdevice.cpp            :1918: 182316093203 us: 14901: [tid:0x7f0d9bd0e080] Allocate hsa host memory 0x7f098a400000, size 0x101000
:4:rocdevice.cpp            :2054: 182316093271 us: 14901: [tid:0x7f0d9bd0e080] Allocate hsa device memory 0x7f098a000000, size 0x100000
:4:runtime.cpp              :83  : 182316093279 us: 14901: [tid:0x7f0d9bd0e080] init
:3:hip_context.cpp          :50  : 182316093282 us: 14901: [tid:0x7f0d9bd0e080] Direct Dispatch: 1
:4:rocdevice.cpp            :2054: 182316093525 us: 14901: [tid:0x7f0d9bd0e080] Allocate hsa device memory 0x7f0909e00000, size 0x80000000
:3:rocdevice.cpp            :2093: 182316093531 us: 14901: [tid:0x7f0d9bd0e080] device=0x23229c0, freeMem_ = 0x7f000000
:3:hip_memory.cpp           :496 : 182316093538 us: 14901: [tid:0x7f0d9bd0e080] hipMalloc: Returned hipSuccess : 0x7f0909e00000
It took me 3e-08 seconds.
:3:hip_memory.cpp           :537 : 182316093563 us: 14901: [tid:0x7f0d9bd0e080] [32mhipFree ( 0x7f0909e00000 )[0m
:3:rocdevice.cpp            :2686: 182316093580 us: 14901: [tid:0x7f0d9bd0e080] number of allocated hardware queues with low priority: 0, with normal priority: 0, with high priority: 0, maximum per priority is: 4
GG: queue_lambda entered: 
GG: CpuAgent::CreateInterceptibleQueue entered...
:3:rocdevice.cpp            :2757: 182316109643 us: 14901: [tid:0x7f0d9bd0e080] created hardware queue 0x7f0d9bb5e000 with size 4096 with priority 1, cooperative: 0
:4:rocdevice.cpp            :1918: 182316109808 us: 14901: [tid:0x7f0d9bd0e080] Allocate hsa host memory 0x7f0d90880000, size 0x80000
:3:devprogram.cpp           :2675: 182316256258 us: 14901: [tid:0x7f0d9bd0e080] Using Code Object V4.
GG: DmaCopy(dst, src, size)..entered.
GG: GpuAgent::CreateBlitKernel() entered...
GG: BlitKernel::SubmitLinearCopyCommand(dst, src, size): entered.
GG: BlitKernel::SubmitLinearCopyCommand(dst, src, size, dep_signals, out_signal): entered.
  GG: total_num_packet: 1
GG: BlitKernel::PopulateQueue: entered.
:3:devprogram.cpp           :2978: 182316257353 us: 14901: [tid:0x7f0d9bd0e080] For Init/Fini: Kernel Name: __amd_rocclr_copyBufferAligned
:3:devprogram.cpp           :2978: 182316257360 us: 14901: [tid:0x7f0d9bd0e080] For Init/Fini: Kernel Name: __amd_rocclr_streamOpsWait
:3:devprogram.cpp           :2978: 182316257362 us: 14901: [tid:0x7f0d9bd0e080] For Init/Fini: Kernel Name: __amd_rocclr_copyBuffer
:3:devprogram.cpp           :2978: 182316257364 us: 14901: [tid:0x7f0d9bd0e080] For Init/Fini: Kernel Name: __amd_rocclr_streamOpsWrite
:3:devprogram.cpp           :2978: 182316257365 us: 14901: [tid:0x7f0d9bd0e080] For Init/Fini: Kernel Name: __amd_rocclr_copyBufferRectAligned
:3:devprogram.cpp           :2978: 182316257367 us: 14901: [tid:0x7f0d9bd0e080] For Init/Fini: Kernel Name: __amd_rocclr_gwsInit
:3:devprogram.cpp           :2978: 182316257369 us: 14901: [tid:0x7f0d9bd0e080] For Init/Fini: Kernel Name: __amd_rocclr_copyBufferRect
:3:devprogram.cpp           :2978: 182316257370 us: 14901: [tid:0x7f0d9bd0e080] For Init/Fini: Kernel Name: __amd_rocclr_fillBufferAligned
:3:devprogram.cpp           :2978: 182316257372 us: 14901: [tid:0x7f0d9bd0e080] For Init/Fini: Kernel Name: __amd_rocclr_fillBufferAligned2D
:4:rocmemory.cpp            :941 : 182316257429 us: 14901: [tid:0x7f0d9bd0e080] Locking to pool 0x227ffe0, size 0x1000, HostPtr = 0x2e22000, DevPtr = 0x7f0d909c5000
:4:rocdevice.cpp            :2070: 182316257645 us: 14901: [tid:0x7f0d9bd0e080] Free hsa memory 0x7f0909e00000
:3:rocdevice.cpp            :2093: 182316257652 us: 14901: [tid:0x7f0d9bd0e080] device=0x23229c0, freeMem_ = 0xff000000
:3:hip_memory.cpp           :539 : 182316257658 us: 14901: [tid:0x7f0d9bd0e080] hipFree: Returned hipSuccess : 
