:3:rocdevice.cpp            :416 : 7695870860 us: 2189 : [tid:0x7fcbeedc9080] Initializing HSA stack.
GG: GetEnvVar(HSA_ENABLED_SDMA): 
GG: enable_sdma_: 2
GG: GetEnvVar(HSA_ENABLED_SDMA): 
GG: enable_sdma_: 2
GG: GpuAgent.constructor, entered...
 GG: !HSA_LARGE_MODEL enabled and defined(__linux__)
  GG: max_queues_ : 128
GG: GpuAgent.constructor, entered...
 GG: !HSA_LARGE_MODEL enabled and defined(__linux__)
  GG: max_queues_ : 128
GG: GpuAgent.constructor, entered...
 GG: !HSA_LARGE_MODEL enabled and defined(__linux__)
  GG: max_queues_ : 128
GG: GpuAgent.constructor, entered...
 GG: !HSA_LARGE_MODEL enabled and defined(__linux__)
  GG: max_queues_ : 128
GG: InitDma: entered...
  GG: calling queue_lambda...
  GG: determine/instantiat No. of blit objs to engage...
  GG: Init blit objs used for D2D/H2D/D2H/P2P ops...
  GG: calling blit_lambda...
  GG: InitGWS...
GG: InitDma: entered...
  GG: calling queue_lambda...
  GG: determine/instantiat No. of blit objs to engage...
  GG: Init blit objs used for D2D/H2D/D2H/P2P ops...
  GG: calling blit_lambda...
  GG: InitGWS...
GG: InitDma: entered...
  GG: calling queue_lambda...
  GG: determine/instantiat No. of blit objs to engage...
  GG: Init blit objs used for D2D/H2D/D2H/P2P ops...
  GG: calling blit_lambda...
  GG: InitGWS...
GG: InitDma: entered...
  GG: calling queue_lambda...
  GG: determine/instantiat No. of blit objs to engage...
  GG: Init blit objs used for D2D/H2D/D2H/P2P ops...
  GG: calling blit_lambda...
  GG: InitGWS...
:3:comgrctx.cpp             :33  : 7695955984 us: 2189 : [tid:0x7fcbeedc9080] Loading COMGR library.
:3:rocdevice.cpp            :207 : 7695956034 us: 2189 : [tid:0x7fcbeedc9080] Numa selects cpu agent[0]=0x7da2a0(fine=0x7f1440,coarse=0x8cac80) for gpu agent=0x8ce650
:3:rocdevice.cpp            :1611: 7695956256 us: 2189 : [tid:0x7fcbeedc9080] HMM support: 1, xnack: 0, direct host access: 0

:4:rocdevice.cpp            :1918: 7695956624 us: 2189 : [tid:0x7fcbeedc9080] Allocate hsa host memory 0x7fcbe3900000, size 0x101000
:4:rocdevice.cpp            :1918: 7695957031 us: 2189 : [tid:0x7fcbeedc9080] Allocate hsa host memory 0x7fcbe3700000, size 0x101000
:4:rocdevice.cpp            :2054: 7695957106 us: 2189 : [tid:0x7fcbeedc9080] Allocate hsa device memory 0x7fcbe3400000, size 0x100000
:3:rocdevice.cpp            :207 : 7695957133 us: 2189 : [tid:0x7fcbeedc9080] Numa selects cpu agent[0]=0x7da2a0(fine=0x7f1440,coarse=0x8cac80) for gpu agent=0x95e010
:3:rocdevice.cpp            :1611: 7695957260 us: 2189 : [tid:0x7fcbeedc9080] HMM support: 1, xnack: 0, direct host access: 0

:4:rocdevice.cpp            :1918: 7695957608 us: 2189 : [tid:0x7fcbeedc9080] Allocate hsa host memory 0x7fcbe3200000, size 0x101000
:4:rocdevice.cpp            :1918: 7695957984 us: 2189 : [tid:0x7fcbeedc9080] Allocate hsa host memory 0x7fcbe3000000, size 0x101000
:4:rocdevice.cpp            :2054: 7695958052 us: 2189 : [tid:0x7fcbeedc9080] Allocate hsa device memory 0x7fcbe2c00000, size 0x100000
:3:rocdevice.cpp            :207 : 7695958079 us: 2189 : [tid:0x7fcbeedc9080] Numa selects cpu agent[0]=0x7da2a0(fine=0x7f1440,coarse=0x8cac80) for gpu agent=0x9623a0
:3:rocdevice.cpp            :1611: 7695958197 us: 2189 : [tid:0x7fcbeedc9080] HMM support: 1, xnack: 0, direct host access: 0

:4:rocdevice.cpp            :1918: 7695958534 us: 2189 : [tid:0x7fcbeedc9080] Allocate hsa host memory 0x7fcbe2a00000, size 0x101000
:4:rocdevice.cpp            :1918: 7695958916 us: 2189 : [tid:0x7fcbeedc9080] Allocate hsa host memory 0x7fcbe2800000, size 0x101000
:4:rocdevice.cpp            :2054: 7695958985 us: 2189 : [tid:0x7fcbeedc9080] Allocate hsa device memory 0x7fcbe2400000, size 0x100000
:3:rocdevice.cpp            :207 : 7695959014 us: 2189 : [tid:0x7fcbeedc9080] Numa selects cpu agent[0]=0x7da2a0(fine=0x7f1440,coarse=0x8cac80) for gpu agent=0x966760
:3:rocdevice.cpp            :1611: 7695959125 us: 2189 : [tid:0x7fcbeedc9080] HMM support: 1, xnack: 0, direct host access: 0

:4:rocdevice.cpp            :1918: 7695959167 us: 2189 : [tid:0x7fcbeedc9080] Allocate hsa host memory 0x7fcbeec28000, size 0xa0
:4:rocdevice.cpp            :1918: 7695959517 us: 2189 : [tid:0x7fcbeedc9080] Allocate hsa host memory 0x7fcbe2200000, size 0x101000
:4:rocdevice.cpp            :1918: 7695959881 us: 2189 : [tid:0x7fcbeedc9080] Allocate hsa host memory 0x7fcbe2000000, size 0x101000
:4:rocdevice.cpp            :2054: 7695959954 us: 2189 : [tid:0x7fcbeedc9080] Allocate hsa device memory 0x7fcbe1c00000, size 0x100000
:4:runtime.cpp              :83  : 7695959962 us: 2189 : [tid:0x7fcbeedc9080] init
:3:hip_context.cpp          :50  : 7695959964 us: 2189 : [tid:0x7fcbeedc9080] Direct Dispatch: 1
:3:hip_memory.cpp           :539 : 7695959985 us: 2189 : [tid:0x7fcbeedc9080] hipFree: Returned hipErrorInvalidValue : 
:3:hip_memory.cpp           :537 : 7695959990 us: 2189 : [tid:0x7fcbeedc9080] [32mhipFree ( 0x7ffed1539da0 )[0m
:3:hip_memory.cpp           :539 : 7695959993 us: 2189 : [tid:0x7fcbeedc9080] hipFree: Returned hipErrorInvalidValue : 
:3:hip_memory.cpp           :537 : 7695959995 us: 2189 : [tid:0x7fcbeedc9080] [32mhipFree ( 0x7ffed1539da0 )[0m
:3:hip_memory.cpp           :539 : 7695959997 us: 2189 : [tid:0x7fcbeedc9080] hipFree: Returned hipErrorInvalidValue : 
