printFnc: func:  <function namestr at 0x7f043fad4dc0>
printing namespaces from within a class...
printTensor entered...
globals: OK
 -  __class__ <class '__main__.tmp1'>
 -  __delattr__ <method-wrapper '__delattr__' of tmp1 object at 0x7f050dfd9fd0>
 -  __dict__ {}
 -  __dir__ <built-in method __dir__ of tmp1 object at 0x7f050dfd9fd0>
 -  __doc__ None
 -  __eq__ <method-wrapper '__eq__' of tmp1 object at 0x7f050dfd9fd0>
 -  __format__ <built-in method __format__ of tmp1 object at 0x7f050dfd9fd0>
 -  __ge__ <method-wrapper '__ge__' of tmp1 object at 0x7f050dfd9fd0>
 -  __getattribute__ <method-wrapper '__getattribute__' of tmp1 object at 0x7f050dfd9fd0>
 -  __gt__ <method-wrapper '__gt__' of tmp1 object at 0x7f050dfd9fd0>
 -  __hash__ <method-wrapper '__hash__' of tmp1 object at 0x7f050dfd9fd0>
 -  __init__ <method-wrapper '__init__' of tmp1 object at 0x7f050dfd9fd0>
 -  __init_subclass__ <built-in method __init_subclass__ of type object at 0x55c83a4d70d0>
 -  __le__ <method-wrapper '__le__' of tmp1 object at 0x7f050dfd9fd0>
 -  __lt__ <method-wrapper '__lt__' of tmp1 object at 0x7f050dfd9fd0>
 -  __module__ __main__
 -  __ne__ <method-wrapper '__ne__' of tmp1 object at 0x7f050dfd9fd0>
 -  __new__ <built-in method __new__ of type object at 0x7f050e737b00>
 -  __reduce__ <built-in method __reduce__ of tmp1 object at 0x7f050dfd9fd0>
 -  __reduce_ex__ <built-in method __reduce_ex__ of tmp1 object at 0x7f050dfd9fd0>
 -  __repr__ <method-wrapper '__repr__' of tmp1 object at 0x7f050dfd9fd0>
 -  __setattr__ <method-wrapper '__setattr__' of tmp1 object at 0x7f050dfd9fd0>
 -  __sizeof__ <built-in method __sizeof__ of tmp1 object at 0x7f050dfd9fd0>
 -  __str__ <method-wrapper '__str__' of tmp1 object at 0x7f050dfd9fd0>
 -  __subclasshook__ <built-in method __subclasshook__ of type object at 0x55c83a4d70d0>
 -  __weakref__ None
 -  tmp1_fn1 <bound method tmp1.tmp1_fn1 of <__main__.tmp1 object at 0x7f050dfd9fd0>>
 -  tmp1_x 10
 -  tmp1_y [0, 1, 2, 3]
--------------------------------
['tmp1_x'] :  <class 'numpy.ndarray'> (1,)
--------------------------------
printTensor entered...
globals: OK
 -  __class__ <class '__main__.tmp1'>
 -  __delattr__ <method-wrapper '__delattr__' of tmp1 object at 0x7f050dfd9fd0>
 -  __dict__ {}
 -  __dir__ <built-in method __dir__ of tmp1 object at 0x7f050dfd9fd0>
 -  __doc__ None
 -  __eq__ <method-wrapper '__eq__' of tmp1 object at 0x7f050dfd9fd0>
 -  __format__ <built-in method __format__ of tmp1 object at 0x7f050dfd9fd0>
 -  __ge__ <method-wrapper '__ge__' of tmp1 object at 0x7f050dfd9fd0>
 -  __getattribute__ <method-wrapper '__getattribute__' of tmp1 object at 0x7f050dfd9fd0>
 -  __gt__ <method-wrapper '__gt__' of tmp1 object at 0x7f050dfd9fd0>
 -  __hash__ <method-wrapper '__hash__' of tmp1 object at 0x7f050dfd9fd0>
 -  __init__ <method-wrapper '__init__' of tmp1 object at 0x7f050dfd9fd0>
 -  __init_subclass__ <built-in method __init_subclass__ of type object at 0x55c83a4d70d0>
 -  __le__ <method-wrapper '__le__' of tmp1 object at 0x7f050dfd9fd0>
 -  __lt__ <method-wrapper '__lt__' of tmp1 object at 0x7f050dfd9fd0>
 -  __module__ __main__
 -  __ne__ <method-wrapper '__ne__' of tmp1 object at 0x7f050dfd9fd0>
 -  __new__ <built-in method __new__ of type object at 0x7f050e737b00>
 -  __reduce__ <built-in method __reduce__ of tmp1 object at 0x7f050dfd9fd0>
 -  __reduce_ex__ <built-in method __reduce_ex__ of tmp1 object at 0x7f050dfd9fd0>
 -  __repr__ <method-wrapper '__repr__' of tmp1 object at 0x7f050dfd9fd0>
 -  __setattr__ <method-wrapper '__setattr__' of tmp1 object at 0x7f050dfd9fd0>
 -  __sizeof__ <built-in method __sizeof__ of tmp1 object at 0x7f050dfd9fd0>
 -  __str__ <method-wrapper '__str__' of tmp1 object at 0x7f050dfd9fd0>
 -  __subclasshook__ <built-in method __subclasshook__ of type object at 0x55c83a4d70d0>
 -  __weakref__ None
 -  tmp1_fn1 <bound method tmp1.tmp1_fn1 of <__main__.tmp1 object at 0x7f050dfd9fd0>>
 -  tmp1_x 10
 -  tmp1_y [0, 1, 2, 3]
--------------------------------
['tmp1_y'] :  <class 'numpy.ndarray'> (4,)
--------------------------------
modules.module1: f1() entered:
printTensor entered...
globals: OK
 -  f1_var1 0
--------------------------------
['f1_var1'] :  <class 'numpy.ndarray'> (1,)
--------------------------------
