env_nocopy_str: 
:3:rocdevice.cpp            :416 : 304350465392 us: 20249: [tid:0x7f4b58712080] Initializing HSA stack.
GG: GetEnvVar(HSA_ENABLED_SDMA): 
GG: enable_sdma_: 2
GG: GetEnvVar(HSA_ENABLED_SDMA): 
GG: enable_sdma_: 2
GG: GpuAgent.constructor, entered...
 GG: !HSA_LARGE_MODEL enabled and defined(__linux__)
  GG: max_queues_ : 128
GG: GpuAgent.constructor, entered...
 GG: !HSA_LARGE_MODEL enabled and defined(__linux__)
  GG: max_queues_ : 128
GG: GpuAgent.constructor, entered...
 GG: !HSA_LARGE_MODEL enabled and defined(__linux__)
  GG: max_queues_ : 128
GG: GpuAgent.constructor, entered...
 GG: !HSA_LARGE_MODEL enabled and defined(__linux__)
  GG: max_queues_ : 128
GG: InitDma: entered...
  GG: calling queue_lambda...
  GG: determine/instantiat No. of blit objs to engage...
  GG: Init blit objs used for D2D/H2D/D2H/P2P ops...
  GG: calling blit_lambda...
  GG: InitGWS...
GG: InitDma: entered...
  GG: calling queue_lambda...
  GG: determine/instantiat No. of blit objs to engage...
  GG: Init blit objs used for D2D/H2D/D2H/P2P ops...
  GG: calling blit_lambda...
  GG: InitGWS...
GG: InitDma: entered...
  GG: calling queue_lambda...
  GG: determine/instantiat No. of blit objs to engage...
  GG: Init blit objs used for D2D/H2D/D2H/P2P ops...
  GG: calling blit_lambda...
  GG: InitGWS...
GG: InitDma: entered...
  GG: calling queue_lambda...
  GG: determine/instantiat No. of blit objs to engage...
  GG: Init blit objs used for D2D/H2D/D2H/P2P ops...
  GG: calling blit_lambda...
  GG: InitGWS...
:3:comgrctx.cpp             :33  : 304350551441 us: 20249: [tid:0x7f4b58712080] Loading COMGR library.
:3:rocdevice.cpp            :207 : 304350551496 us: 20249: [tid:0x7f4b58712080] Numa selects cpu agent[0]=0x1c282a0(fine=0x1c3f440,coarse=0x1d18fb0) for gpu agent=0x1d1c980
:3:rocdevice.cpp            :1611: 304350551973 us: 20249: [tid:0x7f4b58712080] HMM support: 1, xnack: 0, direct host access: 0

:4:rocdevice.cpp            :1918: 304350552354 us: 20249: [tid:0x7f4b58712080] Allocate hsa host memory 0x7f4a4cc00000, size 0x101000
:4:rocdevice.cpp            :1918: 304350552793 us: 20249: [tid:0x7f4b58712080] Allocate hsa host memory 0x7f4a4ca00000, size 0x101000
:4:rocdevice.cpp            :2054: 304350552859 us: 20249: [tid:0x7f4b58712080] Allocate hsa device memory 0x7f4a4c600000, size 0x100000
:3:rocdevice.cpp            :207 : 304350552889 us: 20249: [tid:0x7f4b58712080] Numa selects cpu agent[0]=0x1c282a0(fine=0x1c3f440,coarse=0x1d18fb0) for gpu agent=0x1dac340
:3:rocdevice.cpp            :1611: 304350553010 us: 20249: [tid:0x7f4b58712080] HMM support: 1, xnack: 0, direct host access: 0

:4:rocdevice.cpp            :1918: 304350553373 us: 20249: [tid:0x7f4b58712080] Allocate hsa host memory 0x7f4a4c400000, size 0x101000
:4:rocdevice.cpp            :1918: 304350553769 us: 20249: [tid:0x7f4b58712080] Allocate hsa host memory 0x7f4a4c200000, size 0x101000
:4:rocdevice.cpp            :2054: 304350553840 us: 20249: [tid:0x7f4b58712080] Allocate hsa device memory 0x7f4747600000, size 0x100000
:3:rocdevice.cpp            :207 : 304350553866 us: 20249: [tid:0x7f4b58712080] Numa selects cpu agent[0]=0x1c282a0(fine=0x1c3f440,coarse=0x1d18fb0) for gpu agent=0x1db06d0
:3:rocdevice.cpp            :1611: 304350553980 us: 20249: [tid:0x7f4b58712080] HMM support: 1, xnack: 0, direct host access: 0

:4:rocdevice.cpp            :1918: 304350554354 us: 20249: [tid:0x7f4b58712080] Allocate hsa host memory 0x7f4747400000, size 0x101000
:4:rocdevice.cpp            :1918: 304350554748 us: 20249: [tid:0x7f4b58712080] Allocate hsa host memory 0x7f4747200000, size 0x101000
:4:rocdevice.cpp            :2054: 304350554813 us: 20249: [tid:0x7f4b58712080] Allocate hsa device memory 0x7f4746e00000, size 0x100000
:3:rocdevice.cpp            :207 : 304350554842 us: 20249: [tid:0x7f4b58712080] Numa selects cpu agent[0]=0x1c282a0(fine=0x1c3f440,coarse=0x1d18fb0) for gpu agent=0x1db4a90
:3:rocdevice.cpp            :1611: 304350554955 us: 20249: [tid:0x7f4b58712080] HMM support: 1, xnack: 0, direct host access: 0

:4:rocdevice.cpp            :1918: 304350554990 us: 20249: [tid:0x7f4b58712080] Allocate hsa host memory 0x7f4b58572000, size 0xa0
:4:rocdevice.cpp            :1918: 304350555379 us: 20249: [tid:0x7f4b58712080] Allocate hsa host memory 0x7f4746c00000, size 0x101000
:4:rocdevice.cpp            :1918: 304350555738 us: 20249: [tid:0x7f4b58712080] Allocate hsa host memory 0x7f4746a00000, size 0x101000
:4:rocdevice.cpp            :2054: 304350555801 us: 20249: [tid:0x7f4b58712080] Allocate hsa device memory 0x7f4746600000, size 0x100000
:4:runtime.cpp              :83  : 304350555811 us: 20249: [tid:0x7f4b58712080] init
:3:hip_context.cpp          :50  : 304350555813 us: 20249: [tid:0x7f4b58712080] Direct Dispatch: 1
:4:rocdevice.cpp            :2054: 304350555873 us: 20249: [tid:0x7f4b58712080] Allocate hsa device memory 0x7f4746000000, size 0x400000
:3:rocdevice.cpp            :2093: 304350555878 us: 20249: [tid:0x7f4b58712080] device=0x1dbba30, freeMem_ = 0xfec00000
:3:hip_memory.cpp           :496 : 304350555886 us: 20249: [tid:0x7f4b58712080] hipMalloc: Returned hipSuccess : 0x7f4746000000
:3:hip_memory.cpp           :556 : 304350556781 us: 20249: [tid:0x7f4b58712080] [32mhipMemcpy ( 0x7f4746000000, 0x7f4b4d7cd010, 4194304, hipMemcpyHostToDevice )[0m
:3:rocdevice.cpp            :2686: 304350556797 us: 20249: [tid:0x7f4b58712080] number of allocated hardware queues with low priority: 0, with normal priority: 0, with high priority: 0, maximum per priority is: 4
hipMemcpy.start.
GG: queue_lambda entered: 
GG: CpuAgent::CreateInterceptibleQueue entered...
:3:rocdevice.cpp            :2757: 304350573121 us: 20249: [tid:0x7f4b58712080] created hardware queue 0x7f4b58562000 with size 4096 with priority 1, cooperative: 0
:4:rocdevice.cpp            :1918: 304350573325 us: 20249: [tid:0x7f4b58712080] Allocate hsa host memory 0x7f4b4ce80000, size 0x80000
:3:devprogram.cpp           :2675: 304350718171 us: 20249: [tid:0x7f4b58712080] Using Code Object V4.
GG: DmaCopy(dst, src, size)..entered.
GG: GpuAgent::CreateBlitKernel() entered...
GG: BlitKernel::SubmitLinearCopyCommand(dst, src, size): entered.
GG: BlitKernel::SubmitLinearCopyCommand(dst, src, size, dep_signals, out_signal): entered.
  GG: total_num_packet: 1
GG: BlitKernel::PopulateQueue: entered.
:3:devprogram.cpp           :2978: 304350719242 us: 20249: [tid:0x7f4b58712080] For Init/Fini: Kernel Name: __amd_rocclr_copyBufferAligned
:3:devprogram.cpp           :2978: 304350719247 us: 20249: [tid:0x7f4b58712080] For Init/Fini: Kernel Name: __amd_rocclr_streamOpsWait
:3:devprogram.cpp           :2978: 304350719249 us: 20249: [tid:0x7f4b58712080] For Init/Fini: Kernel Name: __amd_rocclr_copyBuffer
:3:devprogram.cpp           :2978: 304350719251 us: 20249: [tid:0x7f4b58712080] For Init/Fini: Kernel Name: __amd_rocclr_streamOpsWrite
:3:devprogram.cpp           :2978: 304350719252 us: 20249: [tid:0x7f4b58712080] For Init/Fini: Kernel Name: __amd_rocclr_copyBufferRectAligned
:3:devprogram.cpp           :2978: 304350719254 us: 20249: [tid:0x7f4b58712080] For Init/Fini: Kernel Name: __amd_rocclr_gwsInit
:3:devprogram.cpp           :2978: 304350719255 us: 20249: [tid:0x7f4b58712080] For Init/Fini: Kernel Name: __amd_rocclr_copyBufferRect
:3:devprogram.cpp           :2978: 304350719257 us: 20249: [tid:0x7f4b58712080] For Init/Fini: Kernel Name: __amd_rocclr_fillBufferAligned
:3:devprogram.cpp           :2978: 304350719258 us: 20249: [tid:0x7f4b58712080] For Init/Fini: Kernel Name: __amd_rocclr_fillBufferAligned2D
:4:rocmemory.cpp            :941 : 304350719314 us: 20249: [tid:0x7f4b58712080] Locking to pool 0x1d18fb0, size 0x1000, HostPtr = 0x1e7b000, DevPtr = 0x7f4b4cf76000
:3:hip_memory.cpp           :327 : 304350719404 us: 20249: [tid:0x7f4b58712080] GG: ihipMemcpyCommand entered.
:4:command.cpp              :339 : 304350719413 us: 20249: [tid:0x7f4b58712080] command is enqueued: 0x1ded420
:4:rocmemory.cpp            :941 : 304350719573 us: 20249: [tid:0x7f4b58712080] Locking to pool 0x1d18fb0, size 0x401000, HostPtr = 0x7f4b4d7cd000, DevPtr = 0x7f473ca00000
:4:rocblit.cpp              :668 : 304350719584 us: 20249: [tid:0x7f4b58712080] HSA Asycn Copy wait_event=0x0, completion_signal=0x7f4b58595480
GG; hsa_amd_memory_async_copy: entered...
GG: Runtime::CopyMemory.(2)
GG: DmaCopy(dst, dst_agent, src, src_agent, size, dep_signals, out_signal)..entered.
GG: blit_lambda entered: use_xgmi: 0, isHostToDev: 1
  GG: use_sdma after checking gfx8/1013: 1
 GG: use_sdma after checking sdma_override: 1
  GG: gfx90a specific: 
GG: CreateBlitSdma entered... use_xgmi: 0
GG: BlistSdma::Initialize() entered...
GG: BlistSdma::BuildCopyCommand() entered...
  GG: copy command No: 0...
  GG: packet_addr->SRC_ADDR_LO,HI(31:0,63:32): 3ca00010, 7f47
  GG: packet_addr0>DST_ADDR_LO,HI(31:0,63:32): 46000000, 7f47
  GG: copy command No: 1...
  GG: packet_addr->SRC_ADDR_LO,HI(31:0,63:32): 3cdffff0, 7f47
  GG: packet_addr0>DST_ADDR_LO,HI(31:0,63:32): 463fffe0, 7f47
:4:rocvirtual.cpp           :524 : 304350720015 us: 20249: [tid:0x7f4b58712080] Host wait on completion_signal=0x7f4b58595480
:3:rocvirtual.hpp           :62  : 304350720019 us: 20249: [tid:0x7f4b58712080] Host active wait for Signal = (0x7f4b58595480) for -1 ns
:4:command.cpp              :280 : 304350720650 us: 20249: [tid:0x7f4b58712080] queue marker to command queue: 0x1dc8d60
:4:command.cpp              :339 : 304350720654 us: 20249: [tid:0x7f4b58712080] command is enqueued: 0x1e51cf0
:4:command.cpp              :170 : 304350720657 us: 20249: [tid:0x7f4b58712080] Command 0x1ded420 complete
:4:command.cpp              :168 : 304350720659 us: 20249: [tid:0x7f4b58712080] Command 0x1e51cf0 complete (Wall: 304350720658, CPU: 0, GPU: 0 us)
:4:command.cpp              :245 : 304350720662 us: 20249: [tid:0x7f4b58712080] waiting for event 0x1ded420 to complete, current status 0
:4:command.cpp              :259 : 304350720663 us: 20249: [tid:0x7f4b58712080] event 0x1ded420 wait completed
:3:hip_memory.cpp           :557 : 304350720668 us: 20249: [tid:0x7f4b58712080] hipMemcpy: Returned hipSuccess : : duration: 163887 us
:3:hip_platform.cpp         :209 : 304350720680 us: 20249: [tid:0x7f4b58712080] [32m__hipPushCallConfiguration ( {1,1,1}, {256,1,1}, 0, stream:<null> )[0m
:3:hip_platform.cpp         :213 : 304350720686 us: 20249: [tid:0x7f4b58712080] __hipPushCallConfiguration: Returned hipSuccess : 
:3:hip_platform.cpp         :220 : 304350720694 us: 20249: [tid:0x7f4b58712080] [32m__hipPopCallConfiguration ( {30479952,0,30472896}, {1456238061,32587,30479952}, 0x7fff18380858, 0x7fff18380850 )[0m
:3:hip_platform.cpp         :229 : 304350720697 us: 20249: [tid:0x7f4b58712080] __hipPopCallConfiguration: Returned hipSuccess : 
:3:hip_module.cpp           :501 : 304350720715 us: 20249: [tid:0x7f4b58712080] [32mhipLaunchKernel ( 0x401ef8, {1,1,1}, {256,1,1}, 0x7fff18380860, 0, stream:<null> )[0m
:3:devprogram.cpp           :2675: 304350721077 us: 20249: [tid:0x7f4b58712080] Using Code Object V4.
hipMemcpy.end
GG: DmaCopy(dst, src, size)..entered.
GG: BlitKernel::SubmitLinearCopyCommand(dst, src, size): entered.
GG: BlitKernel::SubmitLinearCopyCommand(dst, src, size, dep_signals, out_signal): entered.
  GG: total_num_packet: 1
GG: BlitKernel::PopulateQueue: entered.
:3:devprogram.cpp           :2978: 304350721376 us: 20249: [tid:0x7f4b58712080] For Init/Fini: Kernel Name: _Z2k1v
:3:hip_module.cpp           :358 : 304350721392 us: 20249: [tid:0x7f4b58712080] [32mihipModuleLaunchKernel ( 0x0x1ea0b50, 256, 1, 1, 256, 1, 1, 0, stream:<null>, 0x7fff18380860, char array:<null>, event:0, event:0, 0, 0 )[0m
:4:command.cpp              :339 : 304350721400 us: 20249: [tid:0x7f4b58712080] command is enqueued: 0x1ec37b0
:3:rocvirtual.cpp           :2723: 304350721405 us: 20249: [tid:0x7f4b58712080] ShaderName : _Z2k1v
:4:rocvirtual.cpp           :850 : 304350721415 us: 20249: [tid:0x7f4b58712080] HWq=0x7f4b58562000, Dispatch Header = 0xd02 (type=2, barrier=1, acquire=2, release=1), setup=3, grid=[256, 1, 1], workgroup=[256, 1, 1], private_seg_size=0, group_seg_size=0, kernel_obj=0x7f4b4cf6c440, kernarg_address=0x7f4b4ce80000, completion_signal=0x0
:3:hip_platform.cpp         :676 : 304350721422 us: 20249: [tid:0x7f4b58712080] ihipLaunchKernel: Returned hipSuccess : 
:3:hip_module.cpp           :502 : 304350721424 us: 20249: [tid:0x7f4b58712080] hipLaunchKernel: Returned hipSuccess : 
It took me 0.16466 seconds.
:3:hip_memory.cpp           :537 : 304350721440 us: 20249: [tid:0x7f4b58712080] [32mhipFree ( 0x7f4746000000 )[0m
:3:rocdevice.cpp            :2636: 304350721445 us: 20249: [tid:0x7f4b58712080] No HW event
:4:commandqueue.cpp         :128 : 304350721448 us: 20249: [tid:0x7f4b58712080] HW Event not ready, awaiting completion instead
:4:command.cpp              :280 : 304350721450 us: 20249: [tid:0x7f4b58712080] queue marker to command queue: 0x1dc8d60
:4:command.cpp              :339 : 304350721451 us: 20249: [tid:0x7f4b58712080] command is enqueued: 0x1e51cf0
:4:rocvirtual.cpp           :984 : 304350721455 us: 20249: [tid:0x7f4b58712080] HWq=0x7f4b58562000, BarrierAND Header = 0x1503 (type=3, barrier=1, acquire=2, release=2), dep_signal=[0x0, 0x0, 0x0, 0x0, 0x0], completion_signal=0x7f4b58595400
:4:rocvirtual.cpp           :524 : 304350721457 us: 20249: [tid:0x7f4b58712080] Host wait on completion_signal=0x7f4b58595400
:3:rocvirtual.hpp           :62  : 304350721459 us: 20249: [tid:0x7f4b58712080] Host active wait for Signal = (0x7f4b58595400) for -1 ns
:4:command.cpp              :170 : 304350788068 us: 20249: [tid:0x7f4b58712080] Command 0x1ec37b0 complete
:4:command.cpp              :168 : 304350788076 us: 20249: [tid:0x7f4b58712080] Command 0x1e51cf0 complete (Wall: 304350788075, CPU: 0, GPU: 0 us)
:4:command.cpp              :245 : 304350788078 us: 20249: [tid:0x7f4b58712080] waiting for event 0x1ec37b0 to complete, current status 0
:4:command.cpp              :259 : 304350788080 us: 20249: [tid:0x7f4b58712080] event 0x1ec37b0 wait completed
:4:commandqueue.cpp         :140 : 304350788083 us: 20249: [tid:0x7f4b58712080] All commands finished
:4:rocdevice.cpp            :2070: 304350788167 us: 20249: [tid:0x7f4b58712080] Free hsa memory 0x7f4746000000
:3:rocdevice.cpp            :2093: 304350788175 us: 20249: [tid:0x7f4b58712080] device=0x1dbba30, freeMem_ = 0xff000000
:3:hip_memory.cpp           :539 : 304350788178 us: 20249: [tid:0x7f4b58712080] hipFree: Returned hipSuccess : 
:3:devprogram.cpp           :2978: 304350788467 us: 20249: [tid:0x7f4b58712080] For Init/Fini: Kernel Name: _Z2k1v
