:3:rocdevice.cpp            :416 : 535358468457 us: 112607: [tid:0x7f30768c7080] Initializing HSA stack.
:3:comgrctx.cpp             :33  : 535358553171 us: 112607: [tid:0x7f30768c7080] Loading COMGR library.
:3:rocdevice.cpp            :207 : 535358553223 us: 112607: [tid:0x7f30768c7080] Numa selects cpu agent[0]=0x15df2a0(fine=0x15f6440,coarse=0x16d2320) for gpu agent=0x175e850
:3:rocdevice.cpp            :1611: 535358553641 us: 112607: [tid:0x7f30768c7080] HMM support: 1, xnack: 0, direct host access: 0

:4:rocdevice.cpp            :1918: 535358554015 us: 112607: [tid:0x7f30768c7080] Allocate hsa host memory 0x7f306b400000, size 0x101000
:4:rocdevice.cpp            :1918: 535358554359 us: 112607: [tid:0x7f30768c7080] Allocate hsa host memory 0x7f306b200000, size 0x101000
:4:rocdevice.cpp            :2054: 535358554457 us: 112607: [tid:0x7f30768c7080] Allocate hsa device memory 0x7f306ae00000, size 0x100000
:3:rocdevice.cpp            :207 : 535358554479 us: 112607: [tid:0x7f30768c7080] Numa selects cpu agent[0]=0x15df2a0(fine=0x15f6440,coarse=0x16d2320) for gpu agent=0x1762a00
:3:rocdevice.cpp            :1611: 535358554590 us: 112607: [tid:0x7f30768c7080] HMM support: 1, xnack: 0, direct host access: 0

:4:rocdevice.cpp            :1918: 535358554804 us: 112607: [tid:0x7f30768c7080] Allocate hsa host memory 0x7f306ac00000, size 0x101000
:4:rocdevice.cpp            :1918: 535358555107 us: 112607: [tid:0x7f30768c7080] Allocate hsa host memory 0x7f306aa00000, size 0x101000
:4:rocdevice.cpp            :2054: 535358555369 us: 112607: [tid:0x7f30768c7080] Allocate hsa device memory 0x7f306a600000, size 0x100000
:3:rocdevice.cpp            :207 : 535358555394 us: 112607: [tid:0x7f30768c7080] Numa selects cpu agent[0]=0x15df2a0(fine=0x15f6440,coarse=0x16d2320) for gpu agent=0x1766dd0
:3:rocdevice.cpp            :1611: 535358555502 us: 112607: [tid:0x7f30768c7080] HMM support: 1, xnack: 0, direct host access: 0

:4:rocdevice.cpp            :1918: 535358555850 us: 112607: [tid:0x7f30768c7080] Allocate hsa host memory 0x7f306a400000, size 0x101000
:4:rocdevice.cpp            :1918: 535358556235 us: 112607: [tid:0x7f30768c7080] Allocate hsa host memory 0x7f306a200000, size 0x101000
:4:rocdevice.cpp            :2054: 535358556351 us: 112607: [tid:0x7f30768c7080] Allocate hsa device memory 0x7f3069e00000, size 0x100000
:3:rocdevice.cpp            :207 : 535358556375 us: 112607: [tid:0x7f30768c7080] Numa selects cpu agent[0]=0x15df2a0(fine=0x15f6440,coarse=0x16d2320) for gpu agent=0x176b1b0
:3:rocdevice.cpp            :1611: 535358556483 us: 112607: [tid:0x7f30768c7080] HMM support: 1, xnack: 0, direct host access: 0

:4:rocdevice.cpp            :1918: 535358556518 us: 112607: [tid:0x7f30768c7080] Allocate hsa host memory 0x7f307673e000, size 0xa0
:4:rocdevice.cpp            :1918: 535358556861 us: 112607: [tid:0x7f30768c7080] Allocate hsa host memory 0x7f3069c00000, size 0x101000
:4:rocdevice.cpp            :1918: 535358557219 us: 112607: [tid:0x7f30768c7080] Allocate hsa host memory 0x7f3069a00000, size 0x101000
:4:rocdevice.cpp            :2054: 535358557331 us: 112607: [tid:0x7f30768c7080] Allocate hsa device memory 0x7f3069600000, size 0x100000
:4:runtime.cpp              :83  : 535358557339 us: 112607: [tid:0x7f30768c7080] init
:3:hip_context.cpp          :50  : 535358557343 us: 112607: [tid:0x7f30768c7080] Direct Dispatch: 1
:4:rocdevice.cpp            :2054: 535358557383 us: 112607: [tid:0x7f30768c7080] Allocate hsa device memory 0x7f306af00000, size 0x100
:3:rocdevice.cpp            :2093: 535358557386 us: 112607: [tid:0x7f30768c7080] device=0x1771bc0, freeMem_ = 0xfeffff00
:3:hip_memory.cpp           :495 : 535358557394 us: 112607: [tid:0x7f30768c7080] hipMalloc: Returned hipSuccess : 0x7f306af00000
:3:hip_memory.cpp           :493 : 535358557400 us: 112607: [tid:0x7f30768c7080] [32mhipMalloc ( 0x7ffeb23d8830, 256 )[0m
:4:rocdevice.cpp            :2054: 535358557403 us: 112607: [tid:0x7f30768c7080] Allocate hsa device memory 0x7f306af01000, size 0x100
:3:rocdevice.cpp            :2093: 535358557405 us: 112607: [tid:0x7f30768c7080] device=0x1771bc0, freeMem_ = 0xfefffe00
:3:hip_memory.cpp           :495 : 535358557408 us: 112607: [tid:0x7f30768c7080] hipMalloc: Returned hipSuccess : 0x7f306af01000: duration: 8 us
:3:hip_memory.cpp           :493 : 535358557410 us: 112607: [tid:0x7f30768c7080] [32mhipMalloc ( 0x7ffeb23d8828, 256 )[0m
:4:rocdevice.cpp            :2054: 535358557413 us: 112607: [tid:0x7f30768c7080] Allocate hsa device memory 0x7f306af02000, size 0x100
:3:rocdevice.cpp            :2093: 535358557415 us: 112607: [tid:0x7f30768c7080] device=0x1771bc0, freeMem_ = 0xfefffd00
:3:hip_memory.cpp           :495 : 535358557418 us: 112607: [tid:0x7f30768c7080] hipMalloc: Returned hipSuccess : 0x7f306af02000: duration: 8 us
:3:hip_memory.cpp           :555 : 535358557439 us: 112607: [tid:0x7f30768c7080] [32mhipMemcpy ( 0x7f306af00000, 0x160afd0, 256, hipMemcpyHostToDevice )[0m
:3:rocdevice.cpp            :2686: 535358557454 us: 112607: [tid:0x7f30768c7080] number of allocated hardware queues with low priority: 0, with normal priority: 0, with high priority: 0, maximum per priority is: 4
:3:rocdevice.cpp            :2757: 535358572943 us: 112607: [tid:0x7f30768c7080] created hardware queue 0x7f307672e000 with size 4096 with priority 1, cooperative: 0
:4:rocdevice.cpp            :1918: 535358573123 us: 112607: [tid:0x7f30768c7080] Allocate hsa host memory 0x7f306b100000, size 0x80000
:3:devprogram.cpp           :2675: 535358780800 us: 112607: [tid:0x7f30768c7080] Using Code Object V4.
:3:devprogram.cpp           :2978: 535358782373 us: 112607: [tid:0x7f30768c7080] For Init/Fini: Kernel Name: __amd_rocclr_fillImage
:3:devprogram.cpp           :2978: 535358782393 us: 112607: [tid:0x7f30768c7080] For Init/Fini: Kernel Name: __amd_rocclr_fillBufferAligned2D
:3:devprogram.cpp           :2978: 535358782397 us: 112607: [tid:0x7f30768c7080] For Init/Fini: Kernel Name: __amd_rocclr_fillBufferAligned
:3:devprogram.cpp           :2978: 535358782401 us: 112607: [tid:0x7f30768c7080] For Init/Fini: Kernel Name: __amd_rocclr_copyImage1DA
:3:devprogram.cpp           :2978: 535358782404 us: 112607: [tid:0x7f30768c7080] For Init/Fini: Kernel Name: __amd_rocclr_copyBufferAligned
:3:devprogram.cpp           :2978: 535358782407 us: 112607: [tid:0x7f30768c7080] For Init/Fini: Kernel Name: __amd_rocclr_streamOpsWait
:3:devprogram.cpp           :2978: 535358782410 us: 112607: [tid:0x7f30768c7080] For Init/Fini: Kernel Name: __amd_rocclr_copyBuffer
:3:devprogram.cpp           :2978: 535358782413 us: 112607: [tid:0x7f30768c7080] For Init/Fini: Kernel Name: __amd_rocclr_streamOpsWrite
:3:devprogram.cpp           :2978: 535358782415 us: 112607: [tid:0x7f30768c7080] For Init/Fini: Kernel Name: __amd_rocclr_copyBufferRectAligned
:3:devprogram.cpp           :2978: 535358782418 us: 112607: [tid:0x7f30768c7080] For Init/Fini: Kernel Name: __amd_rocclr_gwsInit
:3:devprogram.cpp           :2978: 535358782420 us: 112607: [tid:0x7f30768c7080] For Init/Fini: Kernel Name: __amd_rocclr_copyBufferRect
:3:devprogram.cpp           :2978: 535358782423 us: 112607: [tid:0x7f30768c7080] For Init/Fini: Kernel Name: __amd_rocclr_copyImageToBuffer
:3:devprogram.cpp           :2978: 535358782425 us: 112607: [tid:0x7f30768c7080] For Init/Fini: Kernel Name: __amd_rocclr_copyBufferToImage
:3:devprogram.cpp           :2978: 535358782428 us: 112607: [tid:0x7f30768c7080] For Init/Fini: Kernel Name: __amd_rocclr_copyImage
:4:rocmemory.cpp            :941 : 535358782486 us: 112607: [tid:0x7f30768c7080] Locking to pool 0x16d2320, size 0x1000, HostPtr = 0x1cf5000, DevPtr = 0x7f30766e2000
:4:command.cpp              :339 : 535358782563 us: 112607: [tid:0x7f30768c7080] command is enqueued: 0x17c6700
:4:rocvirtual.cpp           :984 : 535358782656 us: 112607: [tid:0x7f30768c7080] HWq=0x7f307672e000, BarrierAND Header = 0x1503 (type=3, barrier=1, acquire=2, release=2), dep_signal=[0x0, 0x0, 0x0, 0x0, 0x0], completion_signal=0x7f30768d6480
:4:rocvirtual.cpp           :524 : 535358782659 us: 112607: [tid:0x7f30768c7080] Host wait on completion_signal=0x7f30768d6480
:3:rocvirtual.hpp           :62  : 535358782662 us: 112607: [tid:0x7f30768c7080] Host active wait for Signal = (0x7f30768d6480) for -1 ns
:4:command.cpp              :280 : 535358782668 us: 112607: [tid:0x7f30768c7080] queue marker to command queue: 0x17a0020
:4:command.cpp              :339 : 535358782669 us: 112607: [tid:0x7f30768c7080] command is enqueued: 0x197a580
:4:command.cpp              :170 : 535358782674 us: 112607: [tid:0x7f30768c7080] Command 0x17c6700 complete
:4:command.cpp              :168 : 535358782676 us: 112607: [tid:0x7f30768c7080] Command 0x197a580 complete (Wall: 535358782675, CPU: 0, GPU: 0 us)
:4:command.cpp              :245 : 535358782678 us: 112607: [tid:0x7f30768c7080] waiting for event 0x17c6700 to complete, current status 0
:4:command.cpp              :259 : 535358782680 us: 112607: [tid:0x7f30768c7080] event 0x17c6700 wait completed
:3:hip_memory.cpp           :556 : 535358782685 us: 112607: [tid:0x7f30768c7080] hipMemcpy: Returned hipSuccess : : duration: 225246 us
:3:hip_memory.cpp           :555 : 535358782694 us: 112607: [tid:0x7f30768c7080] [32mhipMemcpy ( 0x7f306af01000, 0x16c86d0, 256, hipMemcpyHostToDevice )[0m
:4:command.cpp              :339 : 535358782698 us: 112607: [tid:0x7f30768c7080] command is enqueued: 0x17c6700
:4:rocvirtual.cpp           :984 : 535358782702 us: 112607: [tid:0x7f30768c7080] HWq=0x7f307672e000, BarrierAND Header = 0x1503 (type=3, barrier=1, acquire=2, release=2), dep_signal=[0x0, 0x0, 0x0, 0x0, 0x0], completion_signal=0x7f30768d6400
:4:rocvirtual.cpp           :524 : 535358782704 us: 112607: [tid:0x7f30768c7080] Host wait on completion_signal=0x7f30768d6400
:3:rocvirtual.hpp           :62  : 535358782705 us: 112607: [tid:0x7f30768c7080] Host active wait for Signal = (0x7f30768d6400) for -1 ns
:4:command.cpp              :280 : 535358782710 us: 112607: [tid:0x7f30768c7080] queue marker to command queue: 0x17a0020
:4:command.cpp              :339 : 535358782712 us: 112607: [tid:0x7f30768c7080] command is enqueued: 0x197a580
:4:command.cpp              :170 : 535358782714 us: 112607: [tid:0x7f30768c7080] Command 0x17c6700 complete
:4:command.cpp              :168 : 535358782716 us: 112607: [tid:0x7f30768c7080] Command 0x197a580 complete (Wall: 535358782715, CPU: 0, GPU: 0 us)
:4:command.cpp              :245 : 535358782717 us: 112607: [tid:0x7f30768c7080] waiting for event 0x17c6700 to complete, current status 0
:4:command.cpp              :259 : 535358782719 us: 112607: [tid:0x7f30768c7080] event 0x17c6700 wait completed
:3:hip_memory.cpp           :556 : 535358782721 us: 112607: [tid:0x7f30768c7080] hipMemcpy: Returned hipSuccess : : duration: 27 us
:3:hip_memory.cpp           :555 : 535358782724 us: 112607: [tid:0x7f30768c7080] [32mhipMemcpy ( 0x7f306af02000, 0x16c87e0, 256, hipMemcpyHostToDevice )[0m
:4:command.cpp              :339 : 535358782727 us: 112607: [tid:0x7f30768c7080] command is enqueued: 0x17c6700
:4:rocvirtual.cpp           :984 : 535358782731 us: 112607: [tid:0x7f30768c7080] HWq=0x7f307672e000, BarrierAND Header = 0x1503 (type=3, barrier=1, acquire=2, release=2), dep_signal=[0x0, 0x0, 0x0, 0x0, 0x0], completion_signal=0x7f30768d6380
:4:rocvirtual.cpp           :524 : 535358782732 us: 112607: [tid:0x7f30768c7080] Host wait on completion_signal=0x7f30768d6380
:3:rocvirtual.hpp           :62  : 535358782734 us: 112607: [tid:0x7f30768c7080] Host active wait for Signal = (0x7f30768d6380) for -1 ns
:4:command.cpp              :280 : 535358782739 us: 112607: [tid:0x7f30768c7080] queue marker to command queue: 0x17a0020
:4:command.cpp              :339 : 535358782740 us: 112607: [tid:0x7f30768c7080] command is enqueued: 0x197a580
:4:command.cpp              :170 : 535358782742 us: 112607: [tid:0x7f30768c7080] Command 0x17c6700 complete
:4:command.cpp              :168 : 535358782744 us: 112607: [tid:0x7f30768c7080] Command 0x197a580 complete (Wall: 535358782743, CPU: 0, GPU: 0 us)
:4:command.cpp              :245 : 535358782746 us: 112607: [tid:0x7f30768c7080] waiting for event 0x17c6700 to complete, current status 0
:4:command.cpp              :259 : 535358782747 us: 112607: [tid:0x7f30768c7080] event 0x17c6700 wait completed
:3:hip_memory.cpp           :556 : 535358782749 us: 112607: [tid:0x7f30768c7080] hipMemcpy: Returned hipSuccess : : duration: 25 us
:3:hip_memory.cpp           :555 : 535358782752 us: 112607: [tid:0x7f30768c7080] [32mhipMemcpy ( 0x160afd0, 0x7f306af00000, 256, hipMemcpyDeviceToHost )[0m
:4:command.cpp              :339 : 535358782755 us: 112607: [tid:0x7f30768c7080] command is enqueued: 0x17c6700
:4:rocblit.cpp              :753 : 535358782763 us: 112607: [tid:0x7f30768c7080] HSA Async Copy completion_signal=0x7f30768d6300
:4:rocvirtual.cpp           :524 : 535358783124 us: 112607: [tid:0x7f30768c7080] Host wait on completion_signal=0x7f30768d6300
:3:rocvirtual.hpp           :62  : 535358783130 us: 112607: [tid:0x7f30768c7080] Host active wait for Signal = (0x7f30768d6300) for -1 ns
:4:command.cpp              :280 : 535358783145 us: 112607: [tid:0x7f30768c7080] queue marker to command queue: 0x17a0020
:4:command.cpp              :339 : 535358783146 us: 112607: [tid:0x7f30768c7080] command is enqueued: 0x197a580
:4:command.cpp              :170 : 535358783149 us: 112607: [tid:0x7f30768c7080] Command 0x17c6700 complete
:4:command.cpp              :168 : 535358783151 us: 112607: [tid:0x7f30768c7080] Command 0x197a580 complete (Wall: 535358783150, CPU: 0, GPU: 0 us)
:4:command.cpp              :245 : 535358783153 us: 112607: [tid:0x7f30768c7080] waiting for event 0x17c6700 to complete, current status 0
:4:command.cpp              :259 : 535358783154 us: 112607: [tid:0x7f30768c7080] event 0x17c6700 wait completed
:3:hip_memory.cpp           :556 : 535358783156 us: 112607: [tid:0x7f30768c7080] hipMemcpy: Returned hipSuccess : : duration: 404 us
:3:hip_memory.cpp           :555 : 535358783160 us: 112607: [tid:0x7f30768c7080] [32mhipMemcpy ( 0x16c86d0, 0x7f306af01000, 256, hipMemcpyDeviceToHost )[0m
:4:command.cpp              :339 : 535358783164 us: 112607: [tid:0x7f30768c7080] command is enqueued: 0x17c6700
:4:rocblit.cpp              :753 : 535358783166 us: 112607: [tid:0x7f30768c7080] HSA Async Copy completion_signal=0x7f30768d6280
:4:rocvirtual.cpp           :524 : 535358783169 us: 112607: [tid:0x7f30768c7080] Host wait on completion_signal=0x7f30768d6280
:3:rocvirtual.hpp           :62  : 535358783170 us: 112607: [tid:0x7f30768c7080] Host active wait for Signal = (0x7f30768d6280) for -1 ns
:4:command.cpp              :280 : 535358783174 us: 112607: [tid:0x7f30768c7080] queue marker to command queue: 0x17a0020
:4:command.cpp              :339 : 535358783176 us: 112607: [tid:0x7f30768c7080] command is enqueued: 0x197a580
:4:command.cpp              :170 : 535358783178 us: 112607: [tid:0x7f30768c7080] Command 0x17c6700 complete
:4:command.cpp              :168 : 535358783179 us: 112607: [tid:0x7f30768c7080] Command 0x197a580 complete (Wall: 535358783179, CPU: 0, GPU: 0 us)
:4:command.cpp              :245 : 535358783181 us: 112607: [tid:0x7f30768c7080] waiting for event 0x17c6700 to complete, current status 0
:4:command.cpp              :259 : 535358783183 us: 112607: [tid:0x7f30768c7080] event 0x17c6700 wait completed
:3:hip_memory.cpp           :556 : 535358783184 us: 112607: [tid:0x7f30768c7080] hipMemcpy: Returned hipSuccess : : duration: 24 us
:3:hip_memory.cpp           :555 : 535358783188 us: 112607: [tid:0x7f30768c7080] [32mhipMemcpy ( 0x16c87e0, 0x7f306af02000, 256, hipMemcpyDeviceToHost )[0m
:4:command.cpp              :339 : 535358783190 us: 112607: [tid:0x7f30768c7080] command is enqueued: 0x17c6700
:4:rocblit.cpp              :753 : 535358783192 us: 112607: [tid:0x7f30768c7080] HSA Async Copy completion_signal=0x7f30768d6200
:4:rocvirtual.cpp           :524 : 535358783195 us: 112607: [tid:0x7f30768c7080] Host wait on completion_signal=0x7f30768d6200
:3:rocvirtual.hpp           :62  : 535358783196 us: 112607: [tid:0x7f30768c7080] Host active wait for Signal = (0x7f30768d6200) for -1 ns
:4:command.cpp              :280 : 535358783200 us: 112607: [tid:0x7f30768c7080] queue marker to command queue: 0x17a0020
:4:command.cpp              :339 : 535358783202 us: 112607: [tid:0x7f30768c7080] command is enqueued: 0x197a580
:4:command.cpp              :170 : 535358783203 us: 112607: [tid:0x7f30768c7080] Command 0x17c6700 complete
:4:command.cpp              :168 : 535358783205 us: 112607: [tid:0x7f30768c7080] Command 0x197a580 complete (Wall: 535358783205, CPU: 0, GPU: 0 us)
:4:command.cpp              :245 : 535358783207 us: 112607: [tid:0x7f30768c7080] waiting for event 0x17c6700 to complete, current status 0
:4:command.cpp              :259 : 535358783209 us: 112607: [tid:0x7f30768c7080] event 0x17c6700 wait completed
:3:hip_memory.cpp           :556 : 535358783210 us: 112607: [tid:0x7f30768c7080] hipMemcpy: Returned hipSuccess : : duration: 22 us
:3:hip_memory.cpp           :536 : 535358783219 us: 112607: [tid:0x7f30768c7080] [32mhipFree ( 0x7f306af00000 )[0m
:3:rocdevice.cpp            :2636: 535358783224 us: 112607: [tid:0x7f30768c7080] No HW event
:4:commandqueue.cpp         :128 : 535358783226 us: 112607: [tid:0x7f30768c7080] HW Event not ready, awaiting completion instead
:4:commandqueue.cpp         :140 : 535358783229 us: 112607: [tid:0x7f30768c7080] All commands finished
:4:rocdevice.cpp            :2070: 535358783240 us: 112607: [tid:0x7f30768c7080] Free hsa memory 0x7f306af00000
:3:rocdevice.cpp            :2093: 535358783242 us: 112607: [tid:0x7f30768c7080] device=0x1771bc0, freeMem_ = 0xfefffe00
:3:hip_memory.cpp           :538 : 535358783246 us: 112607: [tid:0x7f30768c7080] hipFree: Returned hipSuccess : 
:3:hip_memory.cpp           :536 : 535358783248 us: 112607: [tid:0x7f30768c7080] [32mhipFree ( 0x7f306af01000 )[0m
:4:rocdevice.cpp            :2070: 535358783251 us: 112607: [tid:0x7f30768c7080] Free hsa memory 0x7f306af01000
:3:rocdevice.cpp            :2093: 535358783253 us: 112607: [tid:0x7f30768c7080] device=0x1771bc0, freeMem_ = 0xfeffff00
:3:hip_memory.cpp           :538 : 535358783255 us: 112607: [tid:0x7f30768c7080] hipFree: Returned hipSuccess : 
:3:hip_memory.cpp           :536 : 535358783257 us: 112607: [tid:0x7f30768c7080] [32mhipFree ( 0x7f306af02000 )[0m
:4:rocdevice.cpp            :2070: 535358783266 us: 112607: [tid:0x7f30768c7080] Free hsa memory 0x7f306af02000
:3:rocdevice.cpp            :2093: 535358783268 us: 112607: [tid:0x7f30768c7080] device=0x1771bc0, freeMem_ = 0xff000000
:3:hip_memory.cpp           :538 : 535358783270 us: 112607: [tid:0x7f30768c7080] hipFree: Returned hipSuccess : 
Before add: a/b: 0, 0.
Before add: a/b: 8, 16.
Before add: a/b: 16, 32.
Before add: a/b: 24, 48.
Before add: a/b: 32, 64.
Before add: a/b: 40, 80.
Before add: a/b: 48, 96.
Before add: a/b: 56, 112.
After add: 0: 0 + 0 = 999
After add: 8: 8 + 16 = 999
After add: 16: 16 + 32 = 999
After add: 24: 24 + 48 = 999
After add: 32: 32 + 64 = 999
After add: 40: 40 + 80 = 999
After add: 48: 48 + 96 = 999
After add: 56: 56 + 112 = 999
