:3:rocdevice.cpp            :426 : 651795240304 us: 190807: [tid:0x7ff5279ce080] Initializing HSA stack.
:3:comgrctx.cpp             :33  : 651795327727 us: 190807: [tid:0x7ff5279ce080] Loading COMGR library.
:3:rocdevice.cpp            :207 : 651795327764 us: 190807: [tid:0x7ff5279ce080] Numa selects cpu agent[0]=0x5577c896f2a0(fine=0x5577c8986440,coarse=0x5577c8a60400) for gpu agent=0x5577c8a99290
:3:rocdevice.cpp            :1627: 651795328197 us: 190807: [tid:0x7ff5279ce080] HMM support: 1, xnack: 0, direct host access: 0

:4:rocdevice.cpp            :1935: 651795328696 us: 190807: [tid:0x7ff5279ce080] Allocate hsa host memory 0x7ff41ac00000, size 0x101000
:4:rocdevice.cpp            :1935: 651795329231 us: 190807: [tid:0x7ff5279ce080] Allocate hsa host memory 0x7ff41aa00000, size 0x101000
:3:rocdevice.cpp            :207 : 651795329302 us: 190807: [tid:0x7ff5279ce080] Numa selects cpu agent[0]=0x5577c896f2a0(fine=0x5577c8986440,coarse=0x5577c8a60400) for gpu agent=0x5577c8af0900
:3:rocdevice.cpp            :1627: 651795329436 us: 190807: [tid:0x7ff5279ce080] HMM support: 1, xnack: 0, direct host access: 0

:4:rocdevice.cpp            :1935: 651795329812 us: 190807: [tid:0x7ff5279ce080] Allocate hsa host memory 0x7ff41a800000, size 0x101000
:4:rocdevice.cpp            :1935: 651795330198 us: 190807: [tid:0x7ff5279ce080] Allocate hsa host memory 0x7ff41a600000, size 0x101000
:3:rocdevice.cpp            :207 : 651795330254 us: 190807: [tid:0x7ff5279ce080] Numa selects cpu agent[0]=0x5577c896f2a0(fine=0x5577c8986440,coarse=0x5577c8a60400) for gpu agent=0x5577c8af4d60
:3:rocdevice.cpp            :1627: 651795330376 us: 190807: [tid:0x7ff5279ce080] HMM support: 1, xnack: 0, direct host access: 0

:4:rocdevice.cpp            :1935: 651795330723 us: 190807: [tid:0x7ff5279ce080] Allocate hsa host memory 0x7ff41a400000, size 0x101000
:4:rocdevice.cpp            :1935: 651795331109 us: 190807: [tid:0x7ff5279ce080] Allocate hsa host memory 0x7ff41a200000, size 0x101000
:3:rocdevice.cpp            :207 : 651795331166 us: 190807: [tid:0x7ff5279ce080] Numa selects cpu agent[0]=0x5577c896f2a0(fine=0x5577c8986440,coarse=0x5577c8a60400) for gpu agent=0x5577c8af91c0
:3:rocdevice.cpp            :1627: 651795331298 us: 190807: [tid:0x7ff5279ce080] HMM support: 1, xnack: 0, direct host access: 0

:4:rocdevice.cpp            :1935: 651795331328 us: 190807: [tid:0x7ff5279ce080] Allocate hsa host memory 0x7ff527838000, size 0xa0
:4:rocdevice.cpp            :1935: 651795331641 us: 190807: [tid:0x7ff5279ce080] Allocate hsa host memory 0x7ff41a000000, size 0x101000
:4:rocdevice.cpp            :1935: 651795331941 us: 190807: [tid:0x7ff5279ce080] Allocate hsa host memory 0x7ff419e00000, size 0x101000
:4:runtime.cpp              :83  : 651795331979 us: 190807: [tid:0x7ff5279ce080] init
:3:hip_context.cpp          :50  : 651795331982 us: 190807: [tid:0x7ff5279ce080] Direct Dispatch: 1
:4:rocdevice.cpp            :2046: 651795332056 us: 190807: [tid:0x7ff5279ce080] Allocate hsa device memory 0x7ff419a00000, size 0x100
:3:rocdevice.cpp            :2085: 651795332060 us: 190807: [tid:0x7ff5279ce080] device=0x5577c8b00430, freeMem_ = 0xfeffff00
:3:hip_memory.cpp           :510 : 651795332066 us: 190807: [tid:0x7ff5279ce080] hipMalloc: Returned hipSuccess : 0x7ff419a00000
:3:hip_memory.cpp           :579 : 651795332081 us: 190807: [tid:0x7ff5279ce080] [32mhipMemcpy ( 0x7ff419a00000, 0x5577c899c550, 256, hipMemcpyHostToDevice )[0m
:3:rocdevice.cpp            :2694: 651795332090 us: 190807: [tid:0x7ff5279ce080] number of allocated hardware queues with low priority: 0, with normal priority: 0, with high priority: 0, maximum per priority is: 4
:3:rocdevice.cpp            :2765: 651795347541 us: 190807: [tid:0x7ff5279ce080] created hardware queue 0x7ff527828000 with size 4096 with priority 1, cooperative: 0
:4:rocdevice.cpp            :1935: 651795347860 us: 190807: [tid:0x7ff5279ce080] Allocate hsa host memory 0x7ff419800000, size 0x100000
:3:devprogram.cpp           :2675: 651795555797 us: 190807: [tid:0x7ff5279ce080] Using Code Object V4.
:3:devprogram.cpp           :2978: 651795557065 us: 190807: [tid:0x7ff5279ce080] For Init/Fini: Kernel Name: __amd_rocclr_fillImage
:3:devprogram.cpp           :2978: 651795557073 us: 190807: [tid:0x7ff5279ce080] For Init/Fini: Kernel Name: __amd_rocclr_fillBufferAligned2D
:3:devprogram.cpp           :2978: 651795557075 us: 190807: [tid:0x7ff5279ce080] For Init/Fini: Kernel Name: __amd_rocclr_fillBufferAligned
:3:devprogram.cpp           :2978: 651795557076 us: 190807: [tid:0x7ff5279ce080] For Init/Fini: Kernel Name: __amd_rocclr_copyImage1DA
:3:devprogram.cpp           :2978: 651795557078 us: 190807: [tid:0x7ff5279ce080] For Init/Fini: Kernel Name: __amd_rocclr_copyBufferAligned
:3:devprogram.cpp           :2978: 651795557079 us: 190807: [tid:0x7ff5279ce080] For Init/Fini: Kernel Name: __amd_rocclr_streamOpsWait
:3:devprogram.cpp           :2978: 651795557081 us: 190807: [tid:0x7ff5279ce080] For Init/Fini: Kernel Name: __amd_rocclr_copyBuffer
:3:devprogram.cpp           :2978: 651795557082 us: 190807: [tid:0x7ff5279ce080] For Init/Fini: Kernel Name: __amd_rocclr_streamOpsWrite
:3:devprogram.cpp           :2978: 651795557084 us: 190807: [tid:0x7ff5279ce080] For Init/Fini: Kernel Name: __amd_rocclr_copyBufferRectAligned
:3:devprogram.cpp           :2978: 651795557085 us: 190807: [tid:0x7ff5279ce080] For Init/Fini: Kernel Name: __amd_rocclr_gwsInit
:3:devprogram.cpp           :2978: 651795557087 us: 190807: [tid:0x7ff5279ce080] For Init/Fini: Kernel Name: __amd_rocclr_copyBufferRect
:3:devprogram.cpp           :2978: 651795557089 us: 190807: [tid:0x7ff5279ce080] For Init/Fini: Kernel Name: __amd_rocclr_copyImageToBuffer
:3:devprogram.cpp           :2978: 651795557090 us: 190807: [tid:0x7ff5279ce080] For Init/Fini: Kernel Name: __amd_rocclr_copyBufferToImage
:3:devprogram.cpp           :2978: 651795557092 us: 190807: [tid:0x7ff5279ce080] For Init/Fini: Kernel Name: __amd_rocclr_copyImage
:3:hip_memory.cpp           :419 : 651795557169 us: 190807: [tid:0x7ff5279ce080] GG: ihipMemcpy entered... dst/src/kind/isAsyc: 19a00000/c899c550/1/0
:3:hip_memory.cpp           :328 : 651795557177 us: 190807: [tid:0x7ff5279ce080] GG: ihipMemcpyCommand entered.
:4:command.cpp              :348 : 651795557181 us: 190807: [tid:0x7ff5279ce080] Command (CopyHostToDevice) enqueued: 0x5577c90123b0
:4:rocvirtual.cpp           :1004: 651795557270 us: 190807: [tid:0x7ff5279ce080] HWq=0x7ff527828000, BarrierAND Header = 0x1503 (type=3, barrier=1, acquire=2, release=2), dep_signal=[0x0, 0x0, 0x0, 0x0, 0x0], completion_signal=0x7ff52784b680
:4:rocvirtual.cpp           :545 : 651795557274 us: 190807: [tid:0x7ff5279ce080] Host wait on completion_signal=0x7ff52784b680
:3:rocvirtual.hpp           :62  : 651795557276 us: 190807: [tid:0x7ff5279ce080] Host active wait for Signal = (0x7ff52784b680) for -1 ns
:4:command.cpp              :288 : 651795557284 us: 190807: [tid:0x7ff5279ce080] Queue marker to command queue: 0x5577c8b219d0
:4:command.cpp              :348 : 651795557286 us: 190807: [tid:0x7ff5279ce080] Command (InternalMarker) enqueued: 0x5577c91814c0
:4:command.cpp              :178 : 651795557289 us: 190807: [tid:0x7ff5279ce080] Command 0x5577c90123b0 complete
:4:command.cpp              :176 : 651795557292 us: 190807: [tid:0x7ff5279ce080] Command 0x5577c91814c0 complete (Wall: 651795557290, CPU: 0, GPU: 0 us)
:4:command.cpp              :253 : 651795557294 us: 190807: [tid:0x7ff5279ce080] Waiting for event 0x5577c90123b0 to complete, current status 0
:4:command.cpp              :267 : 651795557295 us: 190807: [tid:0x7ff5279ce080] Event 0x5577c90123b0 wait completed
:3:hip_memory.cpp           :580 : 651795557299 us: 190807: [tid:0x7ff5279ce080] hipMemcpy: Returned hipSuccess : : duration: 225218 us
:3:hip_memory.cpp           :579 : 651795557307 us: 190807: [tid:0x7ff5279ce080] [32mhipMemcpy ( 0x5577c899c550, 0x7ff419a00000, 256, hipMemcpyDeviceToHost )[0m
:3:hip_memory.cpp           :419 : 651795557310 us: 190807: [tid:0x7ff5279ce080] GG: ihipMemcpy entered... dst/src/kind/isAsyc: c899c550/19a00000/2/0
:3:hip_memory.cpp           :328 : 651795557312 us: 190807: [tid:0x7ff5279ce080] GG: ihipMemcpyCommand entered.
:4:command.cpp              :348 : 651795557314 us: 190807: [tid:0x7ff5279ce080] Command (CopyDeviceToHost) enqueued: 0x5577c90123b0
:4:rocblit.cpp              :753 : 651795557320 us: 190807: [tid:0x7ff5279ce080] HSA Async Copy completion_signal=0x7ff52784b600
:4:rocvirtual.cpp           :545 : 651795557736 us: 190807: [tid:0x7ff5279ce080] Host wait on completion_signal=0x7ff52784b600
:3:rocvirtual.hpp           :62  : 651795557741 us: 190807: [tid:0x7ff5279ce080] Host active wait for Signal = (0x7ff52784b600) for -1 ns
:4:command.cpp              :288 : 651795557758 us: 190807: [tid:0x7ff5279ce080] Queue marker to command queue: 0x5577c8b219d0
:4:command.cpp              :348 : 651795557759 us: 190807: [tid:0x7ff5279ce080] Command (InternalMarker) enqueued: 0x5577c91814c0
:4:command.cpp              :178 : 651795557761 us: 190807: [tid:0x7ff5279ce080] Command 0x5577c90123b0 complete
:4:command.cpp              :176 : 651795557764 us: 190807: [tid:0x7ff5279ce080] Command 0x5577c91814c0 complete (Wall: 651795557763, CPU: 0, GPU: 0 us)
:4:command.cpp              :253 : 651795557765 us: 190807: [tid:0x7ff5279ce080] Waiting for event 0x5577c90123b0 to complete, current status 0
:4:command.cpp              :267 : 651795557767 us: 190807: [tid:0x7ff5279ce080] Event 0x5577c90123b0 wait completed
:3:hip_memory.cpp           :580 : 651795557769 us: 190807: [tid:0x7ff5279ce080] hipMemcpy: Returned hipSuccess : : duration: 462 us
:3:hip_memory.cpp           :560 : 651795557775 us: 190807: [tid:0x7ff5279ce080] [32mhipFree ( 0x7ff419a00000 )[0m
:3:rocdevice.cpp            :2619: 651795557782 us: 190807: [tid:0x7ff5279ce080] No HW event
:4:commandqueue.cpp         :132 : 651795557784 us: 190807: [tid:0x7ff5279ce080] HW Event not ready, awaiting completion instead
:4:commandqueue.cpp         :145 : 651795557786 us: 190807: [tid:0x7ff5279ce080] All commands finished
:4:rocdevice.cpp            :2062: 651795557796 us: 190807: [tid:0x7ff5279ce080] Free hsa memory 0x7ff419a00000
:3:rocdevice.cpp            :2085: 651795557799 us: 190807: [tid:0x7ff5279ce080] device=0x5577c8b00430, freeMem_ = 0xff000000
:3:hip_memory.cpp           :562 : 651795557802 us: 190807: [tid:0x7ff5279ce080] hipFree: Returned hipSuccess : 
