:3:rocdevice.cpp            :416 : 952466684358 us: 129755: [tid:0x7fbb6a164080] Initializing HSA stack.
GG: GetEnvVar(HSA_ENABLED_SDMA): 
GG: enable_sdma_: 2
GG: GetEnvVar(HSA_ENABLED_SDMA): 
GG: enable_sdma_: 2
GG: GpuAgent.constructor, entered...
 GG: !HSA_LARGE_MODEL enabled and defined(__linux__)
  GG: max_queues_ : 128
GG: GpuAgent.constructor, entered...
 GG: !HSA_LARGE_MODEL enabled and defined(__linux__)
  GG: max_queues_ : 128
GG: GpuAgent.constructor, entered...
 GG: !HSA_LARGE_MODEL enabled and defined(__linux__)
  GG: max_queues_ : 128
GG: GpuAgent.constructor, entered...
 GG: !HSA_LARGE_MODEL enabled and defined(__linux__)
  GG: max_queues_ : 128
GG: hsa_amd_signal_create() entered...
  GG: initial_value: 0, num_consumers: 0, consumers* 0, attributes: 0, hsa_signal_t: 0x21c74a0
GG: GpuAgent::InitDma: entered...
  GG: calling queue_lambda...
  GG:InitDma(): queues_[QueueBlitOnly].reset(queue_lambda);
GG:lazy_ptr reset(std::function<T*()> Constructor = nullptr) (replacing function with new func) 0x7ffd6cc06040
  GG:InitDma(): queues_[QueueUtility].reset(queue_lambda);
GG:lazy_ptr reset(std::function<T*()> Constructor = nullptr) (replacing function with new func) 0x7ffd6cc06060
  GG: determine/instantiat No. of blit objs to engage...
  GG: Init blit objs used for D2D/H2D/D2H/P2P ops...
GG:lazy_ptr reset(std::function<T*()> Constructor = nullptr) (replacing function with new func) 0x7ffd6cc06080
  GG: calling blit_lambda...
GG:lazy_ptr reset(std::function<T*()> Constructor = nullptr) (replacing function with new func) 0x7ffd6cc060a0
GG:lazy_ptr reset(std::function<T*()> Constructor = nullptr) (replacing function with new func) 0x7ffd6cc060c0
GG:lazy_ptr reset(std::function<T*()> Constructor = nullptr) (replacing function with new func) 0x7ffd6cc060e0
GG:lazy_ptr reset(std::function<T*()> Constructor = nullptr) (replacing function with new func) 0x7ffd6cc060e0
GG:lazy_ptr reset(std::function<T*()> Constructor = nullptr) (replacing function with new func) 0x7ffd6cc060e0
GG:lazy_ptr reset(std::function<T*()> Constructor = nullptr) (replacing function with new func) 0x7ffd6cc060e0
GG:lazy_ptr reset(std::function<T*()> Constructor = nullptr) (replacing function with new func) 0x7ffd6cc060e0
GG:lazy_ptr reset(std::function<T*()> Constructor = nullptr) (replacing function with new func) 0x7ffd6cc060e0
  GG: InitGWS...
GG:lazy_ptr reset(std::function<T*()> Constructor = nullptr) (replacing function with new func) 0x7ffd6cc05fd0
GG: GpuAgent::InitDma: entered...
  GG: calling queue_lambda...
  GG:InitDma(): queues_[QueueBlitOnly].reset(queue_lambda);
GG:lazy_ptr reset(std::function<T*()> Constructor = nullptr) (replacing function with new func) 0x7ffd6cc06040
  GG:InitDma(): queues_[QueueUtility].reset(queue_lambda);
GG:lazy_ptr reset(std::function<T*()> Constructor = nullptr) (replacing function with new func) 0x7ffd6cc06060
  GG: determine/instantiat No. of blit objs to engage...
  GG: Init blit objs used for D2D/H2D/D2H/P2P ops...
GG:lazy_ptr reset(std::function<T*()> Constructor = nullptr) (replacing function with new func) 0x7ffd6cc06080
  GG: calling blit_lambda...
GG:lazy_ptr reset(std::function<T*()> Constructor = nullptr) (replacing function with new func) 0x7ffd6cc060a0
GG:lazy_ptr reset(std::function<T*()> Constructor = nullptr) (replacing function with new func) 0x7ffd6cc060c0
GG:lazy_ptr reset(std::function<T*()> Constructor = nullptr) (replacing function with new func) 0x7ffd6cc060e0
GG:lazy_ptr reset(std::function<T*()> Constructor = nullptr) (replacing function with new func) 0x7ffd6cc060e0
GG:lazy_ptr reset(std::function<T*()> Constructor = nullptr) (replacing function with new func) 0x7ffd6cc060e0
GG:lazy_ptr reset(std::function<T*()> Constructor = nullptr) (replacing function with new func) 0x7ffd6cc060e0
GG:lazy_ptr reset(std::function<T*()> Constructor = nullptr) (replacing function with new func) 0x7ffd6cc060e0
GG:lazy_ptr reset(std::function<T*()> Constructor = nullptr) (replacing function with new func) 0x7ffd6cc060e0
  GG: InitGWS...
GG:lazy_ptr reset(std::function<T*()> Constructor = nullptr) (replacing function with new func) 0x7ffd6cc05fd0
GG: GpuAgent::InitDma: entered...
  GG: calling queue_lambda...
  GG:InitDma(): queues_[QueueBlitOnly].reset(queue_lambda);
GG:lazy_ptr reset(std::function<T*()> Constructor = nullptr) (replacing function with new func) 0x7ffd6cc06040
  GG:InitDma(): queues_[QueueUtility].reset(queue_lambda);
GG:lazy_ptr reset(std::function<T*()> Constructor = nullptr) (replacing function with new func) 0x7ffd6cc06060
  GG: determine/instantiat No. of blit objs to engage...
  GG: Init blit objs used for D2D/H2D/D2H/P2P ops...
GG:lazy_ptr reset(std::function<T*()> Constructor = nullptr) (replacing function with new func) 0x7ffd6cc06080
  GG: calling blit_lambda...
GG:lazy_ptr reset(std::function<T*()> Constructor = nullptr) (replacing function with new func) 0x7ffd6cc060a0
GG:lazy_ptr reset(std::function<T*()> Constructor = nullptr) (replacing function with new func) 0x7ffd6cc060c0
GG:lazy_ptr reset(std::function<T*()> Constructor = nullptr) (replacing function with new func) 0x7ffd6cc060e0
GG:lazy_ptr reset(std::function<T*()> Constructor = nullptr) (replacing function with new func) 0x7ffd6cc060e0
GG:lazy_ptr reset(std::function<T*()> Constructor = nullptr) (replacing function with new func) 0x7ffd6cc060e0
GG:lazy_ptr reset(std::function<T*()> Constructor = nullptr) (replacing function with new func) 0x7ffd6cc060e0
GG:lazy_ptr reset(std::function<T*()> Constructor = nullptr) (replacing function with new func) 0x7ffd6cc060e0
GG:lazy_ptr reset(std::function<T*()> Constructor = nullptr) (replacing function with new func) 0x7ffd6cc060e0
  GG: InitGWS...
GG:lazy_ptr reset(std::function<T*()> Constructor = nullptr) (replacing function with new func) 0x7ffd6cc05fd0
GG: GpuAgent::InitDma: entered...
  GG: calling queue_lambda...
  GG:InitDma(): queues_[QueueBlitOnly].reset(queue_lambda);
GG:lazy_ptr reset(std::function<T*()> Constructor = nullptr) (replacing function with new func) 0x7ffd6cc06040
  GG:InitDma(): queues_[QueueUtility].reset(queue_lambda);
GG:lazy_ptr reset(std::function<T*()> Constructor = nullptr) (replacing function with new func) 0x7ffd6cc06060
  GG: determine/instantiat No. of blit objs to engage...
  GG: Init blit objs used for D2D/H2D/D2H/P2P ops...
GG:lazy_ptr reset(std::function<T*()> Constructor = nullptr) (replacing function with new func) 0x7ffd6cc06080
  GG: calling blit_lambda...
GG:lazy_ptr reset(std::function<T*()> Constructor = nullptr) (replacing function with new func) 0x7ffd6cc060a0
GG:lazy_ptr reset(std::function<T*()> Constructor = nullptr) (replacing function with new func) 0x7ffd6cc060c0
GG:lazy_ptr reset(std::function<T*()> Constructor = nullptr) (replacing function with new func) 0x7ffd6cc060e0
GG:lazy_ptr reset(std::function<T*()> Constructor = nullptr) (replacing function with new func) 0x7ffd6cc060e0
GG:lazy_ptr reset(std::function<T*()> Constructor = nullptr) (replacing function with new func) 0x7ffd6cc060e0
GG:lazy_ptr reset(std::function<T*()> Constructor = nullptr) (replacing function with new func) 0x7ffd6cc060e0
GG:lazy_ptr reset(std::function<T*()> Constructor = nullptr) (replacing function with new func) 0x7ffd6cc060e0
GG:lazy_ptr reset(std::function<T*()> Constructor = nullptr) (replacing function with new func) 0x7ffd6cc060e0
  GG: InitGWS...
GG:lazy_ptr reset(std::function<T*()> Constructor = nullptr) (replacing function with new func) 0x7ffd6cc05fd0
:3:comgrctx.cpp             :33  : 952466768821 us: 129755: [tid:0x7fbb6a164080] Loading COMGR library.
:3:rocdevice.cpp            :207 : 952466768911 us: 129755: [tid:0x7fbb6a164080] Numa selects cpu agent[0]=0x20da2a0(fine=0x20f1440,coarse=0x21cad30) for gpu agent=0x21ce640
:3:rocdevice.cpp            :1611: 952466769300 us: 129755: [tid:0x7fbb6a164080] HMM support: 1, xnack: 0, direct host access: 0

:4:rocdevice.cpp            :1918: 952466769695 us: 129755: [tid:0x7fbb6a164080] Allocate hsa host memory 0x7fba5ec00000, size 0x101000
:4:rocdevice.cpp            :1918: 952466770127 us: 129755: [tid:0x7fbb6a164080] Allocate hsa host memory 0x7fba5ea00000, size 0x101000
GG: hsa_amd_signal_create() entered...
  GG: initial_value: 1, num_consumers: 0, consumers* 0, attributes: 0, hsa_signal_t: 0x226dd80
:4:rocdevice.cpp            :2054: 952466770233 us: 129755: [tid:0x7fbb6a164080] Allocate hsa device memory 0x7fba5e600000, size 0x100000
:3:rocdevice.cpp            :207 : 952466770263 us: 129755: [tid:0x7fbb6a164080] Numa selects cpu agent[0]=0x20da2a0(fine=0x20f1440,coarse=0x21cad30) for gpu agent=0x225dfe0
:3:rocdevice.cpp            :1611: 952466770383 us: 129755: [tid:0x7fbb6a164080] HMM support: 1, xnack: 0, direct host access: 0

:4:rocdevice.cpp            :1918: 952466770733 us: 129755: [tid:0x7fbb6a164080] Allocate hsa host memory 0x7fba5e400000, size 0x101000
:4:rocdevice.cpp            :1918: 952466771122 us: 129755: [tid:0x7fbb6a164080] Allocate hsa host memory 0x7fba5e200000, size 0x101000
GG: hsa_amd_signal_create() entered...
  GG: initial_value: 1, num_consumers: 0, consumers* 0, attributes: 0, hsa_signal_t: 0x2270900
:4:rocdevice.cpp            :2054: 952466771212 us: 129755: [tid:0x7fbb6a164080] Allocate hsa device memory 0x7fba5de00000, size 0x100000
:3:rocdevice.cpp            :207 : 952466771242 us: 129755: [tid:0x7fbb6a164080] Numa selects cpu agent[0]=0x20da2a0(fine=0x20f1440,coarse=0x21cad30) for gpu agent=0x2262390
:3:rocdevice.cpp            :1611: 952466771364 us: 129755: [tid:0x7fbb6a164080] HMM support: 1, xnack: 0, direct host access: 0

:4:rocdevice.cpp            :1918: 952466771719 us: 129755: [tid:0x7fbb6a164080] Allocate hsa host memory 0x7fba5dc00000, size 0x101000
:4:rocdevice.cpp            :1918: 952466772103 us: 129755: [tid:0x7fbb6a164080] Allocate hsa host memory 0x7fba5da00000, size 0x101000
GG: hsa_amd_signal_create() entered...
  GG: initial_value: 1, num_consumers: 0, consumers* 0, attributes: 0, hsa_signal_t: 0x2273270
:4:rocdevice.cpp            :2054: 952466772198 us: 129755: [tid:0x7fbb6a164080] Allocate hsa device memory 0x7fba5d600000, size 0x100000
:3:rocdevice.cpp            :207 : 952466772233 us: 129755: [tid:0x7fbb6a164080] Numa selects cpu agent[0]=0x20da2a0(fine=0x20f1440,coarse=0x21cad30) for gpu agent=0x2266770
:3:rocdevice.cpp            :1611: 952466772349 us: 129755: [tid:0x7fbb6a164080] HMM support: 1, xnack: 0, direct host access: 0

:4:rocdevice.cpp            :1918: 952466772385 us: 129755: [tid:0x7fbb6a164080] Allocate hsa host memory 0x7fbb69fc4000, size 0xa0
:4:rocdevice.cpp            :1918: 952466772749 us: 129755: [tid:0x7fbb6a164080] Allocate hsa host memory 0x7fba5d400000, size 0x101000
:4:rocdevice.cpp            :1918: 952466773144 us: 129755: [tid:0x7fbb6a164080] Allocate hsa host memory 0x7fba5d200000, size 0x101000
GG: hsa_amd_signal_create() entered...
  GG: initial_value: 1, num_consumers: 0, consumers* 0, attributes: 0, hsa_signal_t: 0x2275ba0
:4:rocdevice.cpp            :2054: 952466773232 us: 129755: [tid:0x7fbb6a164080] Allocate hsa device memory 0x7fba5ce00000, size 0x100000
:4:runtime.cpp              :83  : 952466773241 us: 129755: [tid:0x7fbb6a164080] init
:3:hip_context.cpp          :50  : 952466773244 us: 129755: [tid:0x7fbb6a164080] Direct Dispatch: 1
:4:rocdevice.cpp            :2054: 952466773464 us: 129755: [tid:0x7fbb6a164080] Allocate hsa device memory 0x7fb6d7800000, size 0x80000000
:3:rocdevice.cpp            :2093: 952466773469 us: 129755: [tid:0x7fbb6a164080] device=0x226d710, freeMem_ = 0x7f000000
:3:hip_memory.cpp           :496 : 952466773477 us: 129755: [tid:0x7fbb6a164080] hipMalloc: Returned hipSuccess : 0x7fb6d7800000
:3:hip_memory.cpp           :537 : 952466773489 us: 129755: [tid:0x7fbb6a164080] [32mhipFree ( 0x7fb6d7800000 )[0m
GG: VirtualGPU::VirtualGPU (constructor) entered...
GG: VirtualGPU::VirtualGPU: device: 0x226d710
GG: VirtualGPU::Create() entered...
:3:rocdevice.cpp            :2686: 952466773506 us: 129755: [tid:0x7fbb6a164080] number of allocated hardware queues with low priority: 0, with normal priority: 0, with high priority: 0, maximum per priority is: 4
GG: hsa_queue_create entered...
  GG: agent handle: ?? ,size: 1000, type: 0, source: ?? 
GG: GpuAgent::QueueCreate entered...
  GG:QueueCreate(): size: 1000, type: 0
GG: queue_lambda entered: 
GG: GpuAgent::CreateInterceptibleQueue entered...
GG: GpuAgent::QueueCreate entered...
  GG:QueueCreate(): size: 40, type: 0
:3:rocdevice.cpp            :2757: 952466796602 us: 129755: [tid:0x7fbb6a164080] created hardware queue 0x7fbb69fb4000 with size 4096 with priority 1, cooperative: 0
:4:rocdevice.cpp            :1918: 952466796818 us: 129755: [tid:0x7fbb6a164080] Allocate hsa host memory 0x7fba5e900000, size 0x80000
GG: hsa_amd_signal_create() entered...
  GG: initial_value: 0, num_consumers: 1, consumers* 0x7ffd6cc062d8, attributes: 0, hsa_signal_t: 0x227a950
GG: hsa_amd_signal_create() entered...
  GG: initial_value: 0, num_consumers: 1, consumers* 0x7ffd6cc062d8, attributes: 0, hsa_signal_t: 0x227a958
GG: hsa_amd_signal_create() entered...
  GG: initial_value: 0, num_consumers: 1, consumers* 0x7ffd6cc062d8, attributes: 0, hsa_signal_t: 0x227a960
GG: hsa_amd_signal_create() entered...
  GG: initial_value: 0, num_consumers: 1, consumers* 0x7ffd6cc062d8, attributes: 0, hsa_signal_t: 0x227a968
GG: hsa_amd_signal_create() entered...
  GG: initial_value: 0, num_consumers: 1, consumers* 0x7ffd6cc062d8, attributes: 0, hsa_signal_t: 0x227a970
GG: hsa_amd_signal_create() entered...
  GG: initial_value: 0, num_consumers: 1, consumers* 0x7ffd6cc062d8, attributes: 0, hsa_signal_t: 0x227a978
GG: hsa_amd_signal_create() entered...
  GG: initial_value: 0, num_consumers: 1, consumers* 0x7ffd6cc062d8, attributes: 0, hsa_signal_t: 0x227a980
GG: hsa_amd_signal_create() entered...
  GG: initial_value: 0, num_consumers: 1, consumers* 0x7ffd6cc062d8, attributes: 0, hsa_signal_t: 0x227a988
:3:devprogram.cpp           :2675: 952466937387 us: 129755: [tid:0x7fbb6a164080] Using Code Object V4.
GG: GpuAgent::DmaCopy(dst, src, size)..entered.
GG: GpuAgent::CreateBlitKernel() entered...
GG: hsa_amd_signal_create() entered...
  GG: initial_value: 1, num_consumers: 0, consumers* 0, attributes: 0, hsa_signal_t: 0x2329d38
GG: BlitKernel::SubmitLinearCopyCommand(dst, src, size): entered.
GG: BlitKernel::SubmitLinearCopyCommand(dst, src, size, dep_signals, out_signal): entered.
  GG: dst, src: 0x7fbb5ee10000, 0x7fbb5ee08000size: 5070
  GG: num_barrier_packet: 0
  GG: total_num_packet: 1
  GG: num_workitems(aligned): 7800, num_cus_:78 kernel_code: 0x2280658
  GG: src_start/dst_start/phase1_size: 7fbb5ee08000/7fbb5ee10000/0
  GG: phase2_block/phase2_size: 78000/0
  GG: phase3_size: 5070
GG: BlitKernel::PopulateQueue: entered (2)
  GG: index, code_handle, args, grid_size_x, completion_signal: 0, 7fbb69f78000, 0x7fbb69f7a000, 7800, ??? 
  GG:(pkt) ---------------------.
  GG:(pkt) dumpAqlPacket (dispatch) entered.
  GG:(pkt) HSA_PACKET_HEADER_TYPE:                             HSA_PACKET_TYPE_KERNEL_DISPATCH
  GG:(pkt) HSA_PACKET_HEADER_BARRIER (1-bit):                  0
  GG:(pkt) HSA_PACKET_HEADER_(SC)ACQUIRE_FENCE_SCOPE (2-bit):  400
  GG:(pkt) HSA_PACKET_HEADER_(SC)ACQUIRE_FENCE_SCOPE (2-bit):  1400
  GG:(pkt) workgroup size (x,y,z):                                   40, 1, 1
  GG:(pkt) grid size (x,y,z):                                        7800, 1, 1
  GG:(pkt) kernel_object:                                            7fbb69f78000
  GG:(pkt) kernelarg_address:                                        0x7fbb69f7a000
  GG:(pkt) completion signal:                                        7fbb69fde580
:3:devprogram.cpp           :2978: 952466938564 us: 129755: [tid:0x7fbb6a164080] For Init/Fini: Kernel Name: __amd_rocclr_copyBufferAligned
:3:devprogram.cpp           :2978: 952466938569 us: 129755: [tid:0x7fbb6a164080] For Init/Fini: Kernel Name: __amd_rocclr_streamOpsWait
:3:devprogram.cpp           :2978: 952466938571 us: 129755: [tid:0x7fbb6a164080] For Init/Fini: Kernel Name: __amd_rocclr_copyBuffer
:3:devprogram.cpp           :2978: 952466938572 us: 129755: [tid:0x7fbb6a164080] For Init/Fini: Kernel Name: __amd_rocclr_streamOpsWrite
:3:devprogram.cpp           :2978: 952466938574 us: 129755: [tid:0x7fbb6a164080] For Init/Fini: Kernel Name: __amd_rocclr_copyBufferRectAligned
:3:devprogram.cpp           :2978: 952466938575 us: 129755: [tid:0x7fbb6a164080] For Init/Fini: Kernel Name: __amd_rocclr_gwsInit
:3:devprogram.cpp           :2978: 952466938577 us: 129755: [tid:0x7fbb6a164080] For Init/Fini: Kernel Name: __amd_rocclr_copyBufferRect
:3:devprogram.cpp           :2978: 952466938578 us: 129755: [tid:0x7fbb6a164080] For Init/Fini: Kernel Name: __amd_rocclr_fillBufferAligned
:3:devprogram.cpp           :2978: 952466938580 us: 129755: [tid:0x7fbb6a164080] For Init/Fini: Kernel Name: __amd_rocclr_fillBufferAligned2D
:4:rocmemory.cpp            :941 : 952466938638 us: 129755: [tid:0x7fbb6a164080] Locking to pool 0x21cad30, size 0x1000, HostPtr = 0x228b000, DevPtr = 0x7fbb5ee06000
GG: VirtualGPU::HwQueueTracker::Create() entered...
GG: hsa_amd_signal_create() entered...
  GG: initial_value: 0, num_consumers: 0, consumers* 0, attributes: 0, hsa_signal_t: 0x26b48f0
GG: hsa_amd_signal_create() entered...
  GG: initial_value: 0, num_consumers: 0, consumers* 0, attributes: 0, hsa_signal_t: 0x2737540
GG: hsa_amd_signal_create() entered...
  GG: initial_value: 0, num_consumers: 0, consumers* 0, attributes: 0, hsa_signal_t: 0x275c400
GG: hsa_amd_signal_create() entered...
  GG: initial_value: 0, num_consumers: 0, consumers* 0, attributes: 0, hsa_signal_t: 0x242bc20
GG: hsa_amd_signal_create() entered...
  GG: initial_value: 0, num_consumers: 0, consumers* 0, attributes: 0, hsa_signal_t: 0x2419e90
GG: hsa_amd_signal_create() entered...
  GG: initial_value: 0, num_consumers: 0, consumers* 0, attributes: 0, hsa_signal_t: 0x27ab570
GG: hsa_amd_signal_create() entered...
  GG: initial_value: 0, num_consumers: 0, consumers* 0, attributes: 0, hsa_signal_t: 0x26be630
GG: hsa_amd_signal_create() entered...
  GG: initial_value: 0, num_consumers: 0, consumers* 0, attributes: 0, hsa_signal_t: 0x237b580
GG: hsa_amd_signal_create() entered...
  GG: initial_value: 0, num_consumers: 0, consumers* 0, attributes: 0, hsa_signal_t: 0x26afe30
GG: hsa_amd_signal_create() entered...
  GG: initial_value: 0, num_consumers: 0, consumers* 0, attributes: 0, hsa_signal_t: 0x26c0ae0
GG: hsa_amd_signal_create() entered...
  GG: initial_value: 0, num_consumers: 0, consumers* 0, attributes: 0, hsa_signal_t: 0x26c0c10
GG: hsa_amd_signal_create() entered...
  GG: initial_value: 0, num_consumers: 0, consumers* 0, attributes: 0, hsa_signal_t: 0x22fcf00
GG: hsa_amd_signal_create() entered...
  GG: initial_value: 0, num_consumers: 0, consumers* 0, attributes: 0, hsa_signal_t: 0x20f49c0
GG: hsa_amd_signal_create() entered...
  GG: initial_value: 0, num_consumers: 0, consumers* 0, attributes: 0, hsa_signal_t: 0x22fd030
GG: hsa_amd_signal_create() entered...
  GG: initial_value: 0, num_consumers: 0, consumers* 0, attributes: 0, hsa_signal_t: 0x232fde0
GG: hsa_amd_signal_create() entered...
  GG: initial_value: 0, num_consumers: 0, consumers* 0, attributes: 0, hsa_signal_t: 0x232ff10
GG: hsa_amd_signal_create() entered...
  GG: initial_value: 0, num_consumers: 0, consumers* 0, attributes: 0, hsa_signal_t: 0x2330040
GG: hsa_amd_signal_create() entered...
  GG: initial_value: 0, num_consumers: 0, consumers* 0, attributes: 0, hsa_signal_t: 0x22892c0
GG: hsa_amd_signal_create() entered...
  GG: initial_value: 0, num_consumers: 0, consumers* 0, attributes: 0, hsa_signal_t: 0x22893f0
GG: hsa_amd_signal_create() entered...
  GG: initial_value: 0, num_consumers: 0, consumers* 0, attributes: 0, hsa_signal_t: 0x2289520
GG: hsa_amd_signal_create() entered...
  GG: initial_value: 0, num_consumers: 0, consumers* 0, attributes: 0, hsa_signal_t: 0x2d81280
GG: hsa_amd_signal_create() entered...
  GG: initial_value: 0, num_consumers: 0, consumers* 0, attributes: 0, hsa_signal_t: 0x2d813b0
GG: hsa_amd_signal_create() entered...
  GG: initial_value: 0, num_consumers: 0, consumers* 0, attributes: 0, hsa_signal_t: 0x2d814e0
GG: hsa_amd_signal_create() entered...
  GG: initial_value: 0, num_consumers: 0, consumers* 0, attributes: 0, hsa_signal_t: 0x2290790
GG: hsa_amd_signal_create() entered...
  GG: initial_value: 0, num_consumers: 0, consumers* 0, attributes: 0, hsa_signal_t: 0x22908c0
GG: hsa_amd_signal_create() entered...
  GG: initial_value: 0, num_consumers: 0, consumers* 0, attributes: 0, hsa_signal_t: 0x22909f0
GG: hsa_amd_signal_create() entered...
  GG: initial_value: 0, num_consumers: 0, consumers* 0, attributes: 0, hsa_signal_t: 0x26aa440
GG: hsa_amd_signal_create() entered...
  GG: initial_value: 0, num_consumers: 0, consumers* 0, attributes: 0, hsa_signal_t: 0x26aa570
GG: hsa_amd_signal_create() entered...
  GG: initial_value: 0, num_consumers: 0, consumers* 0, attributes: 0, hsa_signal_t: 0x26aa6a0
GG: hsa_amd_signal_create() entered...
  GG: initial_value: 0, num_consumers: 0, consumers* 0, attributes: 0, hsa_signal_t: 0x2288ce0
GG: hsa_amd_signal_create() entered...
  GG: initial_value: 0, num_consumers: 0, consumers* 0, attributes: 0, hsa_signal_t: 0x2288e10
GG: hsa_amd_signal_create() entered...
  GG: initial_value: 0, num_consumers: 0, consumers* 0, attributes: 0, hsa_signal_t: 0x2288f40
:4:rocdevice.cpp            :2070: 952466938903 us: 129755: [tid:0x7fbb6a164080] Free hsa memory 0x7fb6d7800000
:3:rocdevice.cpp            :2093: 952466938908 us: 129755: [tid:0x7fbb6a164080] device=0x226d710, freeMem_ = 0xff000000
:3:hip_memory.cpp           :539 : 952466938912 us: 129755: [tid:0x7fbb6a164080] hipFree: Returned hipSuccess : 
