env_timer: :3:rocdevice.cpp            :416 : 120610546960 us: 9585 : [tid:0x7f731ef6d080] Initializing HSA stack.
:3:comgrctx.cpp             :33  : 120610631827 us: 9585 : [tid:0x7f731ef6d080] Loading COMGR library.
:3:rocdevice.cpp            :207 : 120610631881 us: 9585 : [tid:0x7f731ef6d080] Numa selects cpu agent[0]=0x22102a0(fine=0x2227440,coarse=0x2301160) for gpu agent=0x2304a70
:3:rocdevice.cpp            :1611: 120610632117 us: 9585 : [tid:0x7f731ef6d080] HMM support: 1, xnack: 0, direct host access: 0

:4:rocdevice.cpp            :1918: 120610632489 us: 9585 : [tid:0x7f731ef6d080] Allocate hsa host memory 0x7f7213a00000, size 0x101000
:4:rocdevice.cpp            :1918: 120610632883 us: 9585 : [tid:0x7f731ef6d080] Allocate hsa host memory 0x7f7213800000, size 0x101000
:4:rocdevice.cpp            :2054: 120610633002 us: 9585 : [tid:0x7f731ef6d080] Allocate hsa device memory 0x7f7213400000, size 0x100000
:3:rocdevice.cpp            :207 : 120610633034 us: 9585 : [tid:0x7f731ef6d080] Numa selects cpu agent[0]=0x22102a0(fine=0x2227440,coarse=0x2301160) for gpu agent=0x2394410
:3:rocdevice.cpp            :1611: 120610633168 us: 9585 : [tid:0x7f731ef6d080] HMM support: 1, xnack: 0, direct host access: 0

:4:rocdevice.cpp            :1918: 120610633475 us: 9585 : [tid:0x7f731ef6d080] Allocate hsa host memory 0x7f7213200000, size 0x101000
:4:rocdevice.cpp            :1918: 120610633850 us: 9585 : [tid:0x7f731ef6d080] Allocate hsa host memory 0x7f7213000000, size 0x101000
:4:rocdevice.cpp            :2054: 120610633957 us: 9585 : [tid:0x7f731ef6d080] Allocate hsa device memory 0x7f7212c00000, size 0x100000
:3:rocdevice.cpp            :207 : 120610633986 us: 9585 : [tid:0x7f731ef6d080] Numa selects cpu agent[0]=0x22102a0(fine=0x2227440,coarse=0x2301160) for gpu agent=0x23987c0
:3:rocdevice.cpp            :1611: 120610634103 us: 9585 : [tid:0x7f731ef6d080] HMM support: 1, xnack: 0, direct host access: 0

:4:rocdevice.cpp            :1918: 120610634434 us: 9585 : [tid:0x7f731ef6d080] Allocate hsa host memory 0x7f7212a00000, size 0x101000
:4:rocdevice.cpp            :1918: 120610634797 us: 9585 : [tid:0x7f731ef6d080] Allocate hsa host memory 0x7f7212800000, size 0x101000
:4:rocdevice.cpp            :2054: 120610634906 us: 9585 : [tid:0x7f731ef6d080] Allocate hsa device memory 0x7f7212400000, size 0x100000
:3:rocdevice.cpp            :207 : 120610634935 us: 9585 : [tid:0x7f731ef6d080] Numa selects cpu agent[0]=0x22102a0(fine=0x2227440,coarse=0x2301160) for gpu agent=0x239cba0
:3:rocdevice.cpp            :1611: 120610635049 us: 9585 : [tid:0x7f731ef6d080] HMM support: 1, xnack: 0, direct host access: 0

:4:rocdevice.cpp            :1918: 120610635081 us: 9585 : [tid:0x7f731ef6d080] Allocate hsa host memory 0x7f731edcc000, size 0xa0
:4:rocdevice.cpp            :1918: 120610635407 us: 9585 : [tid:0x7f731ef6d080] Allocate hsa host memory 0x7f7212200000, size 0x101000
:4:rocdevice.cpp            :1918: 120610635774 us: 9585 : [tid:0x7f731ef6d080] Allocate hsa host memory 0x7f7212000000, size 0x101000
:4:rocdevice.cpp            :2054: 120610635863 us: 9585 : [tid:0x7f731ef6d080] Allocate hsa device memory 0x7f7211c00000, size 0x100000
:4:runtime.cpp              :83  : 120610635870 us: 9585 : [tid:0x7f731ef6d080] init
:3:hip_context.cpp          :50  : 120610635872 us: 9585 : [tid:0x7f731ef6d080] Direct Dispatch: 1
:4:rocdevice.cpp            :2054: 120610636105 us: 9585 : [tid:0x7f731ef6d080] Allocate hsa device memory 0x7f6e8b800000, size 0x80000000
:3:rocdevice.cpp            :2093: 120610636109 us: 9585 : [tid:0x7f731ef6d080] device=0x23a3b40, freeMem_ = 0x7f000000
:3:hip_memory.cpp           :496 : 120610636116 us: 9585 : [tid:0x7f731ef6d080] hipMalloc: Returned hipSuccess : 0x7f6e8b800000
:3:hip_memory.cpp           :537 : 120610636121 us: 9585 : [tid:0x7f731ef6d080] [32mhipFree ( 0x7f6e8b800000 )[0m
:3:rocdevice.cpp            :2686: 120610636131 us: 9585 : [tid:0x7f731ef6d080] number of allocated hardware queues with low priority: 0, with normal priority: 0, with high priority: 0, maximum per priority is: 4
:3:rocdevice.cpp            :2757: 120610660148 us: 9585 : [tid:0x7f731ef6d080] created hardware queue 0x7f731edbc000 with size 4096 with priority 1, cooperative: 0
:4:rocdevice.cpp            :1918: 120610660337 us: 9585 : [tid:0x7f731ef6d080] Allocate hsa host memory 0x7f7213700000, size 0x80000
:3:devprogram.cpp           :2675: 120610802049 us: 9585 : [tid:0x7f731ef6d080] Using Code Object V4.
:3:devprogram.cpp           :2978: 120610803188 us: 9585 : [tid:0x7f731ef6d080] For Init/Fini: Kernel Name: __amd_rocclr_copyBufferAligned
:3:devprogram.cpp           :2978: 120610803195 us: 9585 : [tid:0x7f731ef6d080] For Init/Fini: Kernel Name: __amd_rocclr_streamOpsWait
:3:devprogram.cpp           :2978: 120610803197 us: 9585 : [tid:0x7f731ef6d080] For Init/Fini: Kernel Name: __amd_rocclr_copyBuffer
:3:devprogram.cpp           :2978: 120610803198 us: 9585 : [tid:0x7f731ef6d080] For Init/Fini: Kernel Name: __amd_rocclr_streamOpsWrite
:3:devprogram.cpp           :2978: 120610803200 us: 9585 : [tid:0x7f731ef6d080] For Init/Fini: Kernel Name: __amd_rocclr_copyBufferRectAligned
:3:devprogram.cpp           :2978: 120610803202 us: 9585 : [tid:0x7f731ef6d080] For Init/Fini: Kernel Name: __amd_rocclr_gwsInit
:3:devprogram.cpp           :2978: 120610803203 us: 9585 : [tid:0x7f731ef6d080] For Init/Fini: Kernel Name: __amd_rocclr_copyBufferRect
:3:devprogram.cpp           :2978: 120610803205 us: 9585 : [tid:0x7f731ef6d080] For Init/Fini: Kernel Name: __amd_rocclr_fillBufferAligned
:3:devprogram.cpp           :2978: 120610803206 us: 9585 : [tid:0x7f731ef6d080] For Init/Fini: Kernel Name: __amd_rocclr_fillBufferAligned2D
:4:rocmemory.cpp            :941 : 120610803264 us: 9585 : [tid:0x7f731ef6d080] Locking to pool 0x2301160, size 0x1000, HostPtr = 0x2447000, DevPtr = 0x7f7313c12000
:4:rocdevice.cpp            :2070: 120610803472 us: 9585 : [tid:0x7f731ef6d080] Free hsa memory 0x7f6e8b800000
:3:rocdevice.cpp            :2093: 120610803477 us: 9585 : [tid:0x7f731ef6d080] device=0x23a3b40, freeMem_ = 0xff000000
:3:hip_memory.cpp           :539 : 120610803482 us: 9585 : [tid:0x7f731ef6d080] hipFree: Returned hipSuccess : 
