:3:rocdevice.cpp            :416 : 182146093669 us: 14618: [tid:0x7f226ca06080] Initializing HSA stack.
GG: GetEnvVar(HSA_ENABLED_SDMA): 
GG: enable_sdma_: 2
GG: GetEnvVar(HSA_ENABLED_SDMA): 
GG: enable_sdma_: 2
GG: GpuAgent.constructor, entered...
 GG: !HSA_LARGE_MODEL enabled and defined(__linux__)
  GG: max_queues_ : 128
GG: GpuAgent.constructor, entered...
 GG: !HSA_LARGE_MODEL enabled and defined(__linux__)
  GG: max_queues_ : 128
GG: GpuAgent.constructor, entered...
 GG: !HSA_LARGE_MODEL enabled and defined(__linux__)
  GG: max_queues_ : 128
GG: GpuAgent.constructor, entered...
 GG: !HSA_LARGE_MODEL enabled and defined(__linux__)
  GG: max_queues_ : 128
GG: InitDma: entered...
  GG: calling queue_lambda...
  GG: determine/instantiat No. of blit objs to engage...
  GG: Init blit objs used for D2D/H2D/D2H/P2P ops...
  GG: calling blit_lambda...
  GG: InitGWS...
GG: InitDma: entered...
  GG: calling queue_lambda...
  GG: determine/instantiat No. of blit objs to engage...
  GG: Init blit objs used for D2D/H2D/D2H/P2P ops...
  GG: calling blit_lambda...
  GG: InitGWS...
GG: InitDma: entered...
  GG: calling queue_lambda...
  GG: determine/instantiat No. of blit objs to engage...
  GG: Init blit objs used for D2D/H2D/D2H/P2P ops...
  GG: calling blit_lambda...
  GG: InitGWS...
GG: InitDma: entered...
  GG: calling queue_lambda...
  GG: determine/instantiat No. of blit objs to engage...
  GG: Init blit objs used for D2D/H2D/D2H/P2P ops...
  GG: calling blit_lambda...
  GG: InitGWS...
:3:comgrctx.cpp             :33  : 182146181072 us: 14618: [tid:0x7f226ca06080] Loading COMGR library.
:3:rocdevice.cpp            :207 : 182146181128 us: 14618: [tid:0x7f226ca06080] Numa selects cpu agent[0]=0x16662a0(fine=0x167d440,coarse=0x1756fe0) for gpu agent=0x175a8f0
:3:rocdevice.cpp            :1611: 182146181394 us: 14618: [tid:0x7f226ca06080] HMM support: 1, xnack: 0, direct host access: 0

:4:rocdevice.cpp            :1918: 182146181659 us: 14618: [tid:0x7f226ca06080] Allocate hsa host memory 0x7f2161400000, size 0x101000
:4:rocdevice.cpp            :1918: 182146181982 us: 14618: [tid:0x7f226ca06080] Allocate hsa host memory 0x7f2161200000, size 0x101000
:4:rocdevice.cpp            :2054: 182146182053 us: 14618: [tid:0x7f226ca06080] Allocate hsa device memory 0x7f2160e00000, size 0x100000
:3:rocdevice.cpp            :207 : 182146182083 us: 14618: [tid:0x7f226ca06080] Numa selects cpu agent[0]=0x16662a0(fine=0x167d440,coarse=0x1756fe0) for gpu agent=0x17ea290
:3:rocdevice.cpp            :1611: 182146182206 us: 14618: [tid:0x7f226ca06080] HMM support: 1, xnack: 0, direct host access: 0

:4:rocdevice.cpp            :1918: 182146182513 us: 14618: [tid:0x7f226ca06080] Allocate hsa host memory 0x7f2160c00000, size 0x101000
:4:rocdevice.cpp            :1918: 182146182861 us: 14618: [tid:0x7f226ca06080] Allocate hsa host memory 0x7f2160a00000, size 0x101000
:4:rocdevice.cpp            :2054: 182146182926 us: 14618: [tid:0x7f226ca06080] Allocate hsa device memory 0x7f2160600000, size 0x100000
:3:rocdevice.cpp            :207 : 182146182952 us: 14618: [tid:0x7f226ca06080] Numa selects cpu agent[0]=0x16662a0(fine=0x167d440,coarse=0x1756fe0) for gpu agent=0x17ee640
:3:rocdevice.cpp            :1611: 182146183065 us: 14618: [tid:0x7f226ca06080] HMM support: 1, xnack: 0, direct host access: 0

:4:rocdevice.cpp            :1918: 182146183386 us: 14618: [tid:0x7f226ca06080] Allocate hsa host memory 0x7f2160400000, size 0x101000
:4:rocdevice.cpp            :1918: 182146183717 us: 14618: [tid:0x7f226ca06080] Allocate hsa host memory 0x7f2160200000, size 0x101000
:4:rocdevice.cpp            :2054: 182146183794 us: 14618: [tid:0x7f226ca06080] Allocate hsa device memory 0x7f1e5b600000, size 0x100000
:3:rocdevice.cpp            :207 : 182146183823 us: 14618: [tid:0x7f226ca06080] Numa selects cpu agent[0]=0x16662a0(fine=0x167d440,coarse=0x1756fe0) for gpu agent=0x17f2a20
:3:rocdevice.cpp            :1611: 182146183937 us: 14618: [tid:0x7f226ca06080] HMM support: 1, xnack: 0, direct host access: 0

:4:rocdevice.cpp            :1918: 182146183969 us: 14618: [tid:0x7f226ca06080] Allocate hsa host memory 0x7f226c866000, size 0xa0
:4:rocdevice.cpp            :1918: 182146184294 us: 14618: [tid:0x7f226ca06080] Allocate hsa host memory 0x7f1e5b400000, size 0x101000
:4:rocdevice.cpp            :1918: 182146184666 us: 14618: [tid:0x7f226ca06080] Allocate hsa host memory 0x7f1e5b200000, size 0x101000
:4:rocdevice.cpp            :2054: 182146184731 us: 14618: [tid:0x7f226ca06080] Allocate hsa device memory 0x7f1e5ae00000, size 0x100000
:4:runtime.cpp              :83  : 182146184738 us: 14618: [tid:0x7f226ca06080] init
:3:hip_context.cpp          :50  : 182146184741 us: 14618: [tid:0x7f226ca06080] Direct Dispatch: 1
:4:rocdevice.cpp            :2054: 182146184968 us: 14618: [tid:0x7f226ca06080] Allocate hsa device memory 0x7f1ddac00000, size 0x80000000
:3:rocdevice.cpp            :2093: 182146184974 us: 14618: [tid:0x7f226ca06080] device=0x17f99c0, freeMem_ = 0x7f000000
:3:hip_memory.cpp           :496 : 182146184982 us: 14618: [tid:0x7f226ca06080] hipMalloc: Returned hipSuccess : 0x7f1ddac00000
It took me 3e-08 seconds.
:3:hip_memory.cpp           :537 : 182146185011 us: 14618: [tid:0x7f226ca06080] [32mhipFree ( 0x7f1ddac00000 )[0m
:3:rocdevice.cpp            :2686: 182146185028 us: 14618: [tid:0x7f226ca06080] number of allocated hardware queues with low priority: 0, with normal priority: 0, with high priority: 0, maximum per priority is: 4
GG: queue_lambda entered: 
GG: CpuAgent::CreateInterceptibleQueue entered...
:3:rocdevice.cpp            :2757: 182146200953 us: 14618: [tid:0x7f226ca06080] created hardware queue 0x7f226c856000 with size 4096 with priority 1, cooperative: 0
:4:rocdevice.cpp            :1918: 182146201107 us: 14618: [tid:0x7f226ca06080] Allocate hsa host memory 0x7f2161100000, size 0x80000
:3:devprogram.cpp           :2675: 182146348112 us: 14618: [tid:0x7f226ca06080] Using Code Object V4.
GG: DmaCopy(dst, src, size)..entered.
GG: GpuAgent::CreateBlitKernel() entered...
GG: BlitKernel::SubmitLinearCopyCommand(dst, src, size): entered.
GG: BlitKernel::SubmitLinearCopyCommand(dst, src, size, dep_signals, out_signal): entered.
  GG: total_num_packet: 1
GG: BlitKernel::PopulateQueue: entered.
:3:devprogram.cpp           :2978: 182146349232 us: 14618: [tid:0x7f226ca06080] For Init/Fini: Kernel Name: __amd_rocclr_copyBufferAligned
:3:devprogram.cpp           :2978: 182146349238 us: 14618: [tid:0x7f226ca06080] For Init/Fini: Kernel Name: __amd_rocclr_streamOpsWait
:3:devprogram.cpp           :2978: 182146349241 us: 14618: [tid:0x7f226ca06080] For Init/Fini: Kernel Name: __amd_rocclr_copyBuffer
:3:devprogram.cpp           :2978: 182146349243 us: 14618: [tid:0x7f226ca06080] For Init/Fini: Kernel Name: __amd_rocclr_streamOpsWrite
:3:devprogram.cpp           :2978: 182146349245 us: 14618: [tid:0x7f226ca06080] For Init/Fini: Kernel Name: __amd_rocclr_copyBufferRectAligned
:3:devprogram.cpp           :2978: 182146349246 us: 14618: [tid:0x7f226ca06080] For Init/Fini: Kernel Name: __amd_rocclr_gwsInit
:3:devprogram.cpp           :2978: 182146349248 us: 14618: [tid:0x7f226ca06080] For Init/Fini: Kernel Name: __amd_rocclr_copyBufferRect
:3:devprogram.cpp           :2978: 182146349250 us: 14618: [tid:0x7f226ca06080] For Init/Fini: Kernel Name: __amd_rocclr_fillBufferAligned
:3:devprogram.cpp           :2978: 182146349252 us: 14618: [tid:0x7f226ca06080] For Init/Fini: Kernel Name: __amd_rocclr_fillBufferAligned2D
:4:rocmemory.cpp            :941 : 182146349315 us: 14618: [tid:0x7f226ca06080] Locking to pool 0x1756fe0, size 0x1000, HostPtr = 0x188b000, DevPtr = 0x7f226166c000
:4:rocdevice.cpp            :2070: 182146349535 us: 14618: [tid:0x7f226ca06080] Free hsa memory 0x7f1ddac00000
:3:rocdevice.cpp            :2093: 182146349541 us: 14618: [tid:0x7f226ca06080] device=0x17f99c0, freeMem_ = 0xff000000
:3:hip_memory.cpp           :539 : 182146349547 us: 14618: [tid:0x7f226ca06080] hipFree: Returned hipSuccess : 
