:3:rocdevice.cpp            :416 : 182142890672 us: 14442: [tid:0x7f2c7c67f080] Initializing HSA stack.
GG: GetEnvVar(HSA_ENABLED_SDMA): 
GG: enable_sdma_: 2
GG: GetEnvVar(HSA_ENABLED_SDMA): 
GG: enable_sdma_: 2
GG: GpuAgent.constructor, entered...
 GG: !HSA_LARGE_MODEL enabled and defined(__linux__)
  GG: max_queues_ : 128
GG: GpuAgent.constructor, entered...
 GG: !HSA_LARGE_MODEL enabled and defined(__linux__)
  GG: max_queues_ : 128
GG: GpuAgent.constructor, entered...
 GG: !HSA_LARGE_MODEL enabled and defined(__linux__)
  GG: max_queues_ : 128
GG: GpuAgent.constructor, entered...
 GG: !HSA_LARGE_MODEL enabled and defined(__linux__)
  GG: max_queues_ : 128
GG: InitDma: entered...
  GG: calling queue_lambda...
  GG: determine/instantiat No. of blit objs to engage...
  GG: Init blit objs used for D2D/H2D/D2H/P2P ops...
  GG: calling blit_lambda...
  GG: InitGWS...
GG: InitDma: entered...
  GG: calling queue_lambda...
  GG: determine/instantiat No. of blit objs to engage...
  GG: Init blit objs used for D2D/H2D/D2H/P2P ops...
  GG: calling blit_lambda...
  GG: InitGWS...
GG: InitDma: entered...
  GG: calling queue_lambda...
  GG: determine/instantiat No. of blit objs to engage...
  GG: Init blit objs used for D2D/H2D/D2H/P2P ops...
  GG: calling blit_lambda...
  GG: InitGWS...
GG: InitDma: entered...
  GG: calling queue_lambda...
  GG: determine/instantiat No. of blit objs to engage...
  GG: Init blit objs used for D2D/H2D/D2H/P2P ops...
  GG: calling blit_lambda...
  GG: InitGWS...
:3:comgrctx.cpp             :33  : 182142975550 us: 14442: [tid:0x7f2c7c67f080] Loading COMGR library.
:3:rocdevice.cpp            :207 : 182142975612 us: 14442: [tid:0x7f2c7c67f080] Numa selects cpu agent[0]=0x1a522a0(fine=0x1a69440,coarse=0x1b42fa0) for gpu agent=0x1b46970
:3:rocdevice.cpp            :1611: 182142975907 us: 14442: [tid:0x7f2c7c67f080] HMM support: 1, xnack: 0, direct host access: 0

:4:rocdevice.cpp            :1918: 182142976211 us: 14442: [tid:0x7f2c7c67f080] Allocate hsa host memory 0x7f2b71000000, size 0x101000
:4:rocdevice.cpp            :1918: 182142976605 us: 14442: [tid:0x7f2c7c67f080] Allocate hsa host memory 0x7f2b70e00000, size 0x101000
:4:rocdevice.cpp            :2054: 182142976731 us: 14442: [tid:0x7f2c7c67f080] Allocate hsa device memory 0x7f2b70a00000, size 0x100000
:3:rocdevice.cpp            :207 : 182142976767 us: 14442: [tid:0x7f2c7c67f080] Numa selects cpu agent[0]=0x1a522a0(fine=0x1a69440,coarse=0x1b42fa0) for gpu agent=0x1bd6330
:3:rocdevice.cpp            :1611: 182142976898 us: 14442: [tid:0x7f2c7c67f080] HMM support: 1, xnack: 0, direct host access: 0

:4:rocdevice.cpp            :1918: 182142977186 us: 14442: [tid:0x7f2c7c67f080] Allocate hsa host memory 0x7f2b70800000, size 0x101000
:4:rocdevice.cpp            :1918: 182142977734 us: 14442: [tid:0x7f2c7c67f080] Allocate hsa host memory 0x7f2b70600000, size 0x101000
:4:rocdevice.cpp            :2054: 182142977860 us: 14442: [tid:0x7f2c7c67f080] Allocate hsa device memory 0x7f2b70200000, size 0x100000
:3:rocdevice.cpp            :207 : 182142977891 us: 14442: [tid:0x7f2c7c67f080] Numa selects cpu agent[0]=0x1a522a0(fine=0x1a69440,coarse=0x1b42fa0) for gpu agent=0x1bda6c0
:3:rocdevice.cpp            :1611: 182142978027 us: 14442: [tid:0x7f2c7c67f080] HMM support: 1, xnack: 0, direct host access: 0

:4:rocdevice.cpp            :1918: 182142978323 us: 14442: [tid:0x7f2c7c67f080] Allocate hsa host memory 0x7f286b800000, size 0x101000
:4:rocdevice.cpp            :1918: 182142978708 us: 14442: [tid:0x7f2c7c67f080] Allocate hsa host memory 0x7f286b600000, size 0x101000
:4:rocdevice.cpp            :2054: 182142978833 us: 14442: [tid:0x7f2c7c67f080] Allocate hsa device memory 0x7f286b200000, size 0x100000
:3:rocdevice.cpp            :207 : 182142978868 us: 14442: [tid:0x7f2c7c67f080] Numa selects cpu agent[0]=0x1a522a0(fine=0x1a69440,coarse=0x1b42fa0) for gpu agent=0x1bdea80
:3:rocdevice.cpp            :1611: 182142979000 us: 14442: [tid:0x7f2c7c67f080] HMM support: 1, xnack: 0, direct host access: 0

:4:rocdevice.cpp            :1918: 182142979040 us: 14442: [tid:0x7f2c7c67f080] Allocate hsa host memory 0x7f2c7c4de000, size 0xa0
:4:rocdevice.cpp            :1918: 182142979349 us: 14442: [tid:0x7f2c7c67f080] Allocate hsa host memory 0x7f286b000000, size 0x101000
:4:rocdevice.cpp            :1918: 182142979707 us: 14442: [tid:0x7f2c7c67f080] Allocate hsa host memory 0x7f286ae00000, size 0x101000
:4:rocdevice.cpp            :2054: 182142979832 us: 14442: [tid:0x7f2c7c67f080] Allocate hsa device memory 0x7f286aa00000, size 0x100000
:4:runtime.cpp              :83  : 182142979841 us: 14442: [tid:0x7f2c7c67f080] init
:3:hip_context.cpp          :50  : 182142979844 us: 14442: [tid:0x7f2c7c67f080] Direct Dispatch: 1
:4:rocdevice.cpp            :2054: 182142980098 us: 14442: [tid:0x7f2c7c67f080] Allocate hsa device memory 0x7f27ea800000, size 0x80000000
:3:rocdevice.cpp            :2093: 182142980105 us: 14442: [tid:0x7f2c7c67f080] device=0x1be5a20, freeMem_ = 0x7f000000
:3:hip_memory.cpp           :496 : 182142980113 us: 14442: [tid:0x7f2c7c67f080] hipMalloc: Returned hipSuccess : 0x7f27ea800000
It took me 4e-08 seconds.
:3:hip_memory.cpp           :537 : 182142980149 us: 14442: [tid:0x7f2c7c67f080] [32mhipFree ( 0x7f27ea800000 )[0m
:3:rocdevice.cpp            :2686: 182142980165 us: 14442: [tid:0x7f2c7c67f080] number of allocated hardware queues with low priority: 0, with normal priority: 0, with high priority: 0, maximum per priority is: 4
GG: queue_lambda entered: 
GG: CpuAgent::CreateInterceptibleQueue entered...
:3:rocdevice.cpp            :2757: 182142997190 us: 14442: [tid:0x7f2c7c67f080] created hardware queue 0x7f2c7c4ce000 with size 4096 with priority 1, cooperative: 0
:4:rocdevice.cpp            :1918: 182142997369 us: 14442: [tid:0x7f2c7c67f080] Allocate hsa host memory 0x7f2b70d00000, size 0x80000
:3:devprogram.cpp           :2675: 182143145197 us: 14442: [tid:0x7f2c7c67f080] Using Code Object V4.
GG: DmaCopy(dst, src, size)..entered.
GG: GpuAgent::CreateBlitKernel() entered...
GG: BlitKernel::SubmitLinearCopyCommand(dst, src, size): entered.
GG: BlitKernel::SubmitLinearCopyCommand(dst, src, size, dep_signals, out_signal): entered.
  GG: total_num_packet: 1
GG: BlitKernel::PopulateQueue: entered.
:3:devprogram.cpp           :2978: 182143146315 us: 14442: [tid:0x7f2c7c67f080] For Init/Fini: Kernel Name: __amd_rocclr_copyBufferAligned
:3:devprogram.cpp           :2978: 182143146321 us: 14442: [tid:0x7f2c7c67f080] For Init/Fini: Kernel Name: __amd_rocclr_streamOpsWait
:3:devprogram.cpp           :2978: 182143146323 us: 14442: [tid:0x7f2c7c67f080] For Init/Fini: Kernel Name: __amd_rocclr_copyBuffer
:3:devprogram.cpp           :2978: 182143146324 us: 14442: [tid:0x7f2c7c67f080] For Init/Fini: Kernel Name: __amd_rocclr_streamOpsWrite
:3:devprogram.cpp           :2978: 182143146326 us: 14442: [tid:0x7f2c7c67f080] For Init/Fini: Kernel Name: __amd_rocclr_copyBufferRectAligned
:3:devprogram.cpp           :2978: 182143146327 us: 14442: [tid:0x7f2c7c67f080] For Init/Fini: Kernel Name: __amd_rocclr_gwsInit
:3:devprogram.cpp           :2978: 182143146329 us: 14442: [tid:0x7f2c7c67f080] For Init/Fini: Kernel Name: __amd_rocclr_copyBufferRect
:3:devprogram.cpp           :2978: 182143146330 us: 14442: [tid:0x7f2c7c67f080] For Init/Fini: Kernel Name: __amd_rocclr_fillBufferAligned
:3:devprogram.cpp           :2978: 182143146332 us: 14442: [tid:0x7f2c7c67f080] For Init/Fini: Kernel Name: __amd_rocclr_fillBufferAligned2D
:4:rocmemory.cpp            :941 : 182143146391 us: 14442: [tid:0x7f2c7c67f080] Locking to pool 0x1b42fa0, size 0x1000, HostPtr = 0x22fd000, DevPtr = 0x7f2c71324000
:4:rocdevice.cpp            :2070: 182143146604 us: 14442: [tid:0x7f2c7c67f080] Free hsa memory 0x7f27ea800000
:3:rocdevice.cpp            :2093: 182143146610 us: 14442: [tid:0x7f2c7c67f080] device=0x1be5a20, freeMem_ = 0xff000000
:3:hip_memory.cpp           :539 : 182143146616 us: 14442: [tid:0x7f2c7c67f080] hipFree: Returned hipSuccess : 
